[1.569s] Invoking command in '/home/plague/ros2_ws/build/examples_rclpy_minimal_client': PYTHONPATH=/home/plague/ros2_ws/build/examples_rclpy_minimal_client/prefix_override:/home/plague/ros2_ws/install/examples_rclpy_minimal_client/lib/python3.10/site-packages:${PYTHONPATH} /usr/bin/python3 -W ignore:setup.py install is deprecated setup.py develop --editable --build-directory /home/plague/ros2_ws/build/examples_rclpy_minimal_client/build --no-deps symlink_data
[2.532s] running develop
[2.532s] running egg_info
[2.533s] creating examples_rclpy_minimal_client.egg-info
[2.533s] writing examples_rclpy_minimal_client.egg-info/PKG-INFO
[2.533s] writing dependency_links to examples_rclpy_minimal_client.egg-info/dependency_links.txt
[2.533s] writing entry points to examples_rclpy_minimal_client.egg-info/entry_points.txt
[2.533s] writing requirements to examples_rclpy_minimal_client.egg-info/requires.txt
[2.533s] writing top-level names to examples_rclpy_minimal_client.egg-info/top_level.txt
[2.533s] writing manifest file 'examples_rclpy_minimal_client.egg-info/SOURCES.txt'
[2.533s] reading manifest file 'examples_rclpy_minimal_client.egg-info/SOURCES.txt'
[2.533s] writing manifest file 'examples_rclpy_minimal_client.egg-info/SOURCES.txt'
[2.533s] running build_ext
[2.534s] Creating /home/plague/ros2_ws/install/examples_rclpy_minimal_client/lib/python3.10/site-packages/examples-rclpy-minimal-client.egg-link (link to .)
[2.534s] Installing client script to /home/plague/ros2_ws/install/examples_rclpy_minimal_client/lib/examples_rclpy_minimal_client
[2.534s] Installing client_async script to /home/plague/ros2_ws/install/examples_rclpy_minimal_client/lib/examples_rclpy_minimal_client
[2.534s] Installing client_async_callback script to /home/plague/ros2_ws/install/examples_rclpy_minimal_client/lib/examples_rclpy_minimal_client
[2.534s] Installing client_async_member_function script to /home/plague/ros2_ws/install/examples_rclpy_minimal_client/lib/examples_rclpy_minimal_client
[2.534s] 
[2.534s] Installed /home/plague/ros2_ws/build/examples_rclpy_minimal_client
[2.534s] running symlink_data
[2.534s] creating /home/plague/ros2_ws/install/examples_rclpy_minimal_client/share/ament_index
[2.535s] creating /home/plague/ros2_ws/install/examples_rclpy_minimal_client/share/ament_index/resource_index
[2.535s] creating /home/plague/ros2_ws/install/examples_rclpy_minimal_client/share/ament_index/resource_index/packages
[2.535s] symbolically linking /home/plague/ros2_ws/build/examples_rclpy_minimal_client/resource/examples_rclpy_minimal_client -> /home/plague/ros2_ws/install/examples_rclpy_minimal_client/share/ament_index/resource_index/packages
[2.535s] symbolically linking /home/plague/ros2_ws/build/examples_rclpy_minimal_client/package.xml -> /home/plague/ros2_ws/install/examples_rclpy_minimal_client/share/examples_rclpy_minimal_client
[2.542s] /usr/lib/python3/dist-packages/setuptools/command/easy_install.py:158: EasyInstallDeprecationWarning: easy_install command is deprecated. Use build and pip and other standards-based tools.
[2.542s]   warnings.warn(
[2.542s] Invoked command in '/home/plague/ros2_ws/build/examples_rclpy_minimal_client' returned '0': PYTHONPATH=/home/plague/ros2_ws/build/examples_rclpy_minimal_client/prefix_override:/home/plague/ros2_ws/install/examples_rclpy_minimal_client/lib/python3.10/site-packages:${PYTHONPATH} /usr/bin/python3 -W ignore:setup.py install is deprecated setup.py develop --editable --build-directory /home/plague/ros2_ws/build/examples_rclpy_minimal_client/build --no-deps symlink_data
