[1.336s] Invoking command in '/home/plague/ros2_ws/src/examples/rclpy/services/minimal_service': PYTHONPATH=/home/plague/ros2_ws/build/examples_rclpy_minimal_service/prefix_override:/home/plague/ros2_ws/install/examples_rclpy_minimal_service/lib/python3.10/site-packages:${PYTHONPATH} /usr/bin/python3 -W ignore:setup.py install is deprecated setup.py egg_info --egg-base ../../../../../build/examples_rclpy_minimal_service build --build-base /home/plague/ros2_ws/build/examples_rclpy_minimal_service/build install --record /home/plague/ros2_ws/build/examples_rclpy_minimal_service/install.log --single-version-externally-managed install_data
[1.614s] running egg_info
[1.615s] writing ../../../../../build/examples_rclpy_minimal_service/examples_rclpy_minimal_service.egg-info/PKG-INFO
[1.615s] writing dependency_links to ../../../../../build/examples_rclpy_minimal_service/examples_rclpy_minimal_service.egg-info/dependency_links.txt
[1.615s] writing entry points to ../../../../../build/examples_rclpy_minimal_service/examples_rclpy_minimal_service.egg-info/entry_points.txt
[1.615s] writing requirements to ../../../../../build/examples_rclpy_minimal_service/examples_rclpy_minimal_service.egg-info/requires.txt
[1.615s] writing top-level names to ../../../../../build/examples_rclpy_minimal_service/examples_rclpy_minimal_service.egg-info/top_level.txt
[1.617s] reading manifest file '../../../../../build/examples_rclpy_minimal_service/examples_rclpy_minimal_service.egg-info/SOURCES.txt'
[1.618s] writing manifest file '../../../../../build/examples_rclpy_minimal_service/examples_rclpy_minimal_service.egg-info/SOURCES.txt'
[1.618s] running build
[1.618s] running build_py
[1.619s] running install
[1.619s] running install_lib
[1.620s] running install_data
[1.621s] running install_egg_info
[1.622s] removing '/home/plague/ros2_ws/install/examples_rclpy_minimal_service/lib/python3.10/site-packages/examples_rclpy_minimal_service-0.18.0-py3.10.egg-info' (and everything under it)
[1.622s] Copying ../../../../../build/examples_rclpy_minimal_service/examples_rclpy_minimal_service.egg-info to /home/plague/ros2_ws/install/examples_rclpy_minimal_service/lib/python3.10/site-packages/examples_rclpy_minimal_service-0.18.0-py3.10.egg-info
[1.623s] running install_scripts
[1.644s] Installing service script to /home/plague/ros2_ws/install/examples_rclpy_minimal_service/lib/examples_rclpy_minimal_service
[1.645s] Installing service_member_function script to /home/plague/ros2_ws/install/examples_rclpy_minimal_service/lib/examples_rclpy_minimal_service
[1.645s] writing list of installed files to '/home/plague/ros2_ws/build/examples_rclpy_minimal_service/install.log'
[1.686s] Invoked command in '/home/plague/ros2_ws/src/examples/rclpy/services/minimal_service' returned '0': PYTHONPATH=/home/plague/ros2_ws/build/examples_rclpy_minimal_service/prefix_override:/home/plague/ros2_ws/install/examples_rclpy_minimal_service/lib/python3.10/site-packages:${PYTHONPATH} /usr/bin/python3 -W ignore:setup.py install is deprecated setup.py egg_info --egg-base ../../../../../build/examples_rclpy_minimal_service build --build-base /home/plague/ros2_ws/build/examples_rclpy_minimal_service/build install --record /home/plague/ros2_ws/build/examples_rclpy_minimal_service/install.log --single-version-externally-managed install_data
