[0.837s] Invoking command in '/home/plague/ros2_ws/build/examples_rclpy_minimal_publisher': PYTHONPATH=/home/plague/ros2_ws/build/examples_rclpy_minimal_publisher/prefix_override:/home/plague/ros2_ws/install/examples_rclpy_minimal_publisher/lib/python3.10/site-packages:${PYTHONPATH} /usr/bin/python3 -W ignore:setup.py install is deprecated setup.py develop --uninstall --editable --build-directory /home/plague/ros2_ws/build/examples_rclpy_minimal_publisher/build
[1.070s] running develop
[1.071s] /usr/lib/python3/dist-packages/setuptools/command/easy_install.py:158: EasyInstallDeprecationWarning: easy_install command is deprecated. Use build and pip and other standards-based tools.
[1.071s]   warnings.warn(
[1.222s] Removing /home/plague/ros2_ws/install/examples_rclpy_minimal_publisher/lib/python3.10/site-packages/examples-rclpy-minimal-publisher.egg-link (link to .)
[1.334s] Invoked command in '/home/plague/ros2_ws/build/examples_rclpy_minimal_publisher' returned '0': PYTHONPATH=/home/plague/ros2_ws/build/examples_rclpy_minimal_publisher/prefix_override:/home/plague/ros2_ws/install/examples_rclpy_minimal_publisher/lib/python3.10/site-packages:${PYTHONPATH} /usr/bin/python3 -W ignore:setup.py install is deprecated setup.py develop --uninstall --editable --build-directory /home/plague/ros2_ws/build/examples_rclpy_minimal_publisher/build
[1.336s] Invoking command in '/home/plague/ros2_ws/src/examples/rclpy/topics/minimal_publisher': PYTHONPATH=/home/plague/ros2_ws/build/examples_rclpy_minimal_publisher/prefix_override:/home/plague/ros2_ws/install/examples_rclpy_minimal_publisher/lib/python3.10/site-packages:${PYTHONPATH} /usr/bin/python3 -W ignore:setup.py install is deprecated setup.py egg_info --egg-base ../../../../../build/examples_rclpy_minimal_publisher build --build-base /home/plague/ros2_ws/build/examples_rclpy_minimal_publisher/build install --record /home/plague/ros2_ws/build/examples_rclpy_minimal_publisher/install.log --single-version-externally-managed install_data --force
[1.561s] running egg_info
[1.562s] writing ../../../../../build/examples_rclpy_minimal_publisher/examples_rclpy_minimal_publisher.egg-info/PKG-INFO
[1.562s] writing dependency_links to ../../../../../build/examples_rclpy_minimal_publisher/examples_rclpy_minimal_publisher.egg-info/dependency_links.txt
[1.562s] writing entry points to ../../../../../build/examples_rclpy_minimal_publisher/examples_rclpy_minimal_publisher.egg-info/entry_points.txt
[1.562s] writing requirements to ../../../../../build/examples_rclpy_minimal_publisher/examples_rclpy_minimal_publisher.egg-info/requires.txt
[1.562s] writing top-level names to ../../../../../build/examples_rclpy_minimal_publisher/examples_rclpy_minimal_publisher.egg-info/top_level.txt
[1.564s] reading manifest file '../../../../../build/examples_rclpy_minimal_publisher/examples_rclpy_minimal_publisher.egg-info/SOURCES.txt'
[1.565s] writing manifest file '../../../../../build/examples_rclpy_minimal_publisher/examples_rclpy_minimal_publisher.egg-info/SOURCES.txt'
[1.565s] running build
[1.565s] running build_py
[1.565s] creating /home/plague/ros2_ws/build/examples_rclpy_minimal_publisher/build
[1.565s] creating /home/plague/ros2_ws/build/examples_rclpy_minimal_publisher/build/lib
[1.565s] creating /home/plague/ros2_ws/build/examples_rclpy_minimal_publisher/build/lib/examples_rclpy_minimal_publisher
[1.565s] copying examples_rclpy_minimal_publisher/__init__.py -> /home/plague/ros2_ws/build/examples_rclpy_minimal_publisher/build/lib/examples_rclpy_minimal_publisher
[1.566s] copying examples_rclpy_minimal_publisher/publisher_local_function.py -> /home/plague/ros2_ws/build/examples_rclpy_minimal_publisher/build/lib/examples_rclpy_minimal_publisher
[1.566s] copying examples_rclpy_minimal_publisher/publisher_member_function.py -> /home/plague/ros2_ws/build/examples_rclpy_minimal_publisher/build/lib/examples_rclpy_minimal_publisher
[1.566s] copying examples_rclpy_minimal_publisher/publisher_old_school.py -> /home/plague/ros2_ws/build/examples_rclpy_minimal_publisher/build/lib/examples_rclpy_minimal_publisher
[1.566s] running install
[1.566s] running install_lib
[1.567s] creating /home/plague/ros2_ws/install/examples_rclpy_minimal_publisher/lib/python3.10/site-packages/examples_rclpy_minimal_publisher
[1.567s] copying /home/plague/ros2_ws/build/examples_rclpy_minimal_publisher/build/lib/examples_rclpy_minimal_publisher/__init__.py -> /home/plague/ros2_ws/install/examples_rclpy_minimal_publisher/lib/python3.10/site-packages/examples_rclpy_minimal_publisher
[1.567s] copying /home/plague/ros2_ws/build/examples_rclpy_minimal_publisher/build/lib/examples_rclpy_minimal_publisher/publisher_local_function.py -> /home/plague/ros2_ws/install/examples_rclpy_minimal_publisher/lib/python3.10/site-packages/examples_rclpy_minimal_publisher
[1.567s] copying /home/plague/ros2_ws/build/examples_rclpy_minimal_publisher/build/lib/examples_rclpy_minimal_publisher/publisher_member_function.py -> /home/plague/ros2_ws/install/examples_rclpy_minimal_publisher/lib/python3.10/site-packages/examples_rclpy_minimal_publisher
[1.567s] copying /home/plague/ros2_ws/build/examples_rclpy_minimal_publisher/build/lib/examples_rclpy_minimal_publisher/publisher_old_school.py -> /home/plague/ros2_ws/install/examples_rclpy_minimal_publisher/lib/python3.10/site-packages/examples_rclpy_minimal_publisher
[1.568s] byte-compiling /home/plague/ros2_ws/install/examples_rclpy_minimal_publisher/lib/python3.10/site-packages/examples_rclpy_minimal_publisher/__init__.py to __init__.cpython-310.pyc
[1.568s] byte-compiling /home/plague/ros2_ws/install/examples_rclpy_minimal_publisher/lib/python3.10/site-packages/examples_rclpy_minimal_publisher/publisher_local_function.py to publisher_local_function.cpython-310.pyc
[1.568s] byte-compiling /home/plague/ros2_ws/install/examples_rclpy_minimal_publisher/lib/python3.10/site-packages/examples_rclpy_minimal_publisher/publisher_member_function.py to publisher_member_function.cpython-310.pyc
[1.569s] byte-compiling /home/plague/ros2_ws/install/examples_rclpy_minimal_publisher/lib/python3.10/site-packages/examples_rclpy_minimal_publisher/publisher_old_school.py to publisher_old_school.cpython-310.pyc
[1.569s] running install_data
[1.569s] copying resource/examples_rclpy_minimal_publisher -> /home/plague/ros2_ws/install/examples_rclpy_minimal_publisher/share/ament_index/resource_index/packages
[1.569s] copying package.xml -> /home/plague/ros2_ws/install/examples_rclpy_minimal_publisher/share/examples_rclpy_minimal_publisher
[1.570s] running install_egg_info
[1.573s] Copying ../../../../../build/examples_rclpy_minimal_publisher/examples_rclpy_minimal_publisher.egg-info to /home/plague/ros2_ws/install/examples_rclpy_minimal_publisher/lib/python3.10/site-packages/examples_rclpy_minimal_publisher-0.18.0-py3.10.egg-info
[1.574s] running install_scripts
[1.598s] Installing publisher_local_function script to /home/plague/ros2_ws/install/examples_rclpy_minimal_publisher/lib/examples_rclpy_minimal_publisher
[1.598s] Installing publisher_member_function script to /home/plague/ros2_ws/install/examples_rclpy_minimal_publisher/lib/examples_rclpy_minimal_publisher
[1.598s] Installing publisher_old_school script to /home/plague/ros2_ws/install/examples_rclpy_minimal_publisher/lib/examples_rclpy_minimal_publisher
[1.598s] writing list of installed files to '/home/plague/ros2_ws/build/examples_rclpy_minimal_publisher/install.log'
[1.632s] Invoked command in '/home/plague/ros2_ws/src/examples/rclpy/topics/minimal_publisher' returned '0': PYTHONPATH=/home/plague/ros2_ws/build/examples_rclpy_minimal_publisher/prefix_override:/home/plague/ros2_ws/install/examples_rclpy_minimal_publisher/lib/python3.10/site-packages:${PYTHONPATH} /usr/bin/python3 -W ignore:setup.py install is deprecated setup.py egg_info --egg-base ../../../../../build/examples_rclpy_minimal_publisher build --build-base /home/plague/ros2_ws/build/examples_rclpy_minimal_publisher/build install --record /home/plague/ros2_ws/build/examples_rclpy_minimal_publisher/install.log --single-version-externally-managed install_data --force
