[0.041s] Invoking command in '/home/plague/ros2_ws/build/examples_rclcpp_multithreaded_executor': CMAKE_PREFIX_PATH=/opt/ros/iron /usr/bin/cmake /home/plague/ros2_ws/src/examples/rclcpp/executors/multithreaded_executor -DAMENT_CMAKE_SYMLINK_INSTALL=1 -DCMAKE_INSTALL_PREFIX=/home/plague/ros2_ws/install/examples_rclcpp_multithreaded_executor
[3.559s] -- The C compiler identification is GNU 11.4.0
[3.559s] -- The CXX compiler identification is GNU 11.4.0
[3.560s] -- Detecting C compiler ABI info
[3.560s] -- Detecting C compiler ABI info - done
[3.560s] -- Check for working C compiler: /usr/bin/cc - skipped
[3.560s] -- Detecting C compile features
[3.560s] -- Detecting C compile features - done
[3.560s] -- Detecting CXX compiler ABI info
[3.560s] -- Detecting CXX compiler ABI info - done
[3.560s] -- Check for working CXX compiler: /usr/bin/c++ - skipped
[3.560s] -- Detecting CXX compile features
[3.561s] -- Detecting CXX compile features - done
[3.561s] -- Found ament_cmake: 2.0.4 (/opt/ros/iron/share/ament_cmake/cmake)
[3.561s] -- Found Python3: /usr/bin/python3.10 (found version "3.10.12") found components: Interpreter 
[3.581s] -- Override CMake install command with custom implementation using symlinks instead of copying resources
[3.582s] -- Found rclcpp: 21.0.5 (/opt/ros/iron/share/rclcpp/cmake)
[3.583s] -- Found rosidl_generator_c: 4.0.1 (/opt/ros/iron/share/rosidl_generator_c/cmake)
[3.583s] -- Found rosidl_generator_cpp: 4.0.1 (/opt/ros/iron/share/rosidl_generator_cpp/cmake)
[3.583s] -- Using all available rosidl_typesupport_c: rosidl_typesupport_fastrtps_c;rosidl_typesupport_introspection_c
[3.583s] -- Using all available rosidl_typesupport_cpp: rosidl_typesupport_fastrtps_cpp;rosidl_typesupport_introspection_cpp
[3.583s] -- Found rmw_implementation_cmake: 7.1.0 (/opt/ros/iron/share/rmw_implementation_cmake/cmake)
[3.583s] -- Found rmw_fastrtps_cpp: 7.1.3 (/opt/ros/iron/share/rmw_fastrtps_cpp/cmake)
[3.583s] -- Found OpenSSL: /usr/lib/x86_64-linux-gnu/libcrypto.so (found version "3.0.2")  
[3.583s] -- Found FastRTPS: /opt/ros/iron/include  
[3.584s] -- Using RMW implementation 'rmw_fastrtps_cpp' as default
[3.655s] -- Found std_msgs: 5.0.0 (/opt/ros/iron/share/std_msgs/cmake)
[3.759s] -- Found ament_lint_auto: 0.14.3 (/opt/ros/iron/share/ament_lint_auto/cmake)
[3.951s] -- Added test 'copyright' to check source files copyright and LICENSE
[3.953s] -- Added test 'cppcheck' to perform static code analysis on C / C++ code
[3.954s] -- Configured cppcheck include dirs: 
[3.954s] -- Configured cppcheck exclude dirs and/or files: 
[3.956s] -- Added test 'cpplint' to check C / C++ code against the Google style
[3.956s] -- Configured cpplint exclude dirs and/or files: 
[3.969s] -- Added test 'lint_cmake' to check CMake code style
[3.969s] -- Added test 'uncrustify' to check C / C++ code style
[3.970s] -- Configured uncrustify additional arguments: 
[3.970s] -- Added test 'xmllint' to check XML markup files
[3.970s] -- Configuring done
[3.989s] -- Generating done
[3.992s] -- Build files have been written to: /home/plague/ros2_ws/build/examples_rclcpp_multithreaded_executor
[4.034s] Invoked command in '/home/plague/ros2_ws/build/examples_rclcpp_multithreaded_executor' returned '0': CMAKE_PREFIX_PATH=/opt/ros/iron /usr/bin/cmake /home/plague/ros2_ws/src/examples/rclcpp/executors/multithreaded_executor -DAMENT_CMAKE_SYMLINK_INSTALL=1 -DCMAKE_INSTALL_PREFIX=/home/plague/ros2_ws/install/examples_rclcpp_multithreaded_executor
[4.034s] Invoking command in '/home/plague/ros2_ws/build/examples_rclcpp_multithreaded_executor': CMAKE_PREFIX_PATH=/opt/ros/iron /usr/bin/cmake --build /home/plague/ros2_ws/build/examples_rclcpp_multithreaded_executor -- -j8 -l8
[4.121s] [ 50%] [32mBuilding CXX object CMakeFiles/multithreaded_executor.dir/multithreaded_executor.cpp.o[0m
[17.755s] [100%] [32m[1mLinking CXX executable multithreaded_executor[0m
[18.230s] [100%] Built target multithreaded_executor
[18.241s] Invoked command in '/home/plague/ros2_ws/build/examples_rclcpp_multithreaded_executor' returned '0': CMAKE_PREFIX_PATH=/opt/ros/iron /usr/bin/cmake --build /home/plague/ros2_ws/build/examples_rclcpp_multithreaded_executor -- -j8 -l8
[18.263s] Invoking command in '/home/plague/ros2_ws/build/examples_rclcpp_multithreaded_executor': CMAKE_PREFIX_PATH=/opt/ros/iron /usr/bin/cmake --install /home/plague/ros2_ws/build/examples_rclcpp_multithreaded_executor
[18.270s] -- Install configuration: ""
[18.271s] -- Execute custom install script
[18.271s] -- Symlinking: /home/plague/ros2_ws/install/examples_rclcpp_multithreaded_executor/lib/examples_rclcpp_multithreaded_executor/multithreaded_executor
[18.279s] -- Symlinking: /home/plague/ros2_ws/install/examples_rclcpp_multithreaded_executor/share/ament_index/resource_index/package_run_dependencies/examples_rclcpp_multithreaded_executor
[18.288s] -- Symlinking: /home/plague/ros2_ws/install/examples_rclcpp_multithreaded_executor/share/ament_index/resource_index/parent_prefix_path/examples_rclcpp_multithreaded_executor
[18.296s] -- Symlinking: /home/plague/ros2_ws/install/examples_rclcpp_multithreaded_executor/share/examples_rclcpp_multithreaded_executor/environment/ament_prefix_path.sh
[18.305s] -- Symlinking: /home/plague/ros2_ws/install/examples_rclcpp_multithreaded_executor/share/examples_rclcpp_multithreaded_executor/environment/ament_prefix_path.dsv
[18.313s] -- Symlinking: /home/plague/ros2_ws/install/examples_rclcpp_multithreaded_executor/share/examples_rclcpp_multithreaded_executor/environment/path.sh
[18.321s] -- Symlinking: /home/plague/ros2_ws/install/examples_rclcpp_multithreaded_executor/share/examples_rclcpp_multithreaded_executor/environment/path.dsv
[18.330s] -- Symlinking: /home/plague/ros2_ws/install/examples_rclcpp_multithreaded_executor/share/examples_rclcpp_multithreaded_executor/local_setup.bash
[18.339s] -- Symlinking: /home/plague/ros2_ws/install/examples_rclcpp_multithreaded_executor/share/examples_rclcpp_multithreaded_executor/local_setup.sh
[18.347s] -- Symlinking: /home/plague/ros2_ws/install/examples_rclcpp_multithreaded_executor/share/examples_rclcpp_multithreaded_executor/local_setup.zsh
[18.355s] -- Symlinking: /home/plague/ros2_ws/install/examples_rclcpp_multithreaded_executor/share/examples_rclcpp_multithreaded_executor/local_setup.dsv
[18.364s] -- Symlinking: /home/plague/ros2_ws/install/examples_rclcpp_multithreaded_executor/share/examples_rclcpp_multithreaded_executor/package.dsv
[18.373s] -- Symlinking: /home/plague/ros2_ws/install/examples_rclcpp_multithreaded_executor/share/ament_index/resource_index/packages/examples_rclcpp_multithreaded_executor
[18.383s] -- Symlinking: /home/plague/ros2_ws/install/examples_rclcpp_multithreaded_executor/share/examples_rclcpp_multithreaded_executor/cmake/examples_rclcpp_multithreaded_executorConfig.cmake
[18.393s] -- Symlinking: /home/plague/ros2_ws/install/examples_rclcpp_multithreaded_executor/share/examples_rclcpp_multithreaded_executor/cmake/examples_rclcpp_multithreaded_executorConfig-version.cmake
[18.402s] -- Symlinking: /home/plague/ros2_ws/install/examples_rclcpp_multithreaded_executor/share/examples_rclcpp_multithreaded_executor/package.xml
[18.414s] Invoked command in '/home/plague/ros2_ws/build/examples_rclcpp_multithreaded_executor' returned '0': CMAKE_PREFIX_PATH=/opt/ros/iron /usr/bin/cmake --install /home/plague/ros2_ws/build/examples_rclcpp_multithreaded_executor
