[2.188s] Invoking command in '/home/plague/ros2_ws/build/py_srvcli': PYTHONPATH=/home/plague/ros2_ws/build/py_srvcli/prefix_override:/usr/lib/python3/dist-packages/colcon_core/task/python/colcon_distutils_commands:/home/plague/ros2_ws/install/py_srvcli/lib/python3.10/site-packages:${PYTHONPATH} /usr/bin/python3 -W ignore:setup.py install is deprecated -W ignore:easy_install command is deprecated setup.py develop --editable --build-directory /home/plague/ros2_ws/build/py_srvcli/build --no-deps symlink_data
[2.851s] running develop
[3.193s] running egg_info
[3.194s] creating py_srvcli.egg-info
[3.194s] writing py_srvcli.egg-info/PKG-INFO
[3.194s] writing dependency_links to py_srvcli.egg-info/dependency_links.txt
[3.194s] writing entry points to py_srvcli.egg-info/entry_points.txt
[3.194s] writing requirements to py_srvcli.egg-info/requires.txt
[3.194s] writing top-level names to py_srvcli.egg-info/top_level.txt
[3.195s] writing manifest file 'py_srvcli.egg-info/SOURCES.txt'
[3.198s] reading manifest file 'py_srvcli.egg-info/SOURCES.txt'
[3.199s] writing manifest file 'py_srvcli.egg-info/SOURCES.txt'
[3.201s] running build_ext
[3.201s] Creating /home/plague/ros2_ws/install/py_srvcli/lib/python3.10/site-packages/py-srvcli.egg-link (link to .)
[3.203s] Installing client script to /home/plague/ros2_ws/install/py_srvcli/lib/py_srvcli
[3.203s] Installing service script to /home/plague/ros2_ws/install/py_srvcli/lib/py_srvcli
[3.203s] 
[3.204s] Installed /home/plague/ros2_ws/build/py_srvcli
[3.204s] running symlink_data
[3.205s] creating /home/plague/ros2_ws/install/py_srvcli/share/ament_index
[3.205s] creating /home/plague/ros2_ws/install/py_srvcli/share/ament_index/resource_index
[3.205s] creating /home/plague/ros2_ws/install/py_srvcli/share/ament_index/resource_index/packages
[3.205s] symbolically linking /home/plague/ros2_ws/build/py_srvcli/resource/py_srvcli -> /home/plague/ros2_ws/install/py_srvcli/share/ament_index/resource_index/packages
[3.205s] symbolically linking /home/plague/ros2_ws/build/py_srvcli/package.xml -> /home/plague/ros2_ws/install/py_srvcli/share/py_srvcli
[3.269s] Invoked command in '/home/plague/ros2_ws/build/py_srvcli' returned '0': PYTHONPATH=/home/plague/ros2_ws/build/py_srvcli/prefix_override:/usr/lib/python3/dist-packages/colcon_core/task/python/colcon_distutils_commands:/home/plague/ros2_ws/install/py_srvcli/lib/python3.10/site-packages:${PYTHONPATH} /usr/bin/python3 -W ignore:setup.py install is deprecated -W ignore:easy_install command is deprecated setup.py develop --editable --build-directory /home/plague/ros2_ws/build/py_srvcli/build --no-deps symlink_data
