[0.020s] Invoking command in '/home/plague/ros2_ws/build/examples_rclcpp_minimal_composition': CMAKE_PREFIX_PATH=/opt/ros/iron /usr/bin/cmake /home/plague/ros2_ws/src/examples/rclcpp/composition/minimal_composition -DAMENT_CMAKE_SYMLINK_INSTALL=1 -DCMAKE_INSTALL_PREFIX=/home/plague/ros2_ws/install/examples_rclcpp_minimal_composition
[0.172s] -- The C compiler identification is GNU 11.4.0
[0.329s] -- The CXX compiler identification is GNU 11.4.0
[0.339s] -- Detecting C compiler ABI info
[0.436s] -- Detecting C compiler ABI info - done
[0.445s] -- Check for working C compiler: /usr/bin/cc - skipped
[0.446s] -- Detecting C compile features
[0.447s] -- Detecting C compile features - done
[0.451s] -- Detecting CXX compiler ABI info
[0.560s] -- Detecting CXX compiler ABI info - done
[0.568s] -- Check for working CXX compiler: /usr/bin/c++ - skipped
[0.569s] -- Detecting CXX compile features
[0.569s] -- Detecting CXX compile features - done
[0.571s] -- Found ament_cmake: 2.0.4 (/opt/ros/iron/share/ament_cmake/cmake)
[0.809s] -- Found Python3: /usr/bin/python3.10 (found version "3.10.12") found components: Interpreter 
[0.915s] -- Override CMake install command with custom implementation using symlinks instead of copying resources
[0.946s] -- Found rclcpp: 21.0.5 (/opt/ros/iron/share/rclcpp/cmake)
[0.993s] -- Found rosidl_generator_c: 4.0.1 (/opt/ros/iron/share/rosidl_generator_c/cmake)
[1.007s] -- Found rosidl_generator_cpp: 4.0.1 (/opt/ros/iron/share/rosidl_generator_cpp/cmake)
[1.031s] -- Using all available rosidl_typesupport_c: rosidl_typesupport_fastrtps_c;rosidl_typesupport_introspection_c
[1.058s] -- Using all available rosidl_typesupport_cpp: rosidl_typesupport_fastrtps_cpp;rosidl_typesupport_introspection_cpp
[1.283s] -- Found rmw_implementation_cmake: 7.1.0 (/opt/ros/iron/share/rmw_implementation_cmake/cmake)
[1.286s] -- Found rmw_fastrtps_cpp: 7.1.3 (/opt/ros/iron/share/rmw_fastrtps_cpp/cmake)
[1.417s] -- Found OpenSSL: /usr/lib/x86_64-linux-gnu/libcrypto.so (found version "3.0.2")  
[1.446s] -- Found FastRTPS: /opt/ros/iron/include  
[1.498s] -- Using RMW implementation 'rmw_fastrtps_cpp' as default
[1.740s] -- Found rclcpp_components: 21.0.5 (/opt/ros/iron/share/rclcpp_components/cmake)
[1.886s] -- Found std_msgs: 5.0.0 (/opt/ros/iron/share/std_msgs/cmake)
[1.936s] -- Found ament_lint_auto: 0.14.3 (/opt/ros/iron/share/ament_lint_auto/cmake)
[2.055s] -- Added test 'copyright' to check source files copyright and LICENSE
[2.057s] -- Added test 'cppcheck' to perform static code analysis on C / C++ code
[2.059s] -- Configured cppcheck include dirs: /home/plague/ros2_ws/src/examples/rclcpp/composition/minimal_composition/include
[2.060s] -- Configured cppcheck exclude dirs and/or files: 
[2.068s] -- Added test 'cpplint' to check C / C++ code against the Google style
[2.069s] -- Configured cpplint exclude dirs and/or files: 
[2.089s] -- Added test 'lint_cmake' to check CMake code style
[2.091s] -- Added test 'uncrustify' to check C / C++ code style
[2.091s] -- Configured uncrustify additional arguments: 
[2.092s] -- Added test 'xmllint' to check XML markup files
[2.093s] -- Configuring done
[2.188s] -- Generating done
[2.192s] -- Build files have been written to: /home/plague/ros2_ws/build/examples_rclcpp_minimal_composition
[2.227s] Invoked command in '/home/plague/ros2_ws/build/examples_rclcpp_minimal_composition' returned '0': CMAKE_PREFIX_PATH=/opt/ros/iron /usr/bin/cmake /home/plague/ros2_ws/src/examples/rclcpp/composition/minimal_composition -DAMENT_CMAKE_SYMLINK_INSTALL=1 -DCMAKE_INSTALL_PREFIX=/home/plague/ros2_ws/install/examples_rclcpp_minimal_composition
[2.227s] Invoking command in '/home/plague/ros2_ws/build/examples_rclcpp_minimal_composition': CMAKE_PREFIX_PATH=/opt/ros/iron /usr/bin/cmake --build /home/plague/ros2_ws/build/examples_rclcpp_minimal_composition -- -j8 -l8
[2.417s] [ 11%] [32mBuilding CXX object CMakeFiles/composition_nodes.dir/src/subscriber_node.cpp.o[0m
[2.424s] [ 22%] [32mBuilding CXX object CMakeFiles/composition_nodes.dir/src/publisher_node.cpp.o[0m
[34.447s] [ 33%] [32m[1mLinking CXX shared library libcomposition_nodes.so[0m
[35.637s] [ 33%] Built target composition_nodes
[35.796s] [ 44%] [32mBuilding CXX object CMakeFiles/composition_publisher.dir/src/standalone_publisher.cpp.o[0m
[43.615s] [ 55%] [32m[1mLinking CXX executable composition_publisher[0m
[44.036s] [ 55%] Built target composition_publisher
[44.071s] [ 66%] [32mBuilding CXX object CMakeFiles/composition_composed.dir/src/composed.cpp.o[0m
[50.545s] [ 77%] [32m[1mLinking CXX executable composition_composed[0m
[50.773s] [ 77%] Built target composition_composed
[50.813s] [ 88%] [32mBuilding CXX object CMakeFiles/composition_subscriber.dir/src/standalone_subscriber.cpp.o[0m
[54.336s] [100%] [32m[1mLinking CXX executable composition_subscriber[0m
[54.520s] [100%] Built target composition_subscriber
[54.548s] Invoked command in '/home/plague/ros2_ws/build/examples_rclcpp_minimal_composition' returned '0': CMAKE_PREFIX_PATH=/opt/ros/iron /usr/bin/cmake --build /home/plague/ros2_ws/build/examples_rclcpp_minimal_composition -- -j8 -l8
[54.576s] Invoking command in '/home/plague/ros2_ws/build/examples_rclcpp_minimal_composition': CMAKE_PREFIX_PATH=/opt/ros/iron /usr/bin/cmake --install /home/plague/ros2_ws/build/examples_rclcpp_minimal_composition
[54.582s] -- Install configuration: ""
[54.583s] -- Execute custom install script
[54.583s] -- Symlinking: /home/plague/ros2_ws/install/examples_rclcpp_minimal_composition/share/examples_rclcpp_minimal_composition/environment/library_path.sh
[54.591s] -- Symlinking: /home/plague/ros2_ws/install/examples_rclcpp_minimal_composition/share/examples_rclcpp_minimal_composition/environment/library_path.dsv
[54.599s] -- Symlinking: /home/plague/ros2_ws/install/examples_rclcpp_minimal_composition/lib/libcomposition_nodes.so
[54.608s] -- Symlinking: /home/plague/ros2_ws/install/examples_rclcpp_minimal_composition/lib/examples_rclcpp_minimal_composition/composition_publisher
[54.616s] -- Symlinking: /home/plague/ros2_ws/install/examples_rclcpp_minimal_composition/lib/examples_rclcpp_minimal_composition/composition_subscriber
[54.623s] -- Symlinking: /home/plague/ros2_ws/install/examples_rclcpp_minimal_composition/lib/examples_rclcpp_minimal_composition/composition_composed
[54.632s] -- Symlinking: /home/plague/ros2_ws/install/examples_rclcpp_minimal_composition/share/ament_index/resource_index/package_run_dependencies/examples_rclcpp_minimal_composition
[54.640s] -- Symlinking: /home/plague/ros2_ws/install/examples_rclcpp_minimal_composition/share/ament_index/resource_index/parent_prefix_path/examples_rclcpp_minimal_composition
[54.648s] -- Symlinking: /home/plague/ros2_ws/install/examples_rclcpp_minimal_composition/share/examples_rclcpp_minimal_composition/environment/ament_prefix_path.sh
[54.656s] -- Symlinking: /home/plague/ros2_ws/install/examples_rclcpp_minimal_composition/share/examples_rclcpp_minimal_composition/environment/ament_prefix_path.dsv
[54.664s] -- Symlinking: /home/plague/ros2_ws/install/examples_rclcpp_minimal_composition/share/examples_rclcpp_minimal_composition/environment/path.sh
[54.672s] -- Symlinking: /home/plague/ros2_ws/install/examples_rclcpp_minimal_composition/share/examples_rclcpp_minimal_composition/environment/path.dsv
[54.680s] -- Symlinking: /home/plague/ros2_ws/install/examples_rclcpp_minimal_composition/share/examples_rclcpp_minimal_composition/local_setup.bash
[54.688s] -- Symlinking: /home/plague/ros2_ws/install/examples_rclcpp_minimal_composition/share/examples_rclcpp_minimal_composition/local_setup.sh
[54.696s] -- Symlinking: /home/plague/ros2_ws/install/examples_rclcpp_minimal_composition/share/examples_rclcpp_minimal_composition/local_setup.zsh
[54.704s] -- Symlinking: /home/plague/ros2_ws/install/examples_rclcpp_minimal_composition/share/examples_rclcpp_minimal_composition/local_setup.dsv
[54.711s] -- Symlinking: /home/plague/ros2_ws/install/examples_rclcpp_minimal_composition/share/examples_rclcpp_minimal_composition/package.dsv
[54.720s] -- Symlinking: /home/plague/ros2_ws/install/examples_rclcpp_minimal_composition/share/ament_index/resource_index/packages/examples_rclcpp_minimal_composition
[54.728s] -- Symlinking: /home/plague/ros2_ws/install/examples_rclcpp_minimal_composition/share/examples_rclcpp_minimal_composition/cmake/examples_rclcpp_minimal_compositionConfig.cmake
[54.736s] -- Symlinking: /home/plague/ros2_ws/install/examples_rclcpp_minimal_composition/share/examples_rclcpp_minimal_composition/cmake/examples_rclcpp_minimal_compositionConfig-version.cmake
[54.744s] -- Symlinking: /home/plague/ros2_ws/install/examples_rclcpp_minimal_composition/share/examples_rclcpp_minimal_composition/package.xml
[54.754s] Invoked command in '/home/plague/ros2_ws/build/examples_rclcpp_minimal_composition' returned '0': CMAKE_PREFIX_PATH=/opt/ros/iron /usr/bin/cmake --install /home/plague/ros2_ws/build/examples_rclcpp_minimal_composition
