[0.960s] Invoking command in '/home/plague/ros2_ws/build/examples_rclpy_minimal_service': PYTHONPATH=/home/plague/ros2_ws/build/examples_rclpy_minimal_service/prefix_override:/home/plague/ros2_ws/install/examples_rclpy_minimal_service/lib/python3.10/site-packages:${PYTHONPATH} /usr/bin/python3 -W ignore:setup.py install is deprecated setup.py develop --uninstall --editable --build-directory /home/plague/ros2_ws/build/examples_rclpy_minimal_service/build
[1.214s] running develop
[1.214s] /usr/lib/python3/dist-packages/setuptools/command/easy_install.py:158: EasyInstallDeprecationWarning: easy_install command is deprecated. Use build and pip and other standards-based tools.
[1.214s]   warnings.warn(
[1.355s] Removing /home/plague/ros2_ws/install/examples_rclpy_minimal_service/lib/python3.10/site-packages/examples-rclpy-minimal-service.egg-link (link to .)
[1.383s] Invoked command in '/home/plague/ros2_ws/build/examples_rclpy_minimal_service' returned '0': PYTHONPATH=/home/plague/ros2_ws/build/examples_rclpy_minimal_service/prefix_override:/home/plague/ros2_ws/install/examples_rclpy_minimal_service/lib/python3.10/site-packages:${PYTHONPATH} /usr/bin/python3 -W ignore:setup.py install is deprecated setup.py develop --uninstall --editable --build-directory /home/plague/ros2_ws/build/examples_rclpy_minimal_service/build
[1.385s] Invoking command in '/home/plague/ros2_ws/src/examples/rclpy/services/minimal_service': PYTHONPATH=/home/plague/ros2_ws/build/examples_rclpy_minimal_service/prefix_override:/home/plague/ros2_ws/install/examples_rclpy_minimal_service/lib/python3.10/site-packages:${PYTHONPATH} /usr/bin/python3 -W ignore:setup.py install is deprecated setup.py egg_info --egg-base ../../../../../build/examples_rclpy_minimal_service build --build-base /home/plague/ros2_ws/build/examples_rclpy_minimal_service/build install --record /home/plague/ros2_ws/build/examples_rclpy_minimal_service/install.log --single-version-externally-managed install_data --force
[1.586s] running egg_info
[1.587s] writing ../../../../../build/examples_rclpy_minimal_service/examples_rclpy_minimal_service.egg-info/PKG-INFO
[1.587s] writing dependency_links to ../../../../../build/examples_rclpy_minimal_service/examples_rclpy_minimal_service.egg-info/dependency_links.txt
[1.587s] writing entry points to ../../../../../build/examples_rclpy_minimal_service/examples_rclpy_minimal_service.egg-info/entry_points.txt
[1.587s] writing requirements to ../../../../../build/examples_rclpy_minimal_service/examples_rclpy_minimal_service.egg-info/requires.txt
[1.587s] writing top-level names to ../../../../../build/examples_rclpy_minimal_service/examples_rclpy_minimal_service.egg-info/top_level.txt
[1.589s] reading manifest file '../../../../../build/examples_rclpy_minimal_service/examples_rclpy_minimal_service.egg-info/SOURCES.txt'
[1.590s] writing manifest file '../../../../../build/examples_rclpy_minimal_service/examples_rclpy_minimal_service.egg-info/SOURCES.txt'
[1.590s] running build
[1.590s] running build_py
[1.590s] creating /home/plague/ros2_ws/build/examples_rclpy_minimal_service/build
[1.590s] creating /home/plague/ros2_ws/build/examples_rclpy_minimal_service/build/lib
[1.590s] creating /home/plague/ros2_ws/build/examples_rclpy_minimal_service/build/lib/examples_rclpy_minimal_service
[1.590s] copying examples_rclpy_minimal_service/__init__.py -> /home/plague/ros2_ws/build/examples_rclpy_minimal_service/build/lib/examples_rclpy_minimal_service
[1.590s] copying examples_rclpy_minimal_service/service.py -> /home/plague/ros2_ws/build/examples_rclpy_minimal_service/build/lib/examples_rclpy_minimal_service
[1.590s] copying examples_rclpy_minimal_service/service_member_function.py -> /home/plague/ros2_ws/build/examples_rclpy_minimal_service/build/lib/examples_rclpy_minimal_service
[1.591s] running install
[1.591s] running install_lib
[1.591s] creating /home/plague/ros2_ws/install/examples_rclpy_minimal_service/lib/python3.10/site-packages/examples_rclpy_minimal_service
[1.592s] copying /home/plague/ros2_ws/build/examples_rclpy_minimal_service/build/lib/examples_rclpy_minimal_service/__init__.py -> /home/plague/ros2_ws/install/examples_rclpy_minimal_service/lib/python3.10/site-packages/examples_rclpy_minimal_service
[1.592s] copying /home/plague/ros2_ws/build/examples_rclpy_minimal_service/build/lib/examples_rclpy_minimal_service/service.py -> /home/plague/ros2_ws/install/examples_rclpy_minimal_service/lib/python3.10/site-packages/examples_rclpy_minimal_service
[1.592s] copying /home/plague/ros2_ws/build/examples_rclpy_minimal_service/build/lib/examples_rclpy_minimal_service/service_member_function.py -> /home/plague/ros2_ws/install/examples_rclpy_minimal_service/lib/python3.10/site-packages/examples_rclpy_minimal_service
[1.592s] byte-compiling /home/plague/ros2_ws/install/examples_rclpy_minimal_service/lib/python3.10/site-packages/examples_rclpy_minimal_service/__init__.py to __init__.cpython-310.pyc
[1.592s] byte-compiling /home/plague/ros2_ws/install/examples_rclpy_minimal_service/lib/python3.10/site-packages/examples_rclpy_minimal_service/service.py to service.cpython-310.pyc
[1.593s] byte-compiling /home/plague/ros2_ws/install/examples_rclpy_minimal_service/lib/python3.10/site-packages/examples_rclpy_minimal_service/service_member_function.py to service_member_function.cpython-310.pyc
[1.593s] running install_data
[1.593s] copying resource/examples_rclpy_minimal_service -> /home/plague/ros2_ws/install/examples_rclpy_minimal_service/share/ament_index/resource_index/packages
[1.593s] copying package.xml -> /home/plague/ros2_ws/install/examples_rclpy_minimal_service/share/examples_rclpy_minimal_service
[1.594s] running install_egg_info
[1.595s] Copying ../../../../../build/examples_rclpy_minimal_service/examples_rclpy_minimal_service.egg-info to /home/plague/ros2_ws/install/examples_rclpy_minimal_service/lib/python3.10/site-packages/examples_rclpy_minimal_service-0.18.0-py3.10.egg-info
[1.596s] running install_scripts
[1.615s] Installing service script to /home/plague/ros2_ws/install/examples_rclpy_minimal_service/lib/examples_rclpy_minimal_service
[1.615s] Installing service_member_function script to /home/plague/ros2_ws/install/examples_rclpy_minimal_service/lib/examples_rclpy_minimal_service
[1.616s] writing list of installed files to '/home/plague/ros2_ws/build/examples_rclpy_minimal_service/install.log'
[1.639s] Invoked command in '/home/plague/ros2_ws/src/examples/rclpy/services/minimal_service' returned '0': PYTHONPATH=/home/plague/ros2_ws/build/examples_rclpy_minimal_service/prefix_override:/home/plague/ros2_ws/install/examples_rclpy_minimal_service/lib/python3.10/site-packages:${PYTHONPATH} /usr/bin/python3 -W ignore:setup.py install is deprecated setup.py egg_info --egg-base ../../../../../build/examples_rclpy_minimal_service build --build-base /home/plague/ros2_ws/build/examples_rclpy_minimal_service/build install --record /home/plague/ros2_ws/build/examples_rclpy_minimal_service/install.log --single-version-externally-managed install_data --force
