[1.190s] Invoking command in '/home/plague/ros2_ws/build/examples_rclpy_guard_conditions': PYTHONPATH=/home/plague/ros2_ws/build/examples_rclpy_guard_conditions/prefix_override:/home/plague/ros2_ws/install/examples_rclpy_guard_conditions/lib/python3.10/site-packages:${PYTHONPATH} /usr/bin/python3 -W ignore:setup.py install is deprecated setup.py develop --uninstall --editable --build-directory /home/plague/ros2_ws/build/examples_rclpy_guard_conditions/build
[1.591s] running develop
[1.591s] /usr/lib/python3/dist-packages/setuptools/command/easy_install.py:158: EasyInstallDeprecationWarning: easy_install command is deprecated. Use build and pip and other standards-based tools.
[1.592s]   warnings.warn(
[1.774s] Removing /home/plague/ros2_ws/install/examples_rclpy_guard_conditions/lib/python3.10/site-packages/examples-rclpy-guard-conditions.egg-link (link to .)
[1.972s] Invoked command in '/home/plague/ros2_ws/build/examples_rclpy_guard_conditions' returned '0': PYTHONPATH=/home/plague/ros2_ws/build/examples_rclpy_guard_conditions/prefix_override:/home/plague/ros2_ws/install/examples_rclpy_guard_conditions/lib/python3.10/site-packages:${PYTHONPATH} /usr/bin/python3 -W ignore:setup.py install is deprecated setup.py develop --uninstall --editable --build-directory /home/plague/ros2_ws/build/examples_rclpy_guard_conditions/build
[1.974s] Invoking command in '/home/plague/ros2_ws/src/examples/rclpy/guard_conditions': PYTHONPATH=/home/plague/ros2_ws/build/examples_rclpy_guard_conditions/prefix_override:/home/plague/ros2_ws/install/examples_rclpy_guard_conditions/lib/python3.10/site-packages:${PYTHONPATH} /usr/bin/python3 -W ignore:setup.py install is deprecated setup.py egg_info --egg-base ../../../../build/examples_rclpy_guard_conditions build --build-base /home/plague/ros2_ws/build/examples_rclpy_guard_conditions/build install --record /home/plague/ros2_ws/build/examples_rclpy_guard_conditions/install.log --single-version-externally-managed install_data --force
[2.313s] running egg_info
[2.313s] writing ../../../../build/examples_rclpy_guard_conditions/examples_rclpy_guard_conditions.egg-info/PKG-INFO
[2.313s] writing dependency_links to ../../../../build/examples_rclpy_guard_conditions/examples_rclpy_guard_conditions.egg-info/dependency_links.txt
[2.313s] writing entry points to ../../../../build/examples_rclpy_guard_conditions/examples_rclpy_guard_conditions.egg-info/entry_points.txt
[2.313s] writing requirements to ../../../../build/examples_rclpy_guard_conditions/examples_rclpy_guard_conditions.egg-info/requires.txt
[2.313s] writing top-level names to ../../../../build/examples_rclpy_guard_conditions/examples_rclpy_guard_conditions.egg-info/top_level.txt
[2.315s] reading manifest file '../../../../build/examples_rclpy_guard_conditions/examples_rclpy_guard_conditions.egg-info/SOURCES.txt'
[2.316s] writing manifest file '../../../../build/examples_rclpy_guard_conditions/examples_rclpy_guard_conditions.egg-info/SOURCES.txt'
[2.316s] running build
[2.316s] running build_py
[2.316s] creating /home/plague/ros2_ws/build/examples_rclpy_guard_conditions/build
[2.316s] creating /home/plague/ros2_ws/build/examples_rclpy_guard_conditions/build/lib
[2.317s] creating /home/plague/ros2_ws/build/examples_rclpy_guard_conditions/build/lib/examples_rclpy_guard_conditions
[2.317s] copying examples_rclpy_guard_conditions/__init__.py -> /home/plague/ros2_ws/build/examples_rclpy_guard_conditions/build/lib/examples_rclpy_guard_conditions
[2.317s] copying examples_rclpy_guard_conditions/trigger_guard_condition.py -> /home/plague/ros2_ws/build/examples_rclpy_guard_conditions/build/lib/examples_rclpy_guard_conditions
[2.317s] running install
[2.317s] running install_lib
[2.318s] creating /home/plague/ros2_ws/install/examples_rclpy_guard_conditions/lib/python3.10/site-packages/examples_rclpy_guard_conditions
[2.318s] copying /home/plague/ros2_ws/build/examples_rclpy_guard_conditions/build/lib/examples_rclpy_guard_conditions/__init__.py -> /home/plague/ros2_ws/install/examples_rclpy_guard_conditions/lib/python3.10/site-packages/examples_rclpy_guard_conditions
[2.318s] copying /home/plague/ros2_ws/build/examples_rclpy_guard_conditions/build/lib/examples_rclpy_guard_conditions/trigger_guard_condition.py -> /home/plague/ros2_ws/install/examples_rclpy_guard_conditions/lib/python3.10/site-packages/examples_rclpy_guard_conditions
[2.319s] byte-compiling /home/plague/ros2_ws/install/examples_rclpy_guard_conditions/lib/python3.10/site-packages/examples_rclpy_guard_conditions/__init__.py to __init__.cpython-310.pyc
[2.319s] byte-compiling /home/plague/ros2_ws/install/examples_rclpy_guard_conditions/lib/python3.10/site-packages/examples_rclpy_guard_conditions/trigger_guard_condition.py to trigger_guard_condition.cpython-310.pyc
[2.319s] running install_data
[2.320s] copying resource/examples_rclpy_guard_conditions -> /home/plague/ros2_ws/install/examples_rclpy_guard_conditions/share/ament_index/resource_index/packages
[2.320s] copying package.xml -> /home/plague/ros2_ws/install/examples_rclpy_guard_conditions/share/examples_rclpy_guard_conditions
[2.320s] running install_egg_info
[2.322s] Copying ../../../../build/examples_rclpy_guard_conditions/examples_rclpy_guard_conditions.egg-info to /home/plague/ros2_ws/install/examples_rclpy_guard_conditions/lib/python3.10/site-packages/examples_rclpy_guard_conditions-0.18.0-py3.10.egg-info
[2.323s] running install_scripts
[2.343s] Installing trigger_guard_condition script to /home/plague/ros2_ws/install/examples_rclpy_guard_conditions/lib/examples_rclpy_guard_conditions
[2.344s] writing list of installed files to '/home/plague/ros2_ws/build/examples_rclpy_guard_conditions/install.log'
[2.771s] Invoked command in '/home/plague/ros2_ws/src/examples/rclpy/guard_conditions' returned '0': PYTHONPATH=/home/plague/ros2_ws/build/examples_rclpy_guard_conditions/prefix_override:/home/plague/ros2_ws/install/examples_rclpy_guard_conditions/lib/python3.10/site-packages:${PYTHONPATH} /usr/bin/python3 -W ignore:setup.py install is deprecated setup.py egg_info --egg-base ../../../../build/examples_rclpy_guard_conditions build --build-base /home/plague/ros2_ws/build/examples_rclpy_guard_conditions/build install --record /home/plague/ros2_ws/build/examples_rclpy_guard_conditions/install.log --single-version-externally-managed install_data --force
