[1.323s] Invoking command in '/home/plague/ros2_ws/build/examples_rclpy_minimal_action_client': PYTHONPATH=/home/plague/ros2_ws/build/examples_rclpy_minimal_action_client/prefix_override:/home/plague/ros2_ws/install/examples_rclpy_minimal_action_client/lib/python3.10/site-packages:${PYTHONPATH} /usr/bin/python3 -W ignore:setup.py install is deprecated setup.py develop --editable --build-directory /home/plague/ros2_ws/build/examples_rclpy_minimal_action_client/build --no-deps symlink_data
[2.947s] running develop
[2.948s] running egg_info
[2.948s] creating examples_rclpy_minimal_action_client.egg-info
[2.948s] writing examples_rclpy_minimal_action_client.egg-info/PKG-INFO
[2.948s] writing dependency_links to examples_rclpy_minimal_action_client.egg-info/dependency_links.txt
[2.948s] writing entry points to examples_rclpy_minimal_action_client.egg-info/entry_points.txt
[2.948s] writing requirements to examples_rclpy_minimal_action_client.egg-info/requires.txt
[2.949s] writing top-level names to examples_rclpy_minimal_action_client.egg-info/top_level.txt
[2.949s] writing manifest file 'examples_rclpy_minimal_action_client.egg-info/SOURCES.txt'
[2.949s] reading manifest file 'examples_rclpy_minimal_action_client.egg-info/SOURCES.txt'
[2.949s] writing manifest file 'examples_rclpy_minimal_action_client.egg-info/SOURCES.txt'
[2.949s] running build_ext
[2.949s] Creating /home/plague/ros2_ws/install/examples_rclpy_minimal_action_client/lib/python3.10/site-packages/examples-rclpy-minimal-action-client.egg-link (link to .)
[2.949s] Installing client script to /home/plague/ros2_ws/install/examples_rclpy_minimal_action_client/lib/examples_rclpy_minimal_action_client
[2.949s] Installing client_asyncio script to /home/plague/ros2_ws/install/examples_rclpy_minimal_action_client/lib/examples_rclpy_minimal_action_client
[2.949s] Installing client_cancel script to /home/plague/ros2_ws/install/examples_rclpy_minimal_action_client/lib/examples_rclpy_minimal_action_client
[2.950s] Installing client_not_composable script to /home/plague/ros2_ws/install/examples_rclpy_minimal_action_client/lib/examples_rclpy_minimal_action_client
[2.950s] 
[2.950s] Installed /home/plague/ros2_ws/build/examples_rclpy_minimal_action_client
[2.950s] running symlink_data
[2.950s] creating /home/plague/ros2_ws/install/examples_rclpy_minimal_action_client/share/ament_index
[2.950s] creating /home/plague/ros2_ws/install/examples_rclpy_minimal_action_client/share/ament_index/resource_index
[2.950s] creating /home/plague/ros2_ws/install/examples_rclpy_minimal_action_client/share/ament_index/resource_index/packages
[2.950s] symbolically linking /home/plague/ros2_ws/build/examples_rclpy_minimal_action_client/resource/examples_rclpy_minimal_action_client -> /home/plague/ros2_ws/install/examples_rclpy_minimal_action_client/share/ament_index/resource_index/packages
[2.950s] symbolically linking /home/plague/ros2_ws/build/examples_rclpy_minimal_action_client/package.xml -> /home/plague/ros2_ws/install/examples_rclpy_minimal_action_client/share/examples_rclpy_minimal_action_client
[2.952s] /usr/lib/python3/dist-packages/setuptools/command/easy_install.py:158: EasyInstallDeprecationWarning: easy_install command is deprecated. Use build and pip and other standards-based tools.
[2.952s]   warnings.warn(
[2.970s] Invoked command in '/home/plague/ros2_ws/build/examples_rclpy_minimal_action_client' returned '0': PYTHONPATH=/home/plague/ros2_ws/build/examples_rclpy_minimal_action_client/prefix_override:/home/plague/ros2_ws/install/examples_rclpy_minimal_action_client/lib/python3.10/site-packages:${PYTHONPATH} /usr/bin/python3 -W ignore:setup.py install is deprecated setup.py develop --editable --build-directory /home/plague/ros2_ws/build/examples_rclpy_minimal_action_client/build --no-deps symlink_data
