[0.418s] Invoking command in '/home/plague/ros2_ws/src/py_pubsub': PYTHONPATH=/home/plague/ros2_ws/build/py_pubsub/prefix_override:/home/plague/ros2_ws/install/py_pubsub/lib/python3.10/site-packages:${PYTHONPATH} /usr/bin/python3 -W ignore:setup.py install is deprecated setup.py egg_info --egg-base ../../build/py_pubsub build --build-base /home/plague/ros2_ws/build/py_pubsub/build install --record /home/plague/ros2_ws/build/py_pubsub/install.log --single-version-externally-managed install_data
[0.583s] running egg_info
[0.583s] writing ../../build/py_pubsub/py_pubsub.egg-info/PKG-INFO
[0.583s] writing dependency_links to ../../build/py_pubsub/py_pubsub.egg-info/dependency_links.txt
[0.584s] writing entry points to ../../build/py_pubsub/py_pubsub.egg-info/entry_points.txt
[0.584s] writing requirements to ../../build/py_pubsub/py_pubsub.egg-info/requires.txt
[0.584s] writing top-level names to ../../build/py_pubsub/py_pubsub.egg-info/top_level.txt
[0.585s] reading manifest file '../../build/py_pubsub/py_pubsub.egg-info/SOURCES.txt'
[0.585s] adding license file 'LICENSE'
[0.586s] writing manifest file '../../build/py_pubsub/py_pubsub.egg-info/SOURCES.txt'
[0.586s] running build
[0.586s] running build_py
[0.586s] running install
[0.586s] running install_lib
[0.587s] running install_data
[0.587s] running install_egg_info
[0.588s] removing '/home/plague/ros2_ws/install/py_pubsub/lib/python3.10/site-packages/py_pubsub-0.0.0-py3.10.egg-info' (and everything under it)
[0.588s] Copying ../../build/py_pubsub/py_pubsub.egg-info to /home/plague/ros2_ws/install/py_pubsub/lib/python3.10/site-packages/py_pubsub-0.0.0-py3.10.egg-info
[0.589s] running install_scripts
[0.604s] Installing listener script to /home/plague/ros2_ws/install/py_pubsub/lib/py_pubsub
[0.604s] Installing talker script to /home/plague/ros2_ws/install/py_pubsub/lib/py_pubsub
[0.604s] writing list of installed files to '/home/plague/ros2_ws/build/py_pubsub/install.log'
[0.623s] Invoked command in '/home/plague/ros2_ws/src/py_pubsub' returned '0': PYTHONPATH=/home/plague/ros2_ws/build/py_pubsub/prefix_override:/home/plague/ros2_ws/install/py_pubsub/lib/python3.10/site-packages:${PYTHONPATH} /usr/bin/python3 -W ignore:setup.py install is deprecated setup.py egg_info --egg-base ../../build/py_pubsub build --build-base /home/plague/ros2_ws/build/py_pubsub/build install --record /home/plague/ros2_ws/build/py_pubsub/install.log --single-version-externally-managed install_data
