[0.020s] Invoking command in '/home/plague/ros2_ws/build/examples_rclcpp_minimal_publisher': CMAKE_PREFIX_PATH=/opt/ros/iron /usr/bin/cmake /home/plague/ros2_ws/src/examples/rclcpp/topics/minimal_publisher -DAMENT_CMAKE_SYMLINK_INSTALL=1 -DCMAKE_INSTALL_PREFIX=/home/plague/ros2_ws/install/examples_rclcpp_minimal_publisher
[1.924s] -- The C compiler identification is GNU 11.4.0
[1.925s] -- The CXX compiler identification is GNU 11.4.0
[1.925s] -- Detecting C compiler ABI info
[1.925s] -- Detecting C compiler ABI info - done
[1.925s] -- Check for working C compiler: /usr/bin/cc - skipped
[1.925s] -- Detecting C compile features
[1.925s] -- Detecting C compile features - done
[1.925s] -- Detecting CXX compiler ABI info
[1.925s] -- Detecting CXX compiler ABI info - done
[1.925s] -- Check for working CXX compiler: /usr/bin/c++ - skipped
[1.925s] -- Detecting CXX compile features
[1.925s] -- Detecting CXX compile features - done
[1.925s] -- Found ament_cmake: 2.0.4 (/opt/ros/iron/share/ament_cmake/cmake)
[1.925s] -- Found Python3: /usr/bin/python3.10 (found version "3.10.12") found components: Interpreter 
[1.926s] -- Override CMake install command with custom implementation using symlinks instead of copying resources
[1.926s] -- Found rclcpp: 21.0.5 (/opt/ros/iron/share/rclcpp/cmake)
[1.926s] -- Found rosidl_generator_c: 4.0.1 (/opt/ros/iron/share/rosidl_generator_c/cmake)
[1.926s] -- Found rosidl_generator_cpp: 4.0.1 (/opt/ros/iron/share/rosidl_generator_cpp/cmake)
[1.926s] -- Using all available rosidl_typesupport_c: rosidl_typesupport_fastrtps_c;rosidl_typesupport_introspection_c
[1.926s] -- Using all available rosidl_typesupport_cpp: rosidl_typesupport_fastrtps_cpp;rosidl_typesupport_introspection_cpp
[1.926s] -- Found rmw_implementation_cmake: 7.1.0 (/opt/ros/iron/share/rmw_implementation_cmake/cmake)
[1.926s] -- Found rmw_fastrtps_cpp: 7.1.3 (/opt/ros/iron/share/rmw_fastrtps_cpp/cmake)
[1.926s] -- Found OpenSSL: /usr/lib/x86_64-linux-gnu/libcrypto.so (found version "3.0.2")  
[1.929s] -- Found FastRTPS: /opt/ros/iron/include  
[1.929s] -- Using RMW implementation 'rmw_fastrtps_cpp' as default
[1.929s] -- Found std_msgs: 5.0.0 (/opt/ros/iron/share/std_msgs/cmake)
[1.929s] -- Found ament_lint_auto: 0.14.3 (/opt/ros/iron/share/ament_lint_auto/cmake)
[1.929s] -- Added test 'copyright' to check source files copyright and LICENSE
[1.929s] -- Added test 'cppcheck' to perform static code analysis on C / C++ code
[1.929s] -- Configured cppcheck include dirs: 
[1.929s] -- Configured cppcheck exclude dirs and/or files: 
[1.929s] -- Added test 'cpplint' to check C / C++ code against the Google style
[1.929s] -- Configured cpplint exclude dirs and/or files: 
[1.929s] -- Added test 'lint_cmake' to check CMake code style
[1.929s] -- Added test 'uncrustify' to check C / C++ code style
[1.930s] -- Configured uncrustify additional arguments: 
[1.930s] -- Added test 'xmllint' to check XML markup files
[1.930s] -- Configuring done
[1.930s] -- Generating done
[1.930s] -- Build files have been written to: /home/plague/ros2_ws/build/examples_rclcpp_minimal_publisher
[1.939s] Invoked command in '/home/plague/ros2_ws/build/examples_rclcpp_minimal_publisher' returned '0': CMAKE_PREFIX_PATH=/opt/ros/iron /usr/bin/cmake /home/plague/ros2_ws/src/examples/rclcpp/topics/minimal_publisher -DAMENT_CMAKE_SYMLINK_INSTALL=1 -DCMAKE_INSTALL_PREFIX=/home/plague/ros2_ws/install/examples_rclcpp_minimal_publisher
[1.940s] Invoking command in '/home/plague/ros2_ws/build/examples_rclcpp_minimal_publisher': CMAKE_PREFIX_PATH=/opt/ros/iron /usr/bin/cmake --build /home/plague/ros2_ws/build/examples_rclcpp_minimal_publisher -- -j8 -l8
[2.196s] [  8%] [32mBuilding CXX object CMakeFiles/publisher_member_function_with_type_adapter.dir/member_function_with_type_adapter.cpp.o[0m
[2.196s] [ 16%] [32mBuilding CXX object CMakeFiles/publisher_member_function.dir/member_function.cpp.o[0m
[2.196s] [ 25%] [32mBuilding CXX object CMakeFiles/publisher_lambda.dir/lambda.cpp.o[0m
[2.196s] [ 33%] [32mBuilding CXX object CMakeFiles/publisher_member_function_with_unique_network_flow_endpoints.dir/member_function_with_unique_network_flow_endpoints.cpp.o[0m
[2.197s] [ 41%] [32mBuilding CXX object CMakeFiles/publisher_wait_for_all_acked.dir/member_function_with_wait_for_all_acked.cpp.o[0m
[2.267s] [ 50%] [32mBuilding CXX object CMakeFiles/publisher_not_composable.dir/not_composable.cpp.o[0m
[26.407s] [ 58%] [32m[1mLinking CXX executable publisher_member_function_with_unique_network_flow_endpoints[0m
[26.758s] [ 58%] Built target publisher_member_function_with_unique_network_flow_endpoints
[35.556s] [ 66%] [32m[1mLinking CXX executable publisher_member_function_with_type_adapter[0m
[35.990s] [ 66%] Built target publisher_member_function_with_type_adapter
[36.001s] [ 75%] [32m[1mLinking CXX executable publisher_lambda[0m
[36.395s] [ 75%] Built target publisher_lambda
[36.703s] [ 83%] [32m[1mLinking CXX executable publisher_wait_for_all_acked[0m
[37.045s] [ 83%] Built target publisher_wait_for_all_acked
[37.057s] [ 91%] [32m[1mLinking CXX executable publisher_not_composable[0m
[37.394s] [ 91%] Built target publisher_not_composable
[37.869s] [100%] [32m[1mLinking CXX executable publisher_member_function[0m
[38.219s] [100%] Built target publisher_member_function
[38.312s] Invoked command in '/home/plague/ros2_ws/build/examples_rclcpp_minimal_publisher' returned '0': CMAKE_PREFIX_PATH=/opt/ros/iron /usr/bin/cmake --build /home/plague/ros2_ws/build/examples_rclcpp_minimal_publisher -- -j8 -l8
[38.459s] Invoking command in '/home/plague/ros2_ws/build/examples_rclcpp_minimal_publisher': CMAKE_PREFIX_PATH=/opt/ros/iron /usr/bin/cmake --install /home/plague/ros2_ws/build/examples_rclcpp_minimal_publisher
[40.691s] -- Install configuration: ""
[40.691s] -- Execute custom install script
[40.691s] -- Symlinking: /home/plague/ros2_ws/install/examples_rclcpp_minimal_publisher/lib/examples_rclcpp_minimal_publisher/publisher_lambda
[40.691s] -- Symlinking: /home/plague/ros2_ws/install/examples_rclcpp_minimal_publisher/lib/examples_rclcpp_minimal_publisher/publisher_member_function
[40.691s] -- Symlinking: /home/plague/ros2_ws/install/examples_rclcpp_minimal_publisher/lib/examples_rclcpp_minimal_publisher/publisher_member_function_with_type_adapter
[40.691s] -- Symlinking: /home/plague/ros2_ws/install/examples_rclcpp_minimal_publisher/lib/examples_rclcpp_minimal_publisher/publisher_member_function_with_unique_network_flow_endpoints
[40.691s] -- Symlinking: /home/plague/ros2_ws/install/examples_rclcpp_minimal_publisher/lib/examples_rclcpp_minimal_publisher/publisher_wait_for_all_acked
[40.692s] -- Symlinking: /home/plague/ros2_ws/install/examples_rclcpp_minimal_publisher/lib/examples_rclcpp_minimal_publisher/publisher_not_composable
[40.692s] -- Symlinking: /home/plague/ros2_ws/install/examples_rclcpp_minimal_publisher/share/ament_index/resource_index/package_run_dependencies/examples_rclcpp_minimal_publisher
[40.692s] -- Symlinking: /home/plague/ros2_ws/install/examples_rclcpp_minimal_publisher/share/ament_index/resource_index/parent_prefix_path/examples_rclcpp_minimal_publisher
[40.692s] -- Symlinking: /home/plague/ros2_ws/install/examples_rclcpp_minimal_publisher/share/examples_rclcpp_minimal_publisher/environment/ament_prefix_path.sh
[40.692s] -- Symlinking: /home/plague/ros2_ws/install/examples_rclcpp_minimal_publisher/share/examples_rclcpp_minimal_publisher/environment/ament_prefix_path.dsv
[40.692s] -- Symlinking: /home/plague/ros2_ws/install/examples_rclcpp_minimal_publisher/share/examples_rclcpp_minimal_publisher/environment/path.sh
[40.692s] -- Symlinking: /home/plague/ros2_ws/install/examples_rclcpp_minimal_publisher/share/examples_rclcpp_minimal_publisher/environment/path.dsv
[40.692s] -- Symlinking: /home/plague/ros2_ws/install/examples_rclcpp_minimal_publisher/share/examples_rclcpp_minimal_publisher/local_setup.bash
[40.692s] -- Symlinking: /home/plague/ros2_ws/install/examples_rclcpp_minimal_publisher/share/examples_rclcpp_minimal_publisher/local_setup.sh
[40.692s] -- Symlinking: /home/plague/ros2_ws/install/examples_rclcpp_minimal_publisher/share/examples_rclcpp_minimal_publisher/local_setup.zsh
[40.692s] -- Symlinking: /home/plague/ros2_ws/install/examples_rclcpp_minimal_publisher/share/examples_rclcpp_minimal_publisher/local_setup.dsv
[40.693s] -- Symlinking: /home/plague/ros2_ws/install/examples_rclcpp_minimal_publisher/share/examples_rclcpp_minimal_publisher/package.dsv
[40.693s] -- Symlinking: /home/plague/ros2_ws/install/examples_rclcpp_minimal_publisher/share/ament_index/resource_index/packages/examples_rclcpp_minimal_publisher
[40.693s] -- Symlinking: /home/plague/ros2_ws/install/examples_rclcpp_minimal_publisher/share/examples_rclcpp_minimal_publisher/cmake/examples_rclcpp_minimal_publisherConfig.cmake
[40.693s] -- Symlinking: /home/plague/ros2_ws/install/examples_rclcpp_minimal_publisher/share/examples_rclcpp_minimal_publisher/cmake/examples_rclcpp_minimal_publisherConfig-version.cmake
[40.693s] -- Symlinking: /home/plague/ros2_ws/install/examples_rclcpp_minimal_publisher/share/examples_rclcpp_minimal_publisher/package.xml
[40.696s] Invoked command in '/home/plague/ros2_ws/build/examples_rclcpp_minimal_publisher' returned '0': CMAKE_PREFIX_PATH=/opt/ros/iron /usr/bin/cmake --install /home/plague/ros2_ws/build/examples_rclcpp_minimal_publisher
