[0.191s] Invoking command in '/home/plague/ros2_ws/build/my_package': CMAKE_PREFIX_PATH=${CMAKE_PREFIX_PATH}:/opt/ros/humble /usr/bin/cmake /home/plague/ros2_ws/src/my_package -DAMENT_CMAKE_SYMLINK_INSTALL=1 -DCMAKE_INSTALL_PREFIX=/home/plague/ros2_ws/install/my_package
[1.346s] -- The C compiler identification is GNU 11.4.0
[1.346s] -- The CXX compiler identification is GNU 11.4.0
[1.346s] -- Detecting C compiler ABI info
[1.346s] -- Detecting C compiler ABI info - done
[1.346s] -- Check for working C compiler: /usr/bin/cc - skipped
[1.346s] -- Detecting C compile features
[1.346s] -- Detecting C compile features - done
[1.346s] -- Detecting CXX compiler ABI info
[1.346s] -- Detecting CXX compiler ABI info - done
[1.347s] -- Check for working CXX compiler: /usr/bin/c++ - skipped
[1.347s] -- Detecting CXX compile features
[1.347s] -- Detecting CXX compile features - done
[1.347s] -- Found ament_cmake: 1.3.11 (/opt/ros/humble/share/ament_cmake/cmake)
[1.347s] -- Found Python3: /usr/bin/python3 (found version "3.10.12") found components: Interpreter 
[1.353s] -- Override CMake install command with custom implementation using symlinks instead of copying resources
[1.406s] -- Found ament_lint_auto: 0.12.11 (/opt/ros/humble/share/ament_lint_auto/cmake)
[1.671s] -- Added test 'cppcheck' to perform static code analysis on C / C++ code
[1.671s] -- Configured cppcheck include dirs: $<BUILD_INTERFACE:/home/plague/ros2_ws/src/my_package/include>
[1.671s] -- Configured cppcheck exclude dirs and/or files: 
[1.673s] -- Added test 'lint_cmake' to check CMake code style
[1.675s] -- Added test 'uncrustify' to check C / C++ code style
[1.675s] -- Configured uncrustify additional arguments: 
[1.677s] -- Added test 'xmllint' to check XML markup files
[1.680s] -- Configuring done
[1.689s] -- Generating done
[1.694s] -- Build files have been written to: /home/plague/ros2_ws/build/my_package
[1.703s] Invoked command in '/home/plague/ros2_ws/build/my_package' returned '0': CMAKE_PREFIX_PATH=${CMAKE_PREFIX_PATH}:/opt/ros/humble /usr/bin/cmake /home/plague/ros2_ws/src/my_package -DAMENT_CMAKE_SYMLINK_INSTALL=1 -DCMAKE_INSTALL_PREFIX=/home/plague/ros2_ws/install/my_package
[1.706s] Invoking command in '/home/plague/ros2_ws/build/my_package': CMAKE_PREFIX_PATH=${CMAKE_PREFIX_PATH}:/opt/ros/humble /usr/bin/cmake --build /home/plague/ros2_ws/build/my_package -- -j8 -l8
[1.798s] [ 50%] [32mBuilding CXX object CMakeFiles/my_node.dir/src/my_node.cpp.o[0m
[1.846s] [100%] [32m[1mLinking CXX executable my_node[0m
[1.928s] [100%] Built target my_node
[1.946s] Invoked command in '/home/plague/ros2_ws/build/my_package' returned '0': CMAKE_PREFIX_PATH=${CMAKE_PREFIX_PATH}:/opt/ros/humble /usr/bin/cmake --build /home/plague/ros2_ws/build/my_package -- -j8 -l8
[1.963s] Invoking command in '/home/plague/ros2_ws/build/my_package': CMAKE_PREFIX_PATH=${CMAKE_PREFIX_PATH}:/opt/ros/humble /usr/bin/cmake --install /home/plague/ros2_ws/build/my_package
[1.976s] -- Install configuration: ""
[1.977s] -- Execute custom install script
[1.977s] -- Symlinking: /home/plague/ros2_ws/install/my_package/lib/my_package/my_node
[1.992s] -- Symlinking: /home/plague/ros2_ws/install/my_package/share/ament_index/resource_index/package_run_dependencies/my_package
[2.023s] -- Symlinking: /home/plague/ros2_ws/install/my_package/share/ament_index/resource_index/parent_prefix_path/my_package
[2.161s] -- Symlinking: /home/plague/ros2_ws/install/my_package/share/my_package/environment/ament_prefix_path.sh
[2.186s] -- Symlinking: /home/plague/ros2_ws/install/my_package/share/my_package/environment/ament_prefix_path.dsv
[2.214s] -- Symlinking: /home/plague/ros2_ws/install/my_package/share/my_package/environment/path.sh
[2.241s] -- Symlinking: /home/plague/ros2_ws/install/my_package/share/my_package/environment/path.dsv
[2.267s] -- Symlinking: /home/plague/ros2_ws/install/my_package/share/my_package/local_setup.bash
[2.298s] -- Symlinking: /home/plague/ros2_ws/install/my_package/share/my_package/local_setup.sh
[2.315s] -- Symlinking: /home/plague/ros2_ws/install/my_package/share/my_package/local_setup.zsh
[2.333s] -- Symlinking: /home/plague/ros2_ws/install/my_package/share/my_package/local_setup.dsv
[2.351s] -- Symlinking: /home/plague/ros2_ws/install/my_package/share/my_package/package.dsv
[2.370s] -- Symlinking: /home/plague/ros2_ws/install/my_package/share/ament_index/resource_index/packages/my_package
[2.388s] -- Symlinking: /home/plague/ros2_ws/install/my_package/share/my_package/cmake/my_packageConfig.cmake
[2.406s] -- Symlinking: /home/plague/ros2_ws/install/my_package/share/my_package/cmake/my_packageConfig-version.cmake
[2.422s] -- Symlinking: /home/plague/ros2_ws/install/my_package/share/my_package/package.xml
[2.444s] Invoked command in '/home/plague/ros2_ws/build/my_package' returned '0': CMAKE_PREFIX_PATH=${CMAKE_PREFIX_PATH}:/opt/ros/humble /usr/bin/cmake --install /home/plague/ros2_ws/build/my_package
