[2.291s] Invoking command in '/home/plague/ros2_ws/build/py_pubsub': PYTHONPATH=/home/plague/ros2_ws/build/py_pubsub/prefix_override:/usr/lib/python3/dist-packages/colcon_core/task/python/colcon_distutils_commands:/home/plague/ros2_ws/install/py_pubsub/lib/python3.10/site-packages:${PYTHONPATH} /usr/bin/python3 -W ignore:setup.py install is deprecated -W ignore:easy_install command is deprecated setup.py develop --editable --build-directory /home/plague/ros2_ws/build/py_pubsub/build --no-deps symlink_data
[3.028s] running develop
[3.346s] running egg_info
[3.346s] creating py_pubsub.egg-info
[3.347s] writing py_pubsub.egg-info/PKG-INFO
[3.347s] writing dependency_links to py_pubsub.egg-info/dependency_links.txt
[3.347s] writing entry points to py_pubsub.egg-info/entry_points.txt
[3.348s] writing requirements to py_pubsub.egg-info/requires.txt
[3.348s] writing top-level names to py_pubsub.egg-info/top_level.txt
[3.348s] writing manifest file 'py_pubsub.egg-info/SOURCES.txt'
[3.352s] reading manifest file 'py_pubsub.egg-info/SOURCES.txt'
[3.353s] writing manifest file 'py_pubsub.egg-info/SOURCES.txt'
[3.356s] running build_ext
[3.356s] Creating /home/plague/ros2_ws/install/py_pubsub/lib/python3.10/site-packages/py-pubsub.egg-link (link to .)
[3.358s] Installing listener script to /home/plague/ros2_ws/install/py_pubsub/lib/py_pubsub
[3.358s] Installing talker script to /home/plague/ros2_ws/install/py_pubsub/lib/py_pubsub
[3.358s] 
[3.359s] Installed /home/plague/ros2_ws/build/py_pubsub
[3.359s] running symlink_data
[3.359s] creating /home/plague/ros2_ws/install/py_pubsub/share/ament_index
[3.359s] creating /home/plague/ros2_ws/install/py_pubsub/share/ament_index/resource_index
[3.360s] creating /home/plague/ros2_ws/install/py_pubsub/share/ament_index/resource_index/packages
[3.360s] symbolically linking /home/plague/ros2_ws/build/py_pubsub/resource/py_pubsub -> /home/plague/ros2_ws/install/py_pubsub/share/ament_index/resource_index/packages
[3.360s] symbolically linking /home/plague/ros2_ws/build/py_pubsub/package.xml -> /home/plague/ros2_ws/install/py_pubsub/share/py_pubsub
[3.406s] Invoked command in '/home/plague/ros2_ws/build/py_pubsub' returned '0': PYTHONPATH=/home/plague/ros2_ws/build/py_pubsub/prefix_override:/usr/lib/python3/dist-packages/colcon_core/task/python/colcon_distutils_commands:/home/plague/ros2_ws/install/py_pubsub/lib/python3.10/site-packages:${PYTHONPATH} /usr/bin/python3 -W ignore:setup.py install is deprecated -W ignore:easy_install command is deprecated setup.py develop --editable --build-directory /home/plague/ros2_ws/build/py_pubsub/build --no-deps symlink_data
