[0.405s] Invoking command in '/home/plague/ros2_ws/src/py_pubsub': PYTHONPATH=/home/plague/ros2_ws/build/py_pubsub/prefix_override:/home/plague/ros2_ws/install/py_pubsub/lib/python3.10/site-packages:${PYTHONPATH} /usr/bin/python3 -W ignore:setup.py install is deprecated setup.py egg_info --egg-base ../../build/py_pubsub build --build-base /home/plague/ros2_ws/build/py_pubsub/build install --record /home/plague/ros2_ws/build/py_pubsub/install.log --single-version-externally-managed install_data
[0.562s] running egg_info
[0.562s] creating ../../build/py_pubsub/py_pubsub.egg-info
[0.562s] writing ../../build/py_pubsub/py_pubsub.egg-info/PKG-INFO
[0.562s] writing dependency_links to ../../build/py_pubsub/py_pubsub.egg-info/dependency_links.txt
[0.562s] writing entry points to ../../build/py_pubsub/py_pubsub.egg-info/entry_points.txt
[0.562s] writing requirements to ../../build/py_pubsub/py_pubsub.egg-info/requires.txt
[0.562s] writing top-level names to ../../build/py_pubsub/py_pubsub.egg-info/top_level.txt
[0.562s] writing manifest file '../../build/py_pubsub/py_pubsub.egg-info/SOURCES.txt'
[0.563s] reading manifest file '../../build/py_pubsub/py_pubsub.egg-info/SOURCES.txt'
[0.563s] adding license file 'LICENSE'
[0.564s] writing manifest file '../../build/py_pubsub/py_pubsub.egg-info/SOURCES.txt'
[0.564s] running build
[0.564s] running build_py
[0.564s] creating /home/plague/ros2_ws/build/py_pubsub/build
[0.564s] creating /home/plague/ros2_ws/build/py_pubsub/build/lib
[0.564s] creating /home/plague/ros2_ws/build/py_pubsub/build/lib/py_pubsub
[0.564s] copying py_pubsub/__init__.py -> /home/plague/ros2_ws/build/py_pubsub/build/lib/py_pubsub
[0.564s] copying py_pubsub/subscriber_member_function.py -> /home/plague/ros2_ws/build/py_pubsub/build/lib/py_pubsub
[0.564s] copying py_pubsub/publisher_member_function.py -> /home/plague/ros2_ws/build/py_pubsub/build/lib/py_pubsub
[0.564s] running install
[0.564s] running install_lib
[0.565s] creating /home/plague/ros2_ws/install/py_pubsub/lib/python3.10/site-packages/py_pubsub
[0.565s] copying /home/plague/ros2_ws/build/py_pubsub/build/lib/py_pubsub/__init__.py -> /home/plague/ros2_ws/install/py_pubsub/lib/python3.10/site-packages/py_pubsub
[0.565s] copying /home/plague/ros2_ws/build/py_pubsub/build/lib/py_pubsub/subscriber_member_function.py -> /home/plague/ros2_ws/install/py_pubsub/lib/python3.10/site-packages/py_pubsub
[0.565s] copying /home/plague/ros2_ws/build/py_pubsub/build/lib/py_pubsub/publisher_member_function.py -> /home/plague/ros2_ws/install/py_pubsub/lib/python3.10/site-packages/py_pubsub
[0.565s] byte-compiling /home/plague/ros2_ws/install/py_pubsub/lib/python3.10/site-packages/py_pubsub/__init__.py to __init__.cpython-310.pyc
[0.566s] byte-compiling /home/plague/ros2_ws/install/py_pubsub/lib/python3.10/site-packages/py_pubsub/subscriber_member_function.py to subscriber_member_function.cpython-310.pyc
[0.566s] byte-compiling /home/plague/ros2_ws/install/py_pubsub/lib/python3.10/site-packages/py_pubsub/publisher_member_function.py to publisher_member_function.cpython-310.pyc
[0.566s] running install_data
[0.566s] creating /home/plague/ros2_ws/install/py_pubsub/share/ament_index
[0.566s] creating /home/plague/ros2_ws/install/py_pubsub/share/ament_index/resource_index
[0.566s] creating /home/plague/ros2_ws/install/py_pubsub/share/ament_index/resource_index/packages
[0.566s] copying resource/py_pubsub -> /home/plague/ros2_ws/install/py_pubsub/share/ament_index/resource_index/packages
[0.566s] copying package.xml -> /home/plague/ros2_ws/install/py_pubsub/share/py_pubsub
[0.566s] running install_egg_info
[0.567s] Copying ../../build/py_pubsub/py_pubsub.egg-info to /home/plague/ros2_ws/install/py_pubsub/lib/python3.10/site-packages/py_pubsub-0.0.0-py3.10.egg-info
[0.568s] running install_scripts
[0.583s] Installing listener script to /home/plague/ros2_ws/install/py_pubsub/lib/py_pubsub
[0.583s] Installing talker script to /home/plague/ros2_ws/install/py_pubsub/lib/py_pubsub
[0.583s] writing list of installed files to '/home/plague/ros2_ws/build/py_pubsub/install.log'
[0.601s] Invoked command in '/home/plague/ros2_ws/src/py_pubsub' returned '0': PYTHONPATH=/home/plague/ros2_ws/build/py_pubsub/prefix_override:/home/plague/ros2_ws/install/py_pubsub/lib/python3.10/site-packages:${PYTHONPATH} /usr/bin/python3 -W ignore:setup.py install is deprecated setup.py egg_info --egg-base ../../build/py_pubsub build --build-base /home/plague/ros2_ws/build/py_pubsub/build install --record /home/plague/ros2_ws/build/py_pubsub/install.log --single-version-externally-managed install_data
