[1.215s] Invoking command in '/home/plague/ros2_ws/build/examples_rclpy_executors': PYTHONPATH=/home/plague/ros2_ws/build/examples_rclpy_executors/prefix_override:/home/plague/ros2_ws/install/examples_rclpy_executors/lib/python3.10/site-packages:${PYTHONPATH} /usr/bin/python3 -W ignore:setup.py install is deprecated setup.py develop --uninstall --editable --build-directory /home/plague/ros2_ws/build/examples_rclpy_executors/build
[1.546s] running develop
[1.546s] /usr/lib/python3/dist-packages/setuptools/command/easy_install.py:158: EasyInstallDeprecationWarning: easy_install command is deprecated. Use build and pip and other standards-based tools.
[1.546s]   warnings.warn(
[1.706s] Removing /home/plague/ros2_ws/install/examples_rclpy_executors/lib/python3.10/site-packages/examples-rclpy-executors.egg-link (link to .)
[1.758s] Invoked command in '/home/plague/ros2_ws/build/examples_rclpy_executors' returned '0': PYTHONPATH=/home/plague/ros2_ws/build/examples_rclpy_executors/prefix_override:/home/plague/ros2_ws/install/examples_rclpy_executors/lib/python3.10/site-packages:${PYTHONPATH} /usr/bin/python3 -W ignore:setup.py install is deprecated setup.py develop --uninstall --editable --build-directory /home/plague/ros2_ws/build/examples_rclpy_executors/build
[1.759s] Invoking command in '/home/plague/ros2_ws/src/examples/rclpy/executors': PYTHONPATH=/home/plague/ros2_ws/build/examples_rclpy_executors/prefix_override:/home/plague/ros2_ws/install/examples_rclpy_executors/lib/python3.10/site-packages:${PYTHONPATH} /usr/bin/python3 -W ignore:setup.py install is deprecated setup.py egg_info --egg-base ../../../../build/examples_rclpy_executors build --build-base /home/plague/ros2_ws/build/examples_rclpy_executors/build install --record /home/plague/ros2_ws/build/examples_rclpy_executors/install.log --single-version-externally-managed install_data --force
[1.992s] running egg_info
[1.993s] writing ../../../../build/examples_rclpy_executors/examples_rclpy_executors.egg-info/PKG-INFO
[1.994s] writing dependency_links to ../../../../build/examples_rclpy_executors/examples_rclpy_executors.egg-info/dependency_links.txt
[1.995s] writing entry points to ../../../../build/examples_rclpy_executors/examples_rclpy_executors.egg-info/entry_points.txt
[1.997s] writing requirements to ../../../../build/examples_rclpy_executors/examples_rclpy_executors.egg-info/requires.txt
[1.997s] writing top-level names to ../../../../build/examples_rclpy_executors/examples_rclpy_executors.egg-info/top_level.txt
[1.998s] reading manifest file '../../../../build/examples_rclpy_executors/examples_rclpy_executors.egg-info/SOURCES.txt'
[1.999s] writing manifest file '../../../../build/examples_rclpy_executors/examples_rclpy_executors.egg-info/SOURCES.txt'
[1.999s] running build
[2.000s] running build_py
[2.000s] creating /home/plague/ros2_ws/build/examples_rclpy_executors/build
[2.000s] creating /home/plague/ros2_ws/build/examples_rclpy_executors/build/lib
[2.000s] creating /home/plague/ros2_ws/build/examples_rclpy_executors/build/lib/examples_rclpy_executors
[2.000s] copying examples_rclpy_executors/__init__.py -> /home/plague/ros2_ws/build/examples_rclpy_executors/build/lib/examples_rclpy_executors
[2.000s] copying examples_rclpy_executors/listener.py -> /home/plague/ros2_ws/build/examples_rclpy_executors/build/lib/examples_rclpy_executors
[2.000s] copying examples_rclpy_executors/custom_executor.py -> /home/plague/ros2_ws/build/examples_rclpy_executors/build/lib/examples_rclpy_executors
[2.001s] copying examples_rclpy_executors/talker.py -> /home/plague/ros2_ws/build/examples_rclpy_executors/build/lib/examples_rclpy_executors
[2.001s] copying examples_rclpy_executors/composed.py -> /home/plague/ros2_ws/build/examples_rclpy_executors/build/lib/examples_rclpy_executors
[2.001s] copying examples_rclpy_executors/callback_group.py -> /home/plague/ros2_ws/build/examples_rclpy_executors/build/lib/examples_rclpy_executors
[2.001s] copying examples_rclpy_executors/custom_callback_group.py -> /home/plague/ros2_ws/build/examples_rclpy_executors/build/lib/examples_rclpy_executors
[2.001s] running install
[2.001s] running install_lib
[2.001s] creating /home/plague/ros2_ws/install/examples_rclpy_executors/lib/python3.10/site-packages/examples_rclpy_executors
[2.002s] copying /home/plague/ros2_ws/build/examples_rclpy_executors/build/lib/examples_rclpy_executors/__init__.py -> /home/plague/ros2_ws/install/examples_rclpy_executors/lib/python3.10/site-packages/examples_rclpy_executors
[2.002s] copying /home/plague/ros2_ws/build/examples_rclpy_executors/build/lib/examples_rclpy_executors/listener.py -> /home/plague/ros2_ws/install/examples_rclpy_executors/lib/python3.10/site-packages/examples_rclpy_executors
[2.002s] copying /home/plague/ros2_ws/build/examples_rclpy_executors/build/lib/examples_rclpy_executors/custom_executor.py -> /home/plague/ros2_ws/install/examples_rclpy_executors/lib/python3.10/site-packages/examples_rclpy_executors
[2.002s] copying /home/plague/ros2_ws/build/examples_rclpy_executors/build/lib/examples_rclpy_executors/talker.py -> /home/plague/ros2_ws/install/examples_rclpy_executors/lib/python3.10/site-packages/examples_rclpy_executors
[2.002s] copying /home/plague/ros2_ws/build/examples_rclpy_executors/build/lib/examples_rclpy_executors/composed.py -> /home/plague/ros2_ws/install/examples_rclpy_executors/lib/python3.10/site-packages/examples_rclpy_executors
[2.002s] copying /home/plague/ros2_ws/build/examples_rclpy_executors/build/lib/examples_rclpy_executors/callback_group.py -> /home/plague/ros2_ws/install/examples_rclpy_executors/lib/python3.10/site-packages/examples_rclpy_executors
[2.002s] copying /home/plague/ros2_ws/build/examples_rclpy_executors/build/lib/examples_rclpy_executors/custom_callback_group.py -> /home/plague/ros2_ws/install/examples_rclpy_executors/lib/python3.10/site-packages/examples_rclpy_executors
[2.002s] byte-compiling /home/plague/ros2_ws/install/examples_rclpy_executors/lib/python3.10/site-packages/examples_rclpy_executors/__init__.py to __init__.cpython-310.pyc
[2.002s] byte-compiling /home/plague/ros2_ws/install/examples_rclpy_executors/lib/python3.10/site-packages/examples_rclpy_executors/listener.py to listener.cpython-310.pyc
[2.003s] byte-compiling /home/plague/ros2_ws/install/examples_rclpy_executors/lib/python3.10/site-packages/examples_rclpy_executors/custom_executor.py to custom_executor.cpython-310.pyc
[2.003s] byte-compiling /home/plague/ros2_ws/install/examples_rclpy_executors/lib/python3.10/site-packages/examples_rclpy_executors/talker.py to talker.cpython-310.pyc
[2.003s] byte-compiling /home/plague/ros2_ws/install/examples_rclpy_executors/lib/python3.10/site-packages/examples_rclpy_executors/composed.py to composed.cpython-310.pyc
[2.003s] byte-compiling /home/plague/ros2_ws/install/examples_rclpy_executors/lib/python3.10/site-packages/examples_rclpy_executors/callback_group.py to callback_group.cpython-310.pyc
[2.003s] byte-compiling /home/plague/ros2_ws/install/examples_rclpy_executors/lib/python3.10/site-packages/examples_rclpy_executors/custom_callback_group.py to custom_callback_group.cpython-310.pyc
[2.004s] running install_data
[2.004s] copying resource/examples_rclpy_executors -> /home/plague/ros2_ws/install/examples_rclpy_executors/share/ament_index/resource_index/packages
[2.004s] copying package.xml -> /home/plague/ros2_ws/install/examples_rclpy_executors/share/examples_rclpy_executors
[2.006s] running install_egg_info
[2.010s] Copying ../../../../build/examples_rclpy_executors/examples_rclpy_executors.egg-info to /home/plague/ros2_ws/install/examples_rclpy_executors/lib/python3.10/site-packages/examples_rclpy_executors-0.18.0-py3.10.egg-info
[2.011s] running install_scripts
[2.047s] Installing callback_group script to /home/plague/ros2_ws/install/examples_rclpy_executors/lib/examples_rclpy_executors
[2.047s] Installing composed script to /home/plague/ros2_ws/install/examples_rclpy_executors/lib/examples_rclpy_executors
[2.048s] Installing custom_callback_group script to /home/plague/ros2_ws/install/examples_rclpy_executors/lib/examples_rclpy_executors
[2.048s] Installing custom_executor script to /home/plague/ros2_ws/install/examples_rclpy_executors/lib/examples_rclpy_executors
[2.048s] Installing listener script to /home/plague/ros2_ws/install/examples_rclpy_executors/lib/examples_rclpy_executors
[2.048s] Installing talker script to /home/plague/ros2_ws/install/examples_rclpy_executors/lib/examples_rclpy_executors
[2.048s] writing list of installed files to '/home/plague/ros2_ws/build/examples_rclpy_executors/install.log'
[2.100s] Invoked command in '/home/plague/ros2_ws/src/examples/rclpy/executors' returned '0': PYTHONPATH=/home/plague/ros2_ws/build/examples_rclpy_executors/prefix_override:/home/plague/ros2_ws/install/examples_rclpy_executors/lib/python3.10/site-packages:${PYTHONPATH} /usr/bin/python3 -W ignore:setup.py install is deprecated setup.py egg_info --egg-base ../../../../build/examples_rclpy_executors build --build-base /home/plague/ros2_ws/build/examples_rclpy_executors/build install --record /home/plague/ros2_ws/build/examples_rclpy_executors/install.log --single-version-externally-managed install_data --force
