[0.814s] Invoking command in '/home/plague/ros2_ws/src/examples/rclpy/actions/minimal_action_server': PYTHONPATH=/home/plague/ros2_ws/build/examples_rclpy_minimal_action_server/prefix_override:/home/plague/ros2_ws/install/examples_rclpy_minimal_action_server/lib/python3.10/site-packages:${PYTHONPATH} /usr/bin/python3 -W ignore:setup.py install is deprecated setup.py egg_info --egg-base ../../../../../build/examples_rclpy_minimal_action_server build --build-base /home/plague/ros2_ws/build/examples_rclpy_minimal_action_server/build install --record /home/plague/ros2_ws/build/examples_rclpy_minimal_action_server/install.log --single-version-externally-managed install_data
[1.000s] running egg_info
[1.001s] writing ../../../../../build/examples_rclpy_minimal_action_server/examples_rclpy_minimal_action_server.egg-info/PKG-INFO
[1.001s] writing dependency_links to ../../../../../build/examples_rclpy_minimal_action_server/examples_rclpy_minimal_action_server.egg-info/dependency_links.txt
[1.001s] writing entry points to ../../../../../build/examples_rclpy_minimal_action_server/examples_rclpy_minimal_action_server.egg-info/entry_points.txt
[1.001s] writing requirements to ../../../../../build/examples_rclpy_minimal_action_server/examples_rclpy_minimal_action_server.egg-info/requires.txt
[1.001s] writing top-level names to ../../../../../build/examples_rclpy_minimal_action_server/examples_rclpy_minimal_action_server.egg-info/top_level.txt
[1.003s] reading manifest file '../../../../../build/examples_rclpy_minimal_action_server/examples_rclpy_minimal_action_server.egg-info/SOURCES.txt'
[1.003s] writing manifest file '../../../../../build/examples_rclpy_minimal_action_server/examples_rclpy_minimal_action_server.egg-info/SOURCES.txt'
[1.003s] running build
[1.004s] running build_py
[1.004s] running install
[1.004s] running install_lib
[1.005s] running install_data
[1.005s] running install_egg_info
[1.007s] removing '/home/plague/ros2_ws/install/examples_rclpy_minimal_action_server/lib/python3.10/site-packages/examples_rclpy_minimal_action_server-0.18.0-py3.10.egg-info' (and everything under it)
[1.007s] Copying ../../../../../build/examples_rclpy_minimal_action_server/examples_rclpy_minimal_action_server.egg-info to /home/plague/ros2_ws/install/examples_rclpy_minimal_action_server/lib/python3.10/site-packages/examples_rclpy_minimal_action_server-0.18.0-py3.10.egg-info
[1.007s] running install_scripts
[1.027s] Installing server script to /home/plague/ros2_ws/install/examples_rclpy_minimal_action_server/lib/examples_rclpy_minimal_action_server
[1.027s] Installing server_defer script to /home/plague/ros2_ws/install/examples_rclpy_minimal_action_server/lib/examples_rclpy_minimal_action_server
[1.027s] Installing server_not_composable script to /home/plague/ros2_ws/install/examples_rclpy_minimal_action_server/lib/examples_rclpy_minimal_action_server
[1.028s] Installing server_queue_goals script to /home/plague/ros2_ws/install/examples_rclpy_minimal_action_server/lib/examples_rclpy_minimal_action_server
[1.028s] Installing server_single_goal script to /home/plague/ros2_ws/install/examples_rclpy_minimal_action_server/lib/examples_rclpy_minimal_action_server
[1.028s] writing list of installed files to '/home/plague/ros2_ws/build/examples_rclpy_minimal_action_server/install.log'
[1.611s] Invoked command in '/home/plague/ros2_ws/src/examples/rclpy/actions/minimal_action_server' returned '0': PYTHONPATH=/home/plague/ros2_ws/build/examples_rclpy_minimal_action_server/prefix_override:/home/plague/ros2_ws/install/examples_rclpy_minimal_action_server/lib/python3.10/site-packages:${PYTHONPATH} /usr/bin/python3 -W ignore:setup.py install is deprecated setup.py egg_info --egg-base ../../../../../build/examples_rclpy_minimal_action_server build --build-base /home/plague/ros2_ws/build/examples_rclpy_minimal_action_server/build install --record /home/plague/ros2_ws/build/examples_rclpy_minimal_action_server/install.log --single-version-externally-managed install_data
