[0.031s] Invoking command in '/home/plague/ros2_ws/build/examples_rclcpp_minimal_service': CMAKE_PREFIX_PATH=${CMAKE_PREFIX_PATH}:/home/plague/ros2_ws/install/launch_testing_examples:/home/plague/ros2_ws/install/examples_rclpy_pointcloud_publisher:/home/plague/ros2_ws/install/examples_rclpy_minimal_subscriber:/home/plague/ros2_ws/install/examples_rclpy_minimal_service:/home/plague/ros2_ws/install/examples_rclpy_minimal_publisher:/home/plague/ros2_ws/install/examples_rclpy_minimal_client:/home/plague/ros2_ws/install/examples_rclpy_minimal_action_server:/home/plague/ros2_ws/install/examples_rclpy_minimal_action_client:/home/plague/ros2_ws/install/examples_rclpy_guard_conditions:/home/plague/ros2_ws/install/examples_rclpy_executors:/opt/ros/iron /usr/bin/cmake /home/plague/ros2_ws/src/examples/rclcpp/services/minimal_service -DCMAKE_INSTALL_PREFIX=/home/plague/ros2_ws/install/examples_rclcpp_minimal_service
[1.233s] -- Found ament_cmake: 2.0.4 (/opt/ros/iron/share/ament_cmake/cmake)
[1.233s] -- Override CMake install command with custom implementation using symlinks instead of copying resources
[1.233s] -- Found example_interfaces: 0.10.2 (/opt/ros/iron/share/example_interfaces/cmake)
[1.233s] -- Found rosidl_generator_c: 4.0.1 (/opt/ros/iron/share/rosidl_generator_c/cmake)
[1.233s] -- Found rosidl_generator_cpp: 4.0.1 (/opt/ros/iron/share/rosidl_generator_cpp/cmake)
[1.234s] -- Using all available rosidl_typesupport_c: rosidl_typesupport_fastrtps_c;rosidl_typesupport_introspection_c
[1.234s] -- Using all available rosidl_typesupport_cpp: rosidl_typesupport_fastrtps_cpp;rosidl_typesupport_introspection_cpp
[1.234s] -- Found rclcpp: 21.0.5 (/opt/ros/iron/share/rclcpp/cmake)
[1.234s] -- Found rmw_implementation_cmake: 7.1.0 (/opt/ros/iron/share/rmw_implementation_cmake/cmake)
[1.234s] -- Found rmw_fastrtps_cpp: 7.1.3 (/opt/ros/iron/share/rmw_fastrtps_cpp/cmake)
[1.234s] -- Using RMW implementation 'rmw_fastrtps_cpp' as default
[1.261s] -- Found ament_lint_auto: 0.14.3 (/opt/ros/iron/share/ament_lint_auto/cmake)
[1.378s] -- Added test 'copyright' to check source files copyright and LICENSE
[1.379s] -- Added test 'cppcheck' to perform static code analysis on C / C++ code
[1.379s] -- Configured cppcheck include dirs: 
[1.380s] -- Configured cppcheck exclude dirs and/or files: 
[1.380s] -- Added test 'cpplint' to check C / C++ code against the Google style
[1.381s] -- Configured cpplint exclude dirs and/or files: 
[1.381s] -- Added test 'lint_cmake' to check CMake code style
[1.382s] -- Added test 'uncrustify' to check C / C++ code style
[1.382s] -- Configured uncrustify additional arguments: 
[1.382s] -- Added test 'xmllint' to check XML markup files
[1.386s] -- Configuring done
[1.409s] -- Generating done
[1.411s] -- Build files have been written to: /home/plague/ros2_ws/build/examples_rclcpp_minimal_service
[1.422s] Invoked command in '/home/plague/ros2_ws/build/examples_rclcpp_minimal_service' returned '0': CMAKE_PREFIX_PATH=${CMAKE_PREFIX_PATH}:/home/plague/ros2_ws/install/launch_testing_examples:/home/plague/ros2_ws/install/examples_rclpy_pointcloud_publisher:/home/plague/ros2_ws/install/examples_rclpy_minimal_subscriber:/home/plague/ros2_ws/install/examples_rclpy_minimal_service:/home/plague/ros2_ws/install/examples_rclpy_minimal_publisher:/home/plague/ros2_ws/install/examples_rclpy_minimal_client:/home/plague/ros2_ws/install/examples_rclpy_minimal_action_server:/home/plague/ros2_ws/install/examples_rclpy_minimal_action_client:/home/plague/ros2_ws/install/examples_rclpy_guard_conditions:/home/plague/ros2_ws/install/examples_rclpy_executors:/opt/ros/iron /usr/bin/cmake /home/plague/ros2_ws/src/examples/rclcpp/services/minimal_service -DCMAKE_INSTALL_PREFIX=/home/plague/ros2_ws/install/examples_rclcpp_minimal_service
[1.424s] Invoking command in '/home/plague/ros2_ws/build/examples_rclcpp_minimal_service': CMAKE_PREFIX_PATH=${CMAKE_PREFIX_PATH}:/home/plague/ros2_ws/install/launch_testing_examples:/home/plague/ros2_ws/install/examples_rclpy_pointcloud_publisher:/home/plague/ros2_ws/install/examples_rclpy_minimal_subscriber:/home/plague/ros2_ws/install/examples_rclpy_minimal_service:/home/plague/ros2_ws/install/examples_rclpy_minimal_publisher:/home/plague/ros2_ws/install/examples_rclpy_minimal_client:/home/plague/ros2_ws/install/examples_rclpy_minimal_action_server:/home/plague/ros2_ws/install/examples_rclpy_minimal_action_client:/home/plague/ros2_ws/install/examples_rclpy_guard_conditions:/home/plague/ros2_ws/install/examples_rclpy_executors:/opt/ros/iron /usr/bin/cmake --build /home/plague/ros2_ws/build/examples_rclcpp_minimal_service -- -j8 -l8
[1.473s] [35m[1mConsolidate compiler generated dependencies of target service_main[0m
[1.498s] [100%] Built target service_main
[1.527s] Invoked command in '/home/plague/ros2_ws/build/examples_rclcpp_minimal_service' returned '0': CMAKE_PREFIX_PATH=${CMAKE_PREFIX_PATH}:/home/plague/ros2_ws/install/launch_testing_examples:/home/plague/ros2_ws/install/examples_rclpy_pointcloud_publisher:/home/plague/ros2_ws/install/examples_rclpy_minimal_subscriber:/home/plague/ros2_ws/install/examples_rclpy_minimal_service:/home/plague/ros2_ws/install/examples_rclpy_minimal_publisher:/home/plague/ros2_ws/install/examples_rclpy_minimal_client:/home/plague/ros2_ws/install/examples_rclpy_minimal_action_server:/home/plague/ros2_ws/install/examples_rclpy_minimal_action_client:/home/plague/ros2_ws/install/examples_rclpy_guard_conditions:/home/plague/ros2_ws/install/examples_rclpy_executors:/opt/ros/iron /usr/bin/cmake --build /home/plague/ros2_ws/build/examples_rclcpp_minimal_service -- -j8 -l8
[1.555s] Invoking command in '/home/plague/ros2_ws/build/examples_rclcpp_minimal_service': CMAKE_PREFIX_PATH=${CMAKE_PREFIX_PATH}:/home/plague/ros2_ws/install/launch_testing_examples:/home/plague/ros2_ws/install/examples_rclpy_pointcloud_publisher:/home/plague/ros2_ws/install/examples_rclpy_minimal_subscriber:/home/plague/ros2_ws/install/examples_rclpy_minimal_service:/home/plague/ros2_ws/install/examples_rclpy_minimal_publisher:/home/plague/ros2_ws/install/examples_rclpy_minimal_client:/home/plague/ros2_ws/install/examples_rclpy_minimal_action_server:/home/plague/ros2_ws/install/examples_rclpy_minimal_action_client:/home/plague/ros2_ws/install/examples_rclpy_guard_conditions:/home/plague/ros2_ws/install/examples_rclpy_executors:/opt/ros/iron /usr/bin/cmake --install /home/plague/ros2_ws/build/examples_rclcpp_minimal_service
[1.563s] -- Install configuration: ""
[1.565s] -- Execute custom install script
[1.565s] -- Up-to-date symlink: /home/plague/ros2_ws/install/examples_rclcpp_minimal_service/lib/examples_rclcpp_minimal_service/service_main
[1.566s] -- Up-to-date symlink: /home/plague/ros2_ws/install/examples_rclcpp_minimal_service/share/ament_index/resource_index/package_run_dependencies/examples_rclcpp_minimal_service
[1.566s] -- Up-to-date symlink: /home/plague/ros2_ws/install/examples_rclcpp_minimal_service/share/ament_index/resource_index/parent_prefix_path/examples_rclcpp_minimal_service
[1.567s] -- Up-to-date symlink: /home/plague/ros2_ws/install/examples_rclcpp_minimal_service/share/examples_rclcpp_minimal_service/environment/ament_prefix_path.sh
[1.567s] -- Up-to-date symlink: /home/plague/ros2_ws/install/examples_rclcpp_minimal_service/share/examples_rclcpp_minimal_service/environment/ament_prefix_path.dsv
[1.567s] -- Up-to-date symlink: /home/plague/ros2_ws/install/examples_rclcpp_minimal_service/share/examples_rclcpp_minimal_service/environment/path.sh
[1.567s] -- Up-to-date symlink: /home/plague/ros2_ws/install/examples_rclcpp_minimal_service/share/examples_rclcpp_minimal_service/environment/path.dsv
[1.568s] -- Up-to-date symlink: /home/plague/ros2_ws/install/examples_rclcpp_minimal_service/share/examples_rclcpp_minimal_service/local_setup.bash
[1.568s] -- Up-to-date symlink: /home/plague/ros2_ws/install/examples_rclcpp_minimal_service/share/examples_rclcpp_minimal_service/local_setup.sh
[1.568s] -- Up-to-date symlink: /home/plague/ros2_ws/install/examples_rclcpp_minimal_service/share/examples_rclcpp_minimal_service/local_setup.zsh
[1.568s] -- Up-to-date symlink: /home/plague/ros2_ws/install/examples_rclcpp_minimal_service/share/examples_rclcpp_minimal_service/local_setup.dsv
[1.568s] -- Symlinking: /home/plague/ros2_ws/install/examples_rclcpp_minimal_service/share/examples_rclcpp_minimal_service/package.dsv
[1.578s] -- Up-to-date symlink: /home/plague/ros2_ws/install/examples_rclcpp_minimal_service/share/ament_index/resource_index/packages/examples_rclcpp_minimal_service
[1.579s] -- Up-to-date symlink: /home/plague/ros2_ws/install/examples_rclcpp_minimal_service/share/examples_rclcpp_minimal_service/cmake/examples_rclcpp_minimal_serviceConfig.cmake
[1.579s] -- Up-to-date symlink: /home/plague/ros2_ws/install/examples_rclcpp_minimal_service/share/examples_rclcpp_minimal_service/cmake/examples_rclcpp_minimal_serviceConfig-version.cmake
[1.580s] -- Up-to-date symlink: /home/plague/ros2_ws/install/examples_rclcpp_minimal_service/share/examples_rclcpp_minimal_service/package.xml
[1.606s] Invoked command in '/home/plague/ros2_ws/build/examples_rclcpp_minimal_service' returned '0': CMAKE_PREFIX_PATH=${CMAKE_PREFIX_PATH}:/home/plague/ros2_ws/install/launch_testing_examples:/home/plague/ros2_ws/install/examples_rclpy_pointcloud_publisher:/home/plague/ros2_ws/install/examples_rclpy_minimal_subscriber:/home/plague/ros2_ws/install/examples_rclpy_minimal_service:/home/plague/ros2_ws/install/examples_rclpy_minimal_publisher:/home/plague/ros2_ws/install/examples_rclpy_minimal_client:/home/plague/ros2_ws/install/examples_rclpy_minimal_action_server:/home/plague/ros2_ws/install/examples_rclpy_minimal_action_client:/home/plague/ros2_ws/install/examples_rclpy_guard_conditions:/home/plague/ros2_ws/install/examples_rclpy_executors:/opt/ros/iron /usr/bin/cmake --install /home/plague/ros2_ws/build/examples_rclcpp_minimal_service
