[0.018s] Invoking command in '/home/plague/ros2_ws/build/examples_rclcpp_minimal_client': CMAKE_PREFIX_PATH=/opt/ros/iron /usr/bin/cmake /home/plague/ros2_ws/src/examples/rclcpp/services/minimal_client -DAMENT_CMAKE_SYMLINK_INSTALL=1 -DCMAKE_INSTALL_PREFIX=/home/plague/ros2_ws/install/examples_rclcpp_minimal_client
[0.174s] -- The C compiler identification is GNU 11.4.0
[0.333s] -- The CXX compiler identification is GNU 11.4.0
[0.340s] -- Detecting C compiler ABI info
[0.442s] -- Detecting C compiler ABI info - done
[0.455s] -- Check for working C compiler: /usr/bin/cc - skipped
[0.455s] -- Detecting C compile features
[0.456s] -- Detecting C compile features - done
[0.460s] -- Detecting CXX compiler ABI info
[0.559s] -- Detecting CXX compiler ABI info - done
[0.569s] -- Check for working CXX compiler: /usr/bin/c++ - skipped
[0.570s] -- Detecting CXX compile features
[0.570s] -- Detecting CXX compile features - done
[0.572s] -- Found ament_cmake: 2.0.4 (/opt/ros/iron/share/ament_cmake/cmake)
[0.810s] -- Found Python3: /usr/bin/python3.10 (found version "3.10.12") found components: Interpreter 
[0.916s] -- Override CMake install command with custom implementation using symlinks instead of copying resources
[0.947s] -- Found example_interfaces: 0.10.2 (/opt/ros/iron/share/example_interfaces/cmake)
[0.995s] -- Found rosidl_generator_c: 4.0.1 (/opt/ros/iron/share/rosidl_generator_c/cmake)
[1.009s] -- Found rosidl_generator_cpp: 4.0.1 (/opt/ros/iron/share/rosidl_generator_cpp/cmake)
[1.032s] -- Using all available rosidl_typesupport_c: rosidl_typesupport_fastrtps_c;rosidl_typesupport_introspection_c
[1.060s] -- Using all available rosidl_typesupport_cpp: rosidl_typesupport_fastrtps_cpp;rosidl_typesupport_introspection_cpp
[1.404s] -- Found rclcpp: 21.0.5 (/opt/ros/iron/share/rclcpp/cmake)
[1.541s] -- Found rmw_implementation_cmake: 7.1.0 (/opt/ros/iron/share/rmw_implementation_cmake/cmake)
[1.543s] -- Found rmw_fastrtps_cpp: 7.1.3 (/opt/ros/iron/share/rmw_fastrtps_cpp/cmake)
[1.660s] -- Found OpenSSL: /usr/lib/x86_64-linux-gnu/libcrypto.so (found version "3.0.2")  
[1.690s] -- Found FastRTPS: /opt/ros/iron/include  
[1.741s] -- Using RMW implementation 'rmw_fastrtps_cpp' as default
[1.978s] -- Found ament_lint_auto: 0.14.3 (/opt/ros/iron/share/ament_lint_auto/cmake)
[2.126s] -- Added test 'copyright' to check source files copyright and LICENSE
[2.127s] -- Added test 'cppcheck' to perform static code analysis on C / C++ code
[2.127s] -- Configured cppcheck include dirs: 
[2.127s] -- Configured cppcheck exclude dirs and/or files: 
[2.128s] -- Added test 'cpplint' to check C / C++ code against the Google style
[2.128s] -- Configured cpplint exclude dirs and/or files: 
[2.128s] -- Added test 'lint_cmake' to check CMake code style
[2.129s] -- Added test 'uncrustify' to check C / C++ code style
[2.129s] -- Configured uncrustify additional arguments: 
[2.130s] -- Added test 'xmllint' to check XML markup files
[2.131s] -- Configuring done
[2.149s] -- Generating done
[2.172s] -- Build files have been written to: /home/plague/ros2_ws/build/examples_rclcpp_minimal_client
[2.201s] Invoked command in '/home/plague/ros2_ws/build/examples_rclcpp_minimal_client' returned '0': CMAKE_PREFIX_PATH=/opt/ros/iron /usr/bin/cmake /home/plague/ros2_ws/src/examples/rclcpp/services/minimal_client -DAMENT_CMAKE_SYMLINK_INSTALL=1 -DCMAKE_INSTALL_PREFIX=/home/plague/ros2_ws/install/examples_rclcpp_minimal_client
[2.201s] Invoking command in '/home/plague/ros2_ws/build/examples_rclcpp_minimal_client': CMAKE_PREFIX_PATH=/opt/ros/iron /usr/bin/cmake --build /home/plague/ros2_ws/build/examples_rclcpp_minimal_client -- -j8 -l8
[2.341s] [ 50%] [32mBuilding CXX object CMakeFiles/client_main.dir/main.cpp.o[0m
[36.443s] [100%] [32m[1mLinking CXX executable client_main[0m
[36.806s] [100%] Built target client_main
[36.885s] Invoked command in '/home/plague/ros2_ws/build/examples_rclcpp_minimal_client' returned '0': CMAKE_PREFIX_PATH=/opt/ros/iron /usr/bin/cmake --build /home/plague/ros2_ws/build/examples_rclcpp_minimal_client -- -j8 -l8
[36.949s] Invoking command in '/home/plague/ros2_ws/build/examples_rclcpp_minimal_client': CMAKE_PREFIX_PATH=/opt/ros/iron /usr/bin/cmake --install /home/plague/ros2_ws/build/examples_rclcpp_minimal_client
[37.259s] -- Install configuration: ""
[37.259s] -- Execute custom install script
[37.259s] -- Symlinking: /home/plague/ros2_ws/install/examples_rclcpp_minimal_client/lib/examples_rclcpp_minimal_client/client_main
[37.259s] -- Symlinking: /home/plague/ros2_ws/install/examples_rclcpp_minimal_client/share/ament_index/resource_index/package_run_dependencies/examples_rclcpp_minimal_client
[37.259s] -- Symlinking: /home/plague/ros2_ws/install/examples_rclcpp_minimal_client/share/ament_index/resource_index/parent_prefix_path/examples_rclcpp_minimal_client
[37.259s] -- Symlinking: /home/plague/ros2_ws/install/examples_rclcpp_minimal_client/share/examples_rclcpp_minimal_client/environment/ament_prefix_path.sh
[37.260s] -- Symlinking: /home/plague/ros2_ws/install/examples_rclcpp_minimal_client/share/examples_rclcpp_minimal_client/environment/ament_prefix_path.dsv
[37.260s] -- Symlinking: /home/plague/ros2_ws/install/examples_rclcpp_minimal_client/share/examples_rclcpp_minimal_client/environment/path.sh
[37.260s] -- Symlinking: /home/plague/ros2_ws/install/examples_rclcpp_minimal_client/share/examples_rclcpp_minimal_client/environment/path.dsv
[37.260s] -- Symlinking: /home/plague/ros2_ws/install/examples_rclcpp_minimal_client/share/examples_rclcpp_minimal_client/local_setup.bash
[37.260s] -- Symlinking: /home/plague/ros2_ws/install/examples_rclcpp_minimal_client/share/examples_rclcpp_minimal_client/local_setup.sh
[37.260s] -- Symlinking: /home/plague/ros2_ws/install/examples_rclcpp_minimal_client/share/examples_rclcpp_minimal_client/local_setup.zsh
[37.260s] -- Symlinking: /home/plague/ros2_ws/install/examples_rclcpp_minimal_client/share/examples_rclcpp_minimal_client/local_setup.dsv
[37.260s] -- Symlinking: /home/plague/ros2_ws/install/examples_rclcpp_minimal_client/share/examples_rclcpp_minimal_client/package.dsv
[37.260s] -- Symlinking: /home/plague/ros2_ws/install/examples_rclcpp_minimal_client/share/ament_index/resource_index/packages/examples_rclcpp_minimal_client
[37.260s] -- Symlinking: /home/plague/ros2_ws/install/examples_rclcpp_minimal_client/share/examples_rclcpp_minimal_client/cmake/examples_rclcpp_minimal_clientConfig.cmake
[37.261s] -- Symlinking: /home/plague/ros2_ws/install/examples_rclcpp_minimal_client/share/examples_rclcpp_minimal_client/cmake/examples_rclcpp_minimal_clientConfig-version.cmake
[37.271s] -- Symlinking: /home/plague/ros2_ws/install/examples_rclcpp_minimal_client/share/examples_rclcpp_minimal_client/package.xml
[37.315s] Invoked command in '/home/plague/ros2_ws/build/examples_rclcpp_minimal_client' returned '0': CMAKE_PREFIX_PATH=/opt/ros/iron /usr/bin/cmake --install /home/plague/ros2_ws/build/examples_rclcpp_minimal_client
