[1.091s] Invoking command in '/home/plague/ros2_ws/build/examples_rclpy_minimal_publisher': PYTHONPATH=/home/plague/ros2_ws/build/examples_rclpy_minimal_publisher/prefix_override:/home/plague/ros2_ws/install/examples_rclpy_minimal_publisher/lib/python3.10/site-packages:${PYTHONPATH} /usr/bin/python3 -W ignore:setup.py install is deprecated setup.py develop --editable --build-directory /home/plague/ros2_ws/build/examples_rclpy_minimal_publisher/build --no-deps symlink_data
[1.599s] running develop
[1.599s] /usr/lib/python3/dist-packages/setuptools/command/easy_install.py:158: EasyInstallDeprecationWarning: easy_install command is deprecated. Use build and pip and other standards-based tools.
[1.599s]   warnings.warn(
[1.866s] running egg_info
[1.866s] creating examples_rclpy_minimal_publisher.egg-info
[1.866s] writing examples_rclpy_minimal_publisher.egg-info/PKG-INFO
[1.866s] writing dependency_links to examples_rclpy_minimal_publisher.egg-info/dependency_links.txt
[1.866s] writing entry points to examples_rclpy_minimal_publisher.egg-info/entry_points.txt
[1.868s] writing requirements to examples_rclpy_minimal_publisher.egg-info/requires.txt
[1.868s] writing top-level names to examples_rclpy_minimal_publisher.egg-info/top_level.txt
[1.869s] writing manifest file 'examples_rclpy_minimal_publisher.egg-info/SOURCES.txt'
[1.870s] reading manifest file 'examples_rclpy_minimal_publisher.egg-info/SOURCES.txt'
[1.872s] writing manifest file 'examples_rclpy_minimal_publisher.egg-info/SOURCES.txt'
[1.875s] running build_ext
[1.876s] Creating /home/plague/ros2_ws/install/examples_rclpy_minimal_publisher/lib/python3.10/site-packages/examples-rclpy-minimal-publisher.egg-link (link to .)
[1.877s] Installing publisher_local_function script to /home/plague/ros2_ws/install/examples_rclpy_minimal_publisher/lib/examples_rclpy_minimal_publisher
[1.877s] Installing publisher_member_function script to /home/plague/ros2_ws/install/examples_rclpy_minimal_publisher/lib/examples_rclpy_minimal_publisher
[1.877s] Installing publisher_old_school script to /home/plague/ros2_ws/install/examples_rclpy_minimal_publisher/lib/examples_rclpy_minimal_publisher
[1.878s] 
[1.878s] Installed /home/plague/ros2_ws/build/examples_rclpy_minimal_publisher
[1.878s] running symlink_data
[1.879s] creating /home/plague/ros2_ws/install/examples_rclpy_minimal_publisher/share/ament_index
[1.879s] creating /home/plague/ros2_ws/install/examples_rclpy_minimal_publisher/share/ament_index/resource_index
[1.879s] creating /home/plague/ros2_ws/install/examples_rclpy_minimal_publisher/share/ament_index/resource_index/packages
[1.879s] symbolically linking /home/plague/ros2_ws/build/examples_rclpy_minimal_publisher/resource/examples_rclpy_minimal_publisher -> /home/plague/ros2_ws/install/examples_rclpy_minimal_publisher/share/ament_index/resource_index/packages
[1.879s] symbolically linking /home/plague/ros2_ws/build/examples_rclpy_minimal_publisher/package.xml -> /home/plague/ros2_ws/install/examples_rclpy_minimal_publisher/share/examples_rclpy_minimal_publisher
[2.683s] Invoked command in '/home/plague/ros2_ws/build/examples_rclpy_minimal_publisher' returned '0': PYTHONPATH=/home/plague/ros2_ws/build/examples_rclpy_minimal_publisher/prefix_override:/home/plague/ros2_ws/install/examples_rclpy_minimal_publisher/lib/python3.10/site-packages:${PYTHONPATH} /usr/bin/python3 -W ignore:setup.py install is deprecated setup.py develop --editable --build-directory /home/plague/ros2_ws/build/examples_rclpy_minimal_publisher/build --no-deps symlink_data
