[1.299s] Invoking command in '/home/plague/ros2_ws/src/examples/rclpy/topics/minimal_publisher': PYTHONPATH=/home/plague/ros2_ws/build/examples_rclpy_minimal_publisher/prefix_override:/home/plague/ros2_ws/install/examples_rclpy_minimal_publisher/lib/python3.10/site-packages:${PYTHONPATH} /usr/bin/python3 -W ignore:setup.py install is deprecated setup.py egg_info --egg-base ../../../../../build/examples_rclpy_minimal_publisher build --build-base /home/plague/ros2_ws/build/examples_rclpy_minimal_publisher/build install --record /home/plague/ros2_ws/build/examples_rclpy_minimal_publisher/install.log --single-version-externally-managed install_data
[1.638s] running egg_info
[1.639s] writing ../../../../../build/examples_rclpy_minimal_publisher/examples_rclpy_minimal_publisher.egg-info/PKG-INFO
[1.639s] writing dependency_links to ../../../../../build/examples_rclpy_minimal_publisher/examples_rclpy_minimal_publisher.egg-info/dependency_links.txt
[1.639s] writing entry points to ../../../../../build/examples_rclpy_minimal_publisher/examples_rclpy_minimal_publisher.egg-info/entry_points.txt
[1.639s] writing requirements to ../../../../../build/examples_rclpy_minimal_publisher/examples_rclpy_minimal_publisher.egg-info/requires.txt
[1.639s] writing top-level names to ../../../../../build/examples_rclpy_minimal_publisher/examples_rclpy_minimal_publisher.egg-info/top_level.txt
[1.642s] reading manifest file '../../../../../build/examples_rclpy_minimal_publisher/examples_rclpy_minimal_publisher.egg-info/SOURCES.txt'
[1.643s] writing manifest file '../../../../../build/examples_rclpy_minimal_publisher/examples_rclpy_minimal_publisher.egg-info/SOURCES.txt'
[1.643s] running build
[1.643s] running build_py
[1.644s] running install
[1.645s] running install_lib
[1.647s] running install_data
[1.647s] running install_egg_info
[1.650s] removing '/home/plague/ros2_ws/install/examples_rclpy_minimal_publisher/lib/python3.10/site-packages/examples_rclpy_minimal_publisher-0.18.0-py3.10.egg-info' (and everything under it)
[1.650s] Copying ../../../../../build/examples_rclpy_minimal_publisher/examples_rclpy_minimal_publisher.egg-info to /home/plague/ros2_ws/install/examples_rclpy_minimal_publisher/lib/python3.10/site-packages/examples_rclpy_minimal_publisher-0.18.0-py3.10.egg-info
[1.651s] running install_scripts
[1.682s] Installing publisher_local_function script to /home/plague/ros2_ws/install/examples_rclpy_minimal_publisher/lib/examples_rclpy_minimal_publisher
[1.682s] Installing publisher_member_function script to /home/plague/ros2_ws/install/examples_rclpy_minimal_publisher/lib/examples_rclpy_minimal_publisher
[1.682s] Installing publisher_old_school script to /home/plague/ros2_ws/install/examples_rclpy_minimal_publisher/lib/examples_rclpy_minimal_publisher
[1.683s] writing list of installed files to '/home/plague/ros2_ws/build/examples_rclpy_minimal_publisher/install.log'
[1.740s] Invoked command in '/home/plague/ros2_ws/src/examples/rclpy/topics/minimal_publisher' returned '0': PYTHONPATH=/home/plague/ros2_ws/build/examples_rclpy_minimal_publisher/prefix_override:/home/plague/ros2_ws/install/examples_rclpy_minimal_publisher/lib/python3.10/site-packages:${PYTHONPATH} /usr/bin/python3 -W ignore:setup.py install is deprecated setup.py egg_info --egg-base ../../../../../build/examples_rclpy_minimal_publisher build --build-base /home/plague/ros2_ws/build/examples_rclpy_minimal_publisher/build install --record /home/plague/ros2_ws/build/examples_rclpy_minimal_publisher/install.log --single-version-externally-managed install_data
