[0.463s] Invoking command in '/home/plague/ros2_ws/src/design_challenge': PYTHONPATH=/home/plague/ros2_ws/build/design_challenge/prefix_override:/usr/lib/python3/dist-packages/colcon_core/task/python/colcon_distutils_commands:/home/plague/ros2_ws/install/design_challenge/lib/python3.10/site-packages:${PYTHONPATH} /usr/bin/python3 -W ignore:setup.py install is deprecated -W ignore:easy_install command is deprecated setup.py egg_info --egg-base ../../build/design_challenge build --build-base /home/plague/ros2_ws/build/design_challenge/build install --record /home/plague/ros2_ws/build/design_challenge/install.log --single-version-externally-managed install_data
[0.637s] running egg_info
[0.637s] writing ../../build/design_challenge/design_challenge.egg-info/PKG-INFO
[0.637s] writing dependency_links to ../../build/design_challenge/design_challenge.egg-info/dependency_links.txt
[0.637s] writing entry points to ../../build/design_challenge/design_challenge.egg-info/entry_points.txt
[0.637s] writing requirements to ../../build/design_challenge/design_challenge.egg-info/requires.txt
[0.637s] writing top-level names to ../../build/design_challenge/design_challenge.egg-info/top_level.txt
[0.639s] reading manifest file '../../build/design_challenge/design_challenge.egg-info/SOURCES.txt'
[0.640s] writing manifest file '../../build/design_challenge/design_challenge.egg-info/SOURCES.txt'
[0.640s] running build
[0.640s] running build_py
[0.641s] copying design_challenge/motor_model.py -> /home/plague/ros2_ws/build/design_challenge/build/lib/design_challenge
[0.641s] copying design_challenge/controller.py -> /home/plague/ros2_ws/build/design_challenge/build/lib/design_challenge
[0.641s] running install
[0.641s] running install_lib
[0.642s] copying /home/plague/ros2_ws/build/design_challenge/build/lib/design_challenge/motor_model.py -> /home/plague/ros2_ws/install/design_challenge/lib/python3.10/site-packages/design_challenge
[0.642s] copying /home/plague/ros2_ws/build/design_challenge/build/lib/design_challenge/controller.py -> /home/plague/ros2_ws/install/design_challenge/lib/python3.10/site-packages/design_challenge
[0.643s] byte-compiling /home/plague/ros2_ws/install/design_challenge/lib/python3.10/site-packages/design_challenge/motor_model.py to motor_model.cpython-310.pyc
[0.643s] byte-compiling /home/plague/ros2_ws/install/design_challenge/lib/python3.10/site-packages/design_challenge/controller.py to controller.cpython-310.pyc
[0.644s] running install_data
[0.644s] running install_egg_info
[0.646s] removing '/home/plague/ros2_ws/install/design_challenge/lib/python3.10/site-packages/design_challenge-0.0.0-py3.10.egg-info' (and everything under it)
[0.646s] Copying ../../build/design_challenge/design_challenge.egg-info to /home/plague/ros2_ws/install/design_challenge/lib/python3.10/site-packages/design_challenge-0.0.0-py3.10.egg-info
[0.647s] running install_scripts
[0.662s] Installing controller script to /home/plague/ros2_ws/install/design_challenge/lib/design_challenge
[0.662s] Installing motor_model script to /home/plague/ros2_ws/install/design_challenge/lib/design_challenge
[0.663s] writing list of installed files to '/home/plague/ros2_ws/build/design_challenge/install.log'
[0.681s] Invoked command in '/home/plague/ros2_ws/src/design_challenge' returned '0': PYTHONPATH=/home/plague/ros2_ws/build/design_challenge/prefix_override:/usr/lib/python3/dist-packages/colcon_core/task/python/colcon_distutils_commands:/home/plague/ros2_ws/install/design_challenge/lib/python3.10/site-packages:${PYTHONPATH} /usr/bin/python3 -W ignore:setup.py install is deprecated -W ignore:easy_install command is deprecated setup.py egg_info --egg-base ../../build/design_challenge build --build-base /home/plague/ros2_ws/build/design_challenge/build install --record /home/plague/ros2_ws/build/design_challenge/install.log --single-version-externally-managed install_data
