[0.027s] Invoking command in '/home/plague/ros2_ws/build/examples_rclcpp_minimal_action_client': CMAKE_PREFIX_PATH=${CMAKE_PREFIX_PATH}:/home/plague/ros2_ws/install/launch_testing_examples:/home/plague/ros2_ws/install/examples_rclpy_pointcloud_publisher:/home/plague/ros2_ws/install/examples_rclpy_minimal_subscriber:/home/plague/ros2_ws/install/examples_rclpy_minimal_service:/home/plague/ros2_ws/install/examples_rclpy_minimal_publisher:/home/plague/ros2_ws/install/examples_rclpy_minimal_client:/home/plague/ros2_ws/install/examples_rclpy_minimal_action_server:/home/plague/ros2_ws/install/examples_rclpy_minimal_action_client:/home/plague/ros2_ws/install/examples_rclpy_guard_conditions:/home/plague/ros2_ws/install/examples_rclpy_executors:/opt/ros/iron /usr/bin/cmake --build /home/plague/ros2_ws/build/examples_rclcpp_minimal_action_client -- -j8 -l8
[0.100s] [ 25%] Built target action_client_not_composable
[0.112s] [ 50%] Built target action_client_member_functions
[0.120s] [ 75%] Built target action_client_not_composable_with_cancel
[0.136s] [100%] Built target action_client_not_composable_with_feedback
[0.158s] Invoked command in '/home/plague/ros2_ws/build/examples_rclcpp_minimal_action_client' returned '0': CMAKE_PREFIX_PATH=${CMAKE_PREFIX_PATH}:/home/plague/ros2_ws/install/launch_testing_examples:/home/plague/ros2_ws/install/examples_rclpy_pointcloud_publisher:/home/plague/ros2_ws/install/examples_rclpy_minimal_subscriber:/home/plague/ros2_ws/install/examples_rclpy_minimal_service:/home/plague/ros2_ws/install/examples_rclpy_minimal_publisher:/home/plague/ros2_ws/install/examples_rclpy_minimal_client:/home/plague/ros2_ws/install/examples_rclpy_minimal_action_server:/home/plague/ros2_ws/install/examples_rclpy_minimal_action_client:/home/plague/ros2_ws/install/examples_rclpy_guard_conditions:/home/plague/ros2_ws/install/examples_rclpy_executors:/opt/ros/iron /usr/bin/cmake --build /home/plague/ros2_ws/build/examples_rclcpp_minimal_action_client -- -j8 -l8
[0.202s] Invoking command in '/home/plague/ros2_ws/build/examples_rclcpp_minimal_action_client': CMAKE_PREFIX_PATH=${CMAKE_PREFIX_PATH}:/home/plague/ros2_ws/install/launch_testing_examples:/home/plague/ros2_ws/install/examples_rclpy_pointcloud_publisher:/home/plague/ros2_ws/install/examples_rclpy_minimal_subscriber:/home/plague/ros2_ws/install/examples_rclpy_minimal_service:/home/plague/ros2_ws/install/examples_rclpy_minimal_publisher:/home/plague/ros2_ws/install/examples_rclpy_minimal_client:/home/plague/ros2_ws/install/examples_rclpy_minimal_action_server:/home/plague/ros2_ws/install/examples_rclpy_minimal_action_client:/home/plague/ros2_ws/install/examples_rclpy_guard_conditions:/home/plague/ros2_ws/install/examples_rclpy_executors:/opt/ros/iron /usr/bin/cmake --install /home/plague/ros2_ws/build/examples_rclcpp_minimal_action_client
[0.216s] -- Install configuration: ""
[0.216s] -- Execute custom install script
[0.216s] -- Up-to-date symlink: /home/plague/ros2_ws/install/examples_rclcpp_minimal_action_client/lib/examples_rclcpp_minimal_action_client/action_client_member_functions
[0.216s] -- Up-to-date symlink: /home/plague/ros2_ws/install/examples_rclcpp_minimal_action_client/lib/examples_rclcpp_minimal_action_client/action_client_not_composable
[0.217s] -- Up-to-date symlink: /home/plague/ros2_ws/install/examples_rclcpp_minimal_action_client/lib/examples_rclcpp_minimal_action_client/action_client_not_composable_with_cancel
[0.217s] -- Up-to-date symlink: /home/plague/ros2_ws/install/examples_rclcpp_minimal_action_client/lib/examples_rclcpp_minimal_action_client/action_client_not_composable_with_feedback
[0.217s] -- Up-to-date symlink: /home/plague/ros2_ws/install/examples_rclcpp_minimal_action_client/share/ament_index/resource_index/package_run_dependencies/examples_rclcpp_minimal_action_client
[0.217s] -- Up-to-date symlink: /home/plague/ros2_ws/install/examples_rclcpp_minimal_action_client/share/ament_index/resource_index/parent_prefix_path/examples_rclcpp_minimal_action_client
[0.217s] -- Up-to-date symlink: /home/plague/ros2_ws/install/examples_rclcpp_minimal_action_client/share/examples_rclcpp_minimal_action_client/environment/ament_prefix_path.sh
[0.217s] -- Up-to-date symlink: /home/plague/ros2_ws/install/examples_rclcpp_minimal_action_client/share/examples_rclcpp_minimal_action_client/environment/ament_prefix_path.dsv
[0.217s] -- Up-to-date symlink: /home/plague/ros2_ws/install/examples_rclcpp_minimal_action_client/share/examples_rclcpp_minimal_action_client/environment/path.sh
[0.217s] -- Up-to-date symlink: /home/plague/ros2_ws/install/examples_rclcpp_minimal_action_client/share/examples_rclcpp_minimal_action_client/environment/path.dsv
[0.217s] -- Up-to-date symlink: /home/plague/ros2_ws/install/examples_rclcpp_minimal_action_client/share/examples_rclcpp_minimal_action_client/local_setup.bash
[0.217s] -- Up-to-date symlink: /home/plague/ros2_ws/install/examples_rclcpp_minimal_action_client/share/examples_rclcpp_minimal_action_client/local_setup.sh
[0.217s] -- Up-to-date symlink: /home/plague/ros2_ws/install/examples_rclcpp_minimal_action_client/share/examples_rclcpp_minimal_action_client/local_setup.zsh
[0.218s] -- Up-to-date symlink: /home/plague/ros2_ws/install/examples_rclcpp_minimal_action_client/share/examples_rclcpp_minimal_action_client/local_setup.dsv
[0.218s] -- Symlinking: /home/plague/ros2_ws/install/examples_rclcpp_minimal_action_client/share/examples_rclcpp_minimal_action_client/package.dsv
[0.225s] -- Up-to-date symlink: /home/plague/ros2_ws/install/examples_rclcpp_minimal_action_client/share/ament_index/resource_index/packages/examples_rclcpp_minimal_action_client
[0.225s] -- Up-to-date symlink: /home/plague/ros2_ws/install/examples_rclcpp_minimal_action_client/share/examples_rclcpp_minimal_action_client/cmake/examples_rclcpp_minimal_action_clientConfig.cmake
[0.225s] -- Up-to-date symlink: /home/plague/ros2_ws/install/examples_rclcpp_minimal_action_client/share/examples_rclcpp_minimal_action_client/cmake/examples_rclcpp_minimal_action_clientConfig-version.cmake
[0.225s] -- Up-to-date symlink: /home/plague/ros2_ws/install/examples_rclcpp_minimal_action_client/share/examples_rclcpp_minimal_action_client/package.xml
[0.245s] Invoked command in '/home/plague/ros2_ws/build/examples_rclcpp_minimal_action_client' returned '0': CMAKE_PREFIX_PATH=${CMAKE_PREFIX_PATH}:/home/plague/ros2_ws/install/launch_testing_examples:/home/plague/ros2_ws/install/examples_rclpy_pointcloud_publisher:/home/plague/ros2_ws/install/examples_rclpy_minimal_subscriber:/home/plague/ros2_ws/install/examples_rclpy_minimal_service:/home/plague/ros2_ws/install/examples_rclpy_minimal_publisher:/home/plague/ros2_ws/install/examples_rclpy_minimal_client:/home/plague/ros2_ws/install/examples_rclpy_minimal_action_server:/home/plague/ros2_ws/install/examples_rclpy_minimal_action_client:/home/plague/ros2_ws/install/examples_rclpy_guard_conditions:/home/plague/ros2_ws/install/examples_rclpy_executors:/opt/ros/iron /usr/bin/cmake --install /home/plague/ros2_ws/build/examples_rclcpp_minimal_action_client
