[0.709s] Invoking command in '/home/plague/ros2_ws/build/examples_rclpy_minimal_client': PYTHONPATH=/home/plague/ros2_ws/build/examples_rclpy_minimal_client/prefix_override:/home/plague/ros2_ws/install/examples_rclpy_minimal_client/lib/python3.10/site-packages:${PYTHONPATH} /usr/bin/python3 -W ignore:setup.py install is deprecated setup.py develop --uninstall --editable --build-directory /home/plague/ros2_ws/build/examples_rclpy_minimal_client/build
[0.926s] running develop
[0.926s] /usr/lib/python3/dist-packages/setuptools/command/easy_install.py:158: EasyInstallDeprecationWarning: easy_install command is deprecated. Use build and pip and other standards-based tools.
[0.926s]   warnings.warn(
[1.055s] Removing /home/plague/ros2_ws/install/examples_rclpy_minimal_client/lib/python3.10/site-packages/examples-rclpy-minimal-client.egg-link (link to .)
[1.364s] Invoked command in '/home/plague/ros2_ws/build/examples_rclpy_minimal_client' returned '0': PYTHONPATH=/home/plague/ros2_ws/build/examples_rclpy_minimal_client/prefix_override:/home/plague/ros2_ws/install/examples_rclpy_minimal_client/lib/python3.10/site-packages:${PYTHONPATH} /usr/bin/python3 -W ignore:setup.py install is deprecated setup.py develop --uninstall --editable --build-directory /home/plague/ros2_ws/build/examples_rclpy_minimal_client/build
[1.369s] Invoking command in '/home/plague/ros2_ws/src/examples/rclpy/services/minimal_client': PYTHONPATH=/home/plague/ros2_ws/build/examples_rclpy_minimal_client/prefix_override:/home/plague/ros2_ws/install/examples_rclpy_minimal_client/lib/python3.10/site-packages:${PYTHONPATH} /usr/bin/python3 -W ignore:setup.py install is deprecated setup.py egg_info --egg-base ../../../../../build/examples_rclpy_minimal_client build --build-base /home/plague/ros2_ws/build/examples_rclpy_minimal_client/build install --record /home/plague/ros2_ws/build/examples_rclpy_minimal_client/install.log --single-version-externally-managed install_data --force
[1.577s] running egg_info
[1.578s] writing ../../../../../build/examples_rclpy_minimal_client/examples_rclpy_minimal_client.egg-info/PKG-INFO
[1.578s] writing dependency_links to ../../../../../build/examples_rclpy_minimal_client/examples_rclpy_minimal_client.egg-info/dependency_links.txt
[1.578s] writing entry points to ../../../../../build/examples_rclpy_minimal_client/examples_rclpy_minimal_client.egg-info/entry_points.txt
[1.578s] writing requirements to ../../../../../build/examples_rclpy_minimal_client/examples_rclpy_minimal_client.egg-info/requires.txt
[1.578s] writing top-level names to ../../../../../build/examples_rclpy_minimal_client/examples_rclpy_minimal_client.egg-info/top_level.txt
[1.580s] reading manifest file '../../../../../build/examples_rclpy_minimal_client/examples_rclpy_minimal_client.egg-info/SOURCES.txt'
[1.581s] writing manifest file '../../../../../build/examples_rclpy_minimal_client/examples_rclpy_minimal_client.egg-info/SOURCES.txt'
[1.581s] running build
[1.581s] running build_py
[1.581s] creating /home/plague/ros2_ws/build/examples_rclpy_minimal_client/build
[1.581s] creating /home/plague/ros2_ws/build/examples_rclpy_minimal_client/build/lib
[1.581s] creating /home/plague/ros2_ws/build/examples_rclpy_minimal_client/build/lib/examples_rclpy_minimal_client
[1.581s] copying examples_rclpy_minimal_client/__init__.py -> /home/plague/ros2_ws/build/examples_rclpy_minimal_client/build/lib/examples_rclpy_minimal_client
[1.581s] copying examples_rclpy_minimal_client/client.py -> /home/plague/ros2_ws/build/examples_rclpy_minimal_client/build/lib/examples_rclpy_minimal_client
[1.582s] copying examples_rclpy_minimal_client/client_async_member_function.py -> /home/plague/ros2_ws/build/examples_rclpy_minimal_client/build/lib/examples_rclpy_minimal_client
[1.582s] copying examples_rclpy_minimal_client/client_async_callback.py -> /home/plague/ros2_ws/build/examples_rclpy_minimal_client/build/lib/examples_rclpy_minimal_client
[1.582s] copying examples_rclpy_minimal_client/client_async.py -> /home/plague/ros2_ws/build/examples_rclpy_minimal_client/build/lib/examples_rclpy_minimal_client
[1.582s] running install
[1.582s] running install_lib
[1.582s] creating /home/plague/ros2_ws/install/examples_rclpy_minimal_client/lib/python3.10/site-packages/examples_rclpy_minimal_client
[1.582s] copying /home/plague/ros2_ws/build/examples_rclpy_minimal_client/build/lib/examples_rclpy_minimal_client/__init__.py -> /home/plague/ros2_ws/install/examples_rclpy_minimal_client/lib/python3.10/site-packages/examples_rclpy_minimal_client
[1.583s] copying /home/plague/ros2_ws/build/examples_rclpy_minimal_client/build/lib/examples_rclpy_minimal_client/client.py -> /home/plague/ros2_ws/install/examples_rclpy_minimal_client/lib/python3.10/site-packages/examples_rclpy_minimal_client
[1.583s] copying /home/plague/ros2_ws/build/examples_rclpy_minimal_client/build/lib/examples_rclpy_minimal_client/client_async_member_function.py -> /home/plague/ros2_ws/install/examples_rclpy_minimal_client/lib/python3.10/site-packages/examples_rclpy_minimal_client
[1.583s] copying /home/plague/ros2_ws/build/examples_rclpy_minimal_client/build/lib/examples_rclpy_minimal_client/client_async_callback.py -> /home/plague/ros2_ws/install/examples_rclpy_minimal_client/lib/python3.10/site-packages/examples_rclpy_minimal_client
[1.583s] copying /home/plague/ros2_ws/build/examples_rclpy_minimal_client/build/lib/examples_rclpy_minimal_client/client_async.py -> /home/plague/ros2_ws/install/examples_rclpy_minimal_client/lib/python3.10/site-packages/examples_rclpy_minimal_client
[1.583s] byte-compiling /home/plague/ros2_ws/install/examples_rclpy_minimal_client/lib/python3.10/site-packages/examples_rclpy_minimal_client/__init__.py to __init__.cpython-310.pyc
[1.583s] byte-compiling /home/plague/ros2_ws/install/examples_rclpy_minimal_client/lib/python3.10/site-packages/examples_rclpy_minimal_client/client.py to client.cpython-310.pyc
[1.584s] byte-compiling /home/plague/ros2_ws/install/examples_rclpy_minimal_client/lib/python3.10/site-packages/examples_rclpy_minimal_client/client_async_member_function.py to client_async_member_function.cpython-310.pyc
[1.584s] byte-compiling /home/plague/ros2_ws/install/examples_rclpy_minimal_client/lib/python3.10/site-packages/examples_rclpy_minimal_client/client_async_callback.py to client_async_callback.cpython-310.pyc
[1.584s] byte-compiling /home/plague/ros2_ws/install/examples_rclpy_minimal_client/lib/python3.10/site-packages/examples_rclpy_minimal_client/client_async.py to client_async.cpython-310.pyc
[1.584s] running install_data
[1.585s] copying resource/examples_rclpy_minimal_client -> /home/plague/ros2_ws/install/examples_rclpy_minimal_client/share/ament_index/resource_index/packages
[1.585s] copying package.xml -> /home/plague/ros2_ws/install/examples_rclpy_minimal_client/share/examples_rclpy_minimal_client
[1.585s] running install_egg_info
[1.587s] Copying ../../../../../build/examples_rclpy_minimal_client/examples_rclpy_minimal_client.egg-info to /home/plague/ros2_ws/install/examples_rclpy_minimal_client/lib/python3.10/site-packages/examples_rclpy_minimal_client-0.18.0-py3.10.egg-info
[1.587s] running install_scripts
[1.605s] Installing client script to /home/plague/ros2_ws/install/examples_rclpy_minimal_client/lib/examples_rclpy_minimal_client
[1.605s] Installing client_async script to /home/plague/ros2_ws/install/examples_rclpy_minimal_client/lib/examples_rclpy_minimal_client
[1.605s] Installing client_async_callback script to /home/plague/ros2_ws/install/examples_rclpy_minimal_client/lib/examples_rclpy_minimal_client
[1.606s] Installing client_async_member_function script to /home/plague/ros2_ws/install/examples_rclpy_minimal_client/lib/examples_rclpy_minimal_client
[1.606s] writing list of installed files to '/home/plague/ros2_ws/build/examples_rclpy_minimal_client/install.log'
[1.657s] Invoked command in '/home/plague/ros2_ws/src/examples/rclpy/services/minimal_client' returned '0': PYTHONPATH=/home/plague/ros2_ws/build/examples_rclpy_minimal_client/prefix_override:/home/plague/ros2_ws/install/examples_rclpy_minimal_client/lib/python3.10/site-packages:${PYTHONPATH} /usr/bin/python3 -W ignore:setup.py install is deprecated setup.py egg_info --egg-base ../../../../../build/examples_rclpy_minimal_client build --build-base /home/plague/ros2_ws/build/examples_rclpy_minimal_client/build install --record /home/plague/ros2_ws/build/examples_rclpy_minimal_client/install.log --single-version-externally-managed install_data --force
