[1.310s] Invoking command in '/home/plague/ros2_ws/build/examples_rclpy_pointcloud_publisher': PYTHONPATH=/home/plague/ros2_ws/build/examples_rclpy_pointcloud_publisher/prefix_override:/home/plague/ros2_ws/install/examples_rclpy_pointcloud_publisher/lib/python3.10/site-packages:${PYTHONPATH} /usr/bin/python3 -W ignore:setup.py install is deprecated setup.py develop --editable --build-directory /home/plague/ros2_ws/build/examples_rclpy_pointcloud_publisher/build --no-deps symlink_data
[1.892s] running develop
[1.892s] /usr/lib/python3/dist-packages/setuptools/command/easy_install.py:158: EasyInstallDeprecationWarning: easy_install command is deprecated. Use build and pip and other standards-based tools.
[1.892s]   warnings.warn(
[2.044s] running egg_info
[2.044s] creating examples_rclpy_pointcloud_publisher.egg-info
[2.044s] writing examples_rclpy_pointcloud_publisher.egg-info/PKG-INFO
[2.044s] writing dependency_links to examples_rclpy_pointcloud_publisher.egg-info/dependency_links.txt
[2.044s] writing entry points to examples_rclpy_pointcloud_publisher.egg-info/entry_points.txt
[2.045s] writing requirements to examples_rclpy_pointcloud_publisher.egg-info/requires.txt
[2.045s] writing top-level names to examples_rclpy_pointcloud_publisher.egg-info/top_level.txt
[2.045s] writing manifest file 'examples_rclpy_pointcloud_publisher.egg-info/SOURCES.txt'
[2.048s] reading manifest file 'examples_rclpy_pointcloud_publisher.egg-info/SOURCES.txt'
[2.050s] writing manifest file 'examples_rclpy_pointcloud_publisher.egg-info/SOURCES.txt'
[2.052s] running build_ext
[2.052s] Creating /home/plague/ros2_ws/install/examples_rclpy_pointcloud_publisher/lib/python3.10/site-packages/examples-rclpy-pointcloud-publisher.egg-link (link to .)
[2.053s] Installing pointcloud_publisher script to /home/plague/ros2_ws/install/examples_rclpy_pointcloud_publisher/lib/examples_rclpy_pointcloud_publisher
[2.054s] 
[2.054s] Installed /home/plague/ros2_ws/build/examples_rclpy_pointcloud_publisher
[2.054s] running symlink_data
[2.054s] creating /home/plague/ros2_ws/install/examples_rclpy_pointcloud_publisher/share/ament_index
[2.054s] creating /home/plague/ros2_ws/install/examples_rclpy_pointcloud_publisher/share/ament_index/resource_index
[2.054s] creating /home/plague/ros2_ws/install/examples_rclpy_pointcloud_publisher/share/ament_index/resource_index/packages
[2.055s] symbolically linking /home/plague/ros2_ws/build/examples_rclpy_pointcloud_publisher/resource/examples_rclpy_pointcloud_publisher -> /home/plague/ros2_ws/install/examples_rclpy_pointcloud_publisher/share/ament_index/resource_index/packages
[2.055s] symbolically linking /home/plague/ros2_ws/build/examples_rclpy_pointcloud_publisher/package.xml -> /home/plague/ros2_ws/install/examples_rclpy_pointcloud_publisher/share/examples_rclpy_pointcloud_publisher
[2.116s] Invoked command in '/home/plague/ros2_ws/build/examples_rclpy_pointcloud_publisher' returned '0': PYTHONPATH=/home/plague/ros2_ws/build/examples_rclpy_pointcloud_publisher/prefix_override:/home/plague/ros2_ws/install/examples_rclpy_pointcloud_publisher/lib/python3.10/site-packages:${PYTHONPATH} /usr/bin/python3 -W ignore:setup.py install is deprecated setup.py develop --editable --build-directory /home/plague/ros2_ws/build/examples_rclpy_pointcloud_publisher/build --no-deps symlink_data
