[0.017s] Invoking command in '/home/plague/ros2_ws/build/turtlesim': CMAKE_PREFIX_PATH=${CMAKE_PREFIX_PATH}:/home/plague/ros2_ws/install/launch_testing_examples:/home/plague/ros2_ws/install/examples_rclpy_pointcloud_publisher:/home/plague/ros2_ws/install/examples_rclpy_minimal_subscriber:/home/plague/ros2_ws/install/examples_rclpy_minimal_service:/home/plague/ros2_ws/install/examples_rclpy_minimal_publisher:/home/plague/ros2_ws/install/examples_rclpy_minimal_client:/home/plague/ros2_ws/install/examples_rclpy_minimal_action_server:/home/plague/ros2_ws/install/examples_rclpy_minimal_action_client:/home/plague/ros2_ws/install/examples_rclpy_guard_conditions:/home/plague/ros2_ws/install/examples_rclpy_executors:/opt/ros/iron /usr/bin/cmake --build /home/plague/ros2_ws/build/turtlesim -- -j8 -l8
[0.100s] [  0%] Built target turtlesim__rosidl_generator_type_description
[0.127s] [  1%] Built target turtlesim__cpp
[0.138s] [  1%] Built target ament_cmake_python_copy_turtlesim
[0.152s] [35m[1mConsolidate compiler generated dependencies of target turtlesim__rosidl_generator_c[0m
[0.179s] [ 24%] Built target turtlesim__rosidl_generator_c
[0.201s] [35m[1mConsolidate compiler generated dependencies of target turtlesim__rosidl_typesupport_cpp[0m
[0.221s] [35m[1mConsolidate compiler generated dependencies of target turtlesim__rosidl_typesupport_fastrtps_cpp[0m
[0.245s] [35m[1mConsolidate compiler generated dependencies of target turtlesim__rosidl_typesupport_c[0m
[0.249s] [35m[1mConsolidate compiler generated dependencies of target turtlesim__rosidl_typesupport_fastrtps_c[0m
[0.250s] [35m[1mConsolidate compiler generated dependencies of target turtlesim__rosidl_typesupport_introspection_c[0m
[0.286s] [35m[1mConsolidate compiler generated dependencies of target turtlesim__rosidl_typesupport_introspection_cpp[0m
[0.291s] [ 32%] Built target turtlesim__rosidl_typesupport_cpp
[0.314s] [ 40%] Built target turtlesim__rosidl_typesupport_fastrtps_cpp
[0.331s] [ 49%] Built target turtlesim__rosidl_typesupport_fastrtps_c
[0.346s] [ 58%] Built target turtlesim__rosidl_typesupport_c
[0.369s] [ 66%] Built target turtlesim__rosidl_typesupport_introspection_cpp
[0.369s] [ 75%] Built target turtlesim__rosidl_typesupport_introspection_c
[0.369s] [35m[1mConsolidate compiler generated dependencies of target turtlesim_node[0m
[0.414s] [35m[1mConsolidate compiler generated dependencies of target turtle_teleop_key[0m
[0.416s] [35m[1mConsolidate compiler generated dependencies of target draw_square[0m
[0.443s] [35m[1mConsolidate compiler generated dependencies of target mimic[0m
[0.449s] [ 81%] Built target turtlesim_node
[0.458s] [ 82%] Built target draw_square
[0.464s] [ 84%] Built target turtle_teleop_key
[0.477s] [ 86%] Built target mimic
[0.485s] [ 86%] Built target turtlesim
[0.514s] [ 86%] Built target turtlesim__py
[0.526s] running egg_info
[0.528s] writing turtlesim.egg-info/PKG-INFO
[0.529s] writing dependency_links to turtlesim.egg-info/dependency_links.txt
[0.529s] writing top-level names to turtlesim.egg-info/top_level.txt
[0.533s] reading manifest file 'turtlesim.egg-info/SOURCES.txt'
[0.535s] writing manifest file 'turtlesim.egg-info/SOURCES.txt'
[0.535s] [35m[1mConsolidate compiler generated dependencies of target turtlesim__rosidl_generator_py[0m
[0.561s] [ 94%] Built target turtlesim__rosidl_generator_py
[0.576s] [35m[1mConsolidate compiler generated dependencies of target turtlesim__rosidl_typesupport_fastrtps_c__pyext[0m
[0.587s] [35m[1mConsolidate compiler generated dependencies of target turtlesim__rosidl_typesupport_introspection_c__pyext[0m
[0.591s] [35m[1mConsolidate compiler generated dependencies of target turtlesim__rosidl_typesupport_c__pyext[0m
[0.599s] [ 94%] Built target ament_cmake_python_build_turtlesim_egg
[0.600s] [ 96%] Built target turtlesim__rosidl_typesupport_fastrtps_c__pyext
[0.614s] [100%] Built target turtlesim__rosidl_typesupport_introspection_c__pyext
[0.614s] [100%] Built target turtlesim__rosidl_typesupport_c__pyext
[0.630s] Invoked command in '/home/plague/ros2_ws/build/turtlesim' returned '0': CMAKE_PREFIX_PATH=${CMAKE_PREFIX_PATH}:/home/plague/ros2_ws/install/launch_testing_examples:/home/plague/ros2_ws/install/examples_rclpy_pointcloud_publisher:/home/plague/ros2_ws/install/examples_rclpy_minimal_subscriber:/home/plague/ros2_ws/install/examples_rclpy_minimal_service:/home/plague/ros2_ws/install/examples_rclpy_minimal_publisher:/home/plague/ros2_ws/install/examples_rclpy_minimal_client:/home/plague/ros2_ws/install/examples_rclpy_minimal_action_server:/home/plague/ros2_ws/install/examples_rclpy_minimal_action_client:/home/plague/ros2_ws/install/examples_rclpy_guard_conditions:/home/plague/ros2_ws/install/examples_rclpy_executors:/opt/ros/iron /usr/bin/cmake --build /home/plague/ros2_ws/build/turtlesim -- -j8 -l8
[0.913s] Invoking command in '/home/plague/ros2_ws/build/turtlesim': CMAKE_PREFIX_PATH=${CMAKE_PREFIX_PATH}:/home/plague/ros2_ws/install/launch_testing_examples:/home/plague/ros2_ws/install/examples_rclpy_pointcloud_publisher:/home/plague/ros2_ws/install/examples_rclpy_minimal_subscriber:/home/plague/ros2_ws/install/examples_rclpy_minimal_service:/home/plague/ros2_ws/install/examples_rclpy_minimal_publisher:/home/plague/ros2_ws/install/examples_rclpy_minimal_client:/home/plague/ros2_ws/install/examples_rclpy_minimal_action_server:/home/plague/ros2_ws/install/examples_rclpy_minimal_action_client:/home/plague/ros2_ws/install/examples_rclpy_guard_conditions:/home/plague/ros2_ws/install/examples_rclpy_executors:/opt/ros/iron /usr/bin/cmake --install /home/plague/ros2_ws/build/turtlesim
[0.920s] -- Install configuration: ""
[0.920s] -- Up-to-date: /home/plague/ros2_ws/install/turtlesim/share/ament_index/resource_index/rosidl_interfaces/turtlesim
[0.920s] -- Up-to-date: /home/plague/ros2_ws/install/turtlesim/share/turtlesim/action/RotateAbsolute.json
[0.920s] -- Up-to-date: /home/plague/ros2_ws/install/turtlesim/share/turtlesim/msg/Color.json
[0.920s] -- Up-to-date: /home/plague/ros2_ws/install/turtlesim/share/turtlesim/msg/Pose.json
[0.920s] -- Up-to-date: /home/plague/ros2_ws/install/turtlesim/share/turtlesim/srv/Kill.json
[0.920s] -- Up-to-date: /home/plague/ros2_ws/install/turtlesim/share/turtlesim/srv/SetPen.json
[0.921s] -- Up-to-date: /home/plague/ros2_ws/install/turtlesim/share/turtlesim/srv/Spawn.json
[0.921s] -- Up-to-date: /home/plague/ros2_ws/install/turtlesim/share/turtlesim/srv/TeleportAbsolute.json
[0.921s] -- Up-to-date: /home/plague/ros2_ws/install/turtlesim/share/turtlesim/srv/TeleportRelative.json
[0.921s] -- Up-to-date: /home/plague/ros2_ws/install/turtlesim/include/turtlesim/turtlesim
[0.921s] -- Up-to-date: /home/plague/ros2_ws/install/turtlesim/include/turtlesim/turtlesim/srv
[0.921s] -- Up-to-date: /home/plague/ros2_ws/install/turtlesim/include/turtlesim/turtlesim/srv/detail
[0.921s] -- Installing: /home/plague/ros2_ws/install/turtlesim/include/turtlesim/turtlesim/srv/detail/teleport_absolute__type_support.c
[0.921s] -- Up-to-date: /home/plague/ros2_ws/install/turtlesim/include/turtlesim/turtlesim/srv/detail/teleport_relative__struct.h
[0.921s] -- Up-to-date: /home/plague/ros2_ws/install/turtlesim/include/turtlesim/turtlesim/srv/detail/teleport_relative__description.c
[0.921s] -- Up-to-date: /home/plague/ros2_ws/install/turtlesim/include/turtlesim/turtlesim/srv/detail/set_pen__type_support.h
[0.921s] -- Up-to-date: /home/plague/ros2_ws/install/turtlesim/include/turtlesim/turtlesim/srv/detail/set_pen__functions.c
[0.921s] -- Up-to-date: /home/plague/ros2_ws/install/turtlesim/include/turtlesim/turtlesim/srv/detail/spawn__functions.h
[0.921s] -- Up-to-date: /home/plague/ros2_ws/install/turtlesim/include/turtlesim/turtlesim/srv/detail/kill__struct.h
[0.922s] -- Up-to-date: /home/plague/ros2_ws/install/turtlesim/include/turtlesim/turtlesim/srv/detail/set_pen__description.c
[0.922s] -- Up-to-date: /home/plague/ros2_ws/install/turtlesim/include/turtlesim/turtlesim/srv/detail/kill__type_support.h
[0.922s] -- Installing: /home/plague/ros2_ws/install/turtlesim/include/turtlesim/turtlesim/srv/detail/teleport_relative__type_support.c
[0.922s] -- Up-to-date: /home/plague/ros2_ws/install/turtlesim/include/turtlesim/turtlesim/srv/detail/spawn__functions.c
[0.922s] -- Installing: /home/plague/ros2_ws/install/turtlesim/include/turtlesim/turtlesim/srv/detail/kill__type_support.c
[0.922s] -- Up-to-date: /home/plague/ros2_ws/install/turtlesim/include/turtlesim/turtlesim/srv/detail/teleport_absolute__functions.h
[0.922s] -- Up-to-date: /home/plague/ros2_ws/install/turtlesim/include/turtlesim/turtlesim/srv/detail/spawn__type_support.h
[0.922s] -- Up-to-date: /home/plague/ros2_ws/install/turtlesim/include/turtlesim/turtlesim/srv/detail/set_pen__struct.h
[0.922s] -- Up-to-date: /home/plague/ros2_ws/install/turtlesim/include/turtlesim/turtlesim/srv/detail/teleport_relative__functions.c
[0.922s] -- Up-to-date: /home/plague/ros2_ws/install/turtlesim/include/turtlesim/turtlesim/srv/detail/teleport_relative__type_support.h
[0.923s] -- Up-to-date: /home/plague/ros2_ws/install/turtlesim/include/turtlesim/turtlesim/srv/detail/teleport_absolute__description.c
[0.923s] -- Up-to-date: /home/plague/ros2_ws/install/turtlesim/include/turtlesim/turtlesim/srv/detail/teleport_absolute__type_support.h
[0.923s] -- Installing: /home/plague/ros2_ws/install/turtlesim/include/turtlesim/turtlesim/srv/detail/spawn__type_support.c
[0.923s] -- Installing: /home/plague/ros2_ws/install/turtlesim/include/turtlesim/turtlesim/srv/detail/set_pen__type_support.c
[0.923s] -- Up-to-date: /home/plague/ros2_ws/install/turtlesim/include/turtlesim/turtlesim/srv/detail/kill__description.c
[0.923s] -- Up-to-date: /home/plague/ros2_ws/install/turtlesim/include/turtlesim/turtlesim/srv/detail/spawn__description.c
[0.923s] -- Up-to-date: /home/plague/ros2_ws/install/turtlesim/include/turtlesim/turtlesim/srv/detail/spawn__struct.h
[0.923s] -- Up-to-date: /home/plague/ros2_ws/install/turtlesim/include/turtlesim/turtlesim/srv/detail/set_pen__functions.h
[0.924s] -- Up-to-date: /home/plague/ros2_ws/install/turtlesim/include/turtlesim/turtlesim/srv/detail/kill__functions.c
[0.924s] -- Up-to-date: /home/plague/ros2_ws/install/turtlesim/include/turtlesim/turtlesim/srv/detail/teleport_relative__functions.h
[0.924s] -- Up-to-date: /home/plague/ros2_ws/install/turtlesim/include/turtlesim/turtlesim/srv/detail/kill__functions.h
[0.924s] -- Up-to-date: /home/plague/ros2_ws/install/turtlesim/include/turtlesim/turtlesim/srv/detail/teleport_absolute__struct.h
[0.924s] -- Up-to-date: /home/plague/ros2_ws/install/turtlesim/include/turtlesim/turtlesim/srv/detail/teleport_absolute__functions.c
[0.924s] -- Up-to-date: /home/plague/ros2_ws/install/turtlesim/include/turtlesim/turtlesim/srv/set_pen.h
[0.924s] -- Up-to-date: /home/plague/ros2_ws/install/turtlesim/include/turtlesim/turtlesim/srv/spawn.h
[0.924s] -- Up-to-date: /home/plague/ros2_ws/install/turtlesim/include/turtlesim/turtlesim/srv/teleport_absolute.h
[0.924s] -- Up-to-date: /home/plague/ros2_ws/install/turtlesim/include/turtlesim/turtlesim/srv/kill.h
[0.924s] -- Up-to-date: /home/plague/ros2_ws/install/turtlesim/include/turtlesim/turtlesim/srv/teleport_relative.h
[0.924s] -- Up-to-date: /home/plague/ros2_ws/install/turtlesim/include/turtlesim/turtlesim/action
[0.925s] -- Up-to-date: /home/plague/ros2_ws/install/turtlesim/include/turtlesim/turtlesim/action/detail
[0.925s] -- Up-to-date: /home/plague/ros2_ws/install/turtlesim/include/turtlesim/turtlesim/action/detail/rotate_absolute__description.c
[0.925s] -- Up-to-date: /home/plague/ros2_ws/install/turtlesim/include/turtlesim/turtlesim/action/detail/rotate_absolute__functions.c
[0.925s] -- Up-to-date: /home/plague/ros2_ws/install/turtlesim/include/turtlesim/turtlesim/action/detail/rotate_absolute__functions.h
[0.925s] -- Installing: /home/plague/ros2_ws/install/turtlesim/include/turtlesim/turtlesim/action/detail/rotate_absolute__type_support.c
[0.925s] -- Up-to-date: /home/plague/ros2_ws/install/turtlesim/include/turtlesim/turtlesim/action/detail/rotate_absolute__type_support.h
[0.925s] -- Up-to-date: /home/plague/ros2_ws/install/turtlesim/include/turtlesim/turtlesim/action/detail/rotate_absolute__struct.h
[0.925s] -- Up-to-date: /home/plague/ros2_ws/install/turtlesim/include/turtlesim/turtlesim/action/rotate_absolute.h
[0.925s] -- Up-to-date: /home/plague/ros2_ws/install/turtlesim/include/turtlesim/turtlesim/msg
[0.925s] -- Up-to-date: /home/plague/ros2_ws/install/turtlesim/include/turtlesim/turtlesim/msg/detail
[0.926s] -- Up-to-date: /home/plague/ros2_ws/install/turtlesim/include/turtlesim/turtlesim/msg/detail/pose__description.c
[0.926s] -- Up-to-date: /home/plague/ros2_ws/install/turtlesim/include/turtlesim/turtlesim/msg/detail/color__description.c
[0.926s] -- Up-to-date: /home/plague/ros2_ws/install/turtlesim/include/turtlesim/turtlesim/msg/detail/color__struct.h
[0.926s] -- Up-to-date: /home/plague/ros2_ws/install/turtlesim/include/turtlesim/turtlesim/msg/detail/pose__functions.c
[0.926s] -- Up-to-date: /home/plague/ros2_ws/install/turtlesim/include/turtlesim/turtlesim/msg/detail/color__functions.c
[0.926s] -- Installing: /home/plague/ros2_ws/install/turtlesim/include/turtlesim/turtlesim/msg/detail/color__type_support.c
[0.926s] -- Up-to-date: /home/plague/ros2_ws/install/turtlesim/include/turtlesim/turtlesim/msg/detail/pose__struct.h
[0.926s] -- Up-to-date: /home/plague/ros2_ws/install/turtlesim/include/turtlesim/turtlesim/msg/detail/color__type_support.h
[0.926s] -- Up-to-date: /home/plague/ros2_ws/install/turtlesim/include/turtlesim/turtlesim/msg/detail/pose__functions.h
[0.926s] -- Installing: /home/plague/ros2_ws/install/turtlesim/include/turtlesim/turtlesim/msg/detail/pose__type_support.c
[0.926s] -- Up-to-date: /home/plague/ros2_ws/install/turtlesim/include/turtlesim/turtlesim/msg/detail/pose__type_support.h
[0.927s] -- Up-to-date: /home/plague/ros2_ws/install/turtlesim/include/turtlesim/turtlesim/msg/detail/color__functions.h
[0.927s] -- Up-to-date: /home/plague/ros2_ws/install/turtlesim/include/turtlesim/turtlesim/msg/pose.h
[0.927s] -- Up-to-date: /home/plague/ros2_ws/install/turtlesim/include/turtlesim/turtlesim/msg/rosidl_generator_c__visibility_control.h
[0.927s] -- Up-to-date: /home/plague/ros2_ws/install/turtlesim/include/turtlesim/turtlesim/msg/color.h
[0.927s] -- Up-to-date: /home/plague/ros2_ws/install/turtlesim/share/turtlesim/environment/library_path.sh
[0.927s] -- Up-to-date: /home/plague/ros2_ws/install/turtlesim/share/turtlesim/environment/library_path.dsv
[0.927s] -- Up-to-date: /home/plague/ros2_ws/install/turtlesim/lib/libturtlesim__rosidl_generator_c.so
[0.927s] -- Up-to-date: /home/plague/ros2_ws/install/turtlesim/include/turtlesim/turtlesim
[0.927s] -- Up-to-date: /home/plague/ros2_ws/install/turtlesim/include/turtlesim/turtlesim/srv
[0.927s] -- Up-to-date: /home/plague/ros2_ws/install/turtlesim/include/turtlesim/turtlesim/srv/detail
[0.927s] -- Up-to-date: /home/plague/ros2_ws/install/turtlesim/include/turtlesim/turtlesim/srv/detail/teleport_relative__rosidl_typesupport_fastrtps_c.h
[0.927s] -- Up-to-date: /home/plague/ros2_ws/install/turtlesim/include/turtlesim/turtlesim/srv/detail/spawn__rosidl_typesupport_fastrtps_c.h
[0.927s] -- Up-to-date: /home/plague/ros2_ws/install/turtlesim/include/turtlesim/turtlesim/srv/detail/teleport_absolute__rosidl_typesupport_fastrtps_c.h
[0.927s] -- Up-to-date: /home/plague/ros2_ws/install/turtlesim/include/turtlesim/turtlesim/srv/detail/kill__rosidl_typesupport_fastrtps_c.h
[0.928s] -- Up-to-date: /home/plague/ros2_ws/install/turtlesim/include/turtlesim/turtlesim/srv/detail/set_pen__rosidl_typesupport_fastrtps_c.h
[0.928s] -- Up-to-date: /home/plague/ros2_ws/install/turtlesim/include/turtlesim/turtlesim/action
[0.928s] -- Up-to-date: /home/plague/ros2_ws/install/turtlesim/include/turtlesim/turtlesim/action/detail
[0.928s] -- Up-to-date: /home/plague/ros2_ws/install/turtlesim/include/turtlesim/turtlesim/action/detail/rotate_absolute__rosidl_typesupport_fastrtps_c.h
[0.928s] -- Up-to-date: /home/plague/ros2_ws/install/turtlesim/include/turtlesim/turtlesim/msg
[0.928s] -- Up-to-date: /home/plague/ros2_ws/install/turtlesim/include/turtlesim/turtlesim/msg/detail
[0.928s] -- Up-to-date: /home/plague/ros2_ws/install/turtlesim/include/turtlesim/turtlesim/msg/detail/color__rosidl_typesupport_fastrtps_c.h
[0.928s] -- Up-to-date: /home/plague/ros2_ws/install/turtlesim/include/turtlesim/turtlesim/msg/detail/pose__rosidl_typesupport_fastrtps_c.h
[0.928s] -- Up-to-date: /home/plague/ros2_ws/install/turtlesim/include/turtlesim/turtlesim/msg/rosidl_typesupport_fastrtps_c__visibility_control.h
[0.928s] -- Up-to-date: /home/plague/ros2_ws/install/turtlesim/lib/libturtlesim__rosidl_typesupport_fastrtps_c.so
[0.928s] -- Up-to-date: /home/plague/ros2_ws/install/turtlesim/include/turtlesim/turtlesim
[0.928s] -- Up-to-date: /home/plague/ros2_ws/install/turtlesim/include/turtlesim/turtlesim/srv
[0.928s] -- Up-to-date: /home/plague/ros2_ws/install/turtlesim/include/turtlesim/turtlesim/srv/detail
[0.928s] -- Up-to-date: /home/plague/ros2_ws/install/turtlesim/include/turtlesim/turtlesim/srv/detail/set_pen__builder.hpp
[0.929s] -- Up-to-date: /home/plague/ros2_ws/install/turtlesim/include/turtlesim/turtlesim/srv/detail/set_pen__struct.hpp
[0.929s] -- Up-to-date: /home/plague/ros2_ws/install/turtlesim/include/turtlesim/turtlesim/srv/detail/kill__builder.hpp
[0.929s] -- Up-to-date: /home/plague/ros2_ws/install/turtlesim/include/turtlesim/turtlesim/srv/detail/spawn__traits.hpp
[0.929s] -- Up-to-date: /home/plague/ros2_ws/install/turtlesim/include/turtlesim/turtlesim/srv/detail/teleport_relative__builder.hpp
[0.929s] -- Up-to-date: /home/plague/ros2_ws/install/turtlesim/include/turtlesim/turtlesim/srv/detail/teleport_relative__struct.hpp
[0.929s] -- Up-to-date: /home/plague/ros2_ws/install/turtlesim/include/turtlesim/turtlesim/srv/detail/teleport_absolute__struct.hpp
[0.929s] -- Up-to-date: /home/plague/ros2_ws/install/turtlesim/include/turtlesim/turtlesim/srv/detail/kill__traits.hpp
[0.929s] -- Up-to-date: /home/plague/ros2_ws/install/turtlesim/include/turtlesim/turtlesim/srv/detail/spawn__builder.hpp
[0.929s] -- Up-to-date: /home/plague/ros2_ws/install/turtlesim/include/turtlesim/turtlesim/srv/detail/teleport_absolute__builder.hpp
[0.929s] -- Up-to-date: /home/plague/ros2_ws/install/turtlesim/include/turtlesim/turtlesim/srv/detail/teleport_absolute__traits.hpp
[0.929s] -- Up-to-date: /home/plague/ros2_ws/install/turtlesim/include/turtlesim/turtlesim/srv/detail/kill__struct.hpp
[0.929s] -- Up-to-date: /home/plague/ros2_ws/install/turtlesim/include/turtlesim/turtlesim/srv/detail/set_pen__traits.hpp
[0.929s] -- Up-to-date: /home/plague/ros2_ws/install/turtlesim/include/turtlesim/turtlesim/srv/detail/spawn__struct.hpp
[0.929s] -- Up-to-date: /home/plague/ros2_ws/install/turtlesim/include/turtlesim/turtlesim/srv/detail/teleport_relative__traits.hpp
[0.929s] -- Up-to-date: /home/plague/ros2_ws/install/turtlesim/include/turtlesim/turtlesim/srv/set_pen.hpp
[0.930s] -- Up-to-date: /home/plague/ros2_ws/install/turtlesim/include/turtlesim/turtlesim/srv/kill.hpp
[0.930s] -- Up-to-date: /home/plague/ros2_ws/install/turtlesim/include/turtlesim/turtlesim/srv/teleport_relative.hpp
[0.930s] -- Up-to-date: /home/plague/ros2_ws/install/turtlesim/include/turtlesim/turtlesim/srv/spawn.hpp
[0.930s] -- Up-to-date: /home/plague/ros2_ws/install/turtlesim/include/turtlesim/turtlesim/srv/teleport_absolute.hpp
[0.930s] -- Up-to-date: /home/plague/ros2_ws/install/turtlesim/include/turtlesim/turtlesim/action
[0.930s] -- Up-to-date: /home/plague/ros2_ws/install/turtlesim/include/turtlesim/turtlesim/action/detail
[0.930s] -- Up-to-date: /home/plague/ros2_ws/install/turtlesim/include/turtlesim/turtlesim/action/detail/rotate_absolute__struct.hpp
[0.930s] -- Up-to-date: /home/plague/ros2_ws/install/turtlesim/include/turtlesim/turtlesim/action/detail/rotate_absolute__builder.hpp
[0.930s] -- Up-to-date: /home/plague/ros2_ws/install/turtlesim/include/turtlesim/turtlesim/action/detail/rotate_absolute__traits.hpp
[0.930s] -- Up-to-date: /home/plague/ros2_ws/install/turtlesim/include/turtlesim/turtlesim/action/rotate_absolute.hpp
[0.930s] -- Up-to-date: /home/plague/ros2_ws/install/turtlesim/include/turtlesim/turtlesim/msg
[0.930s] -- Up-to-date: /home/plague/ros2_ws/install/turtlesim/include/turtlesim/turtlesim/msg/detail
[0.930s] -- Up-to-date: /home/plague/ros2_ws/install/turtlesim/include/turtlesim/turtlesim/msg/detail/color__traits.hpp
[0.930s] -- Up-to-date: /home/plague/ros2_ws/install/turtlesim/include/turtlesim/turtlesim/msg/detail/pose__builder.hpp
[0.931s] -- Up-to-date: /home/plague/ros2_ws/install/turtlesim/include/turtlesim/turtlesim/msg/detail/color__builder.hpp
[0.931s] -- Up-to-date: /home/plague/ros2_ws/install/turtlesim/include/turtlesim/turtlesim/msg/detail/pose__traits.hpp
[0.931s] -- Up-to-date: /home/plague/ros2_ws/install/turtlesim/include/turtlesim/turtlesim/msg/detail/color__struct.hpp
[0.931s] -- Up-to-date: /home/plague/ros2_ws/install/turtlesim/include/turtlesim/turtlesim/msg/detail/pose__struct.hpp
[0.931s] -- Up-to-date: /home/plague/ros2_ws/install/turtlesim/include/turtlesim/turtlesim/msg/color.hpp
[0.931s] -- Up-to-date: /home/plague/ros2_ws/install/turtlesim/include/turtlesim/turtlesim/msg/pose.hpp
[0.931s] -- Up-to-date: /home/plague/ros2_ws/install/turtlesim/include/turtlesim/turtlesim
[0.931s] -- Up-to-date: /home/plague/ros2_ws/install/turtlesim/include/turtlesim/turtlesim/srv
[0.931s] -- Up-to-date: /home/plague/ros2_ws/install/turtlesim/include/turtlesim/turtlesim/srv/detail
[0.931s] -- Up-to-date: /home/plague/ros2_ws/install/turtlesim/include/turtlesim/turtlesim/srv/detail/spawn__rosidl_typesupport_fastrtps_cpp.hpp
[0.931s] -- Up-to-date: /home/plague/ros2_ws/install/turtlesim/include/turtlesim/turtlesim/srv/detail/dds_fastrtps
[0.931s] -- Up-to-date: /home/plague/ros2_ws/install/turtlesim/include/turtlesim/turtlesim/srv/detail/kill__rosidl_typesupport_fastrtps_cpp.hpp
[0.931s] -- Up-to-date: /home/plague/ros2_ws/install/turtlesim/include/turtlesim/turtlesim/srv/detail/teleport_absolute__rosidl_typesupport_fastrtps_cpp.hpp
[0.931s] -- Up-to-date: /home/plague/ros2_ws/install/turtlesim/include/turtlesim/turtlesim/srv/detail/teleport_relative__rosidl_typesupport_fastrtps_cpp.hpp
[0.931s] -- Up-to-date: /home/plague/ros2_ws/install/turtlesim/include/turtlesim/turtlesim/srv/detail/set_pen__rosidl_typesupport_fastrtps_cpp.hpp
[0.932s] -- Up-to-date: /home/plague/ros2_ws/install/turtlesim/include/turtlesim/turtlesim/action
[0.932s] -- Up-to-date: /home/plague/ros2_ws/install/turtlesim/include/turtlesim/turtlesim/action/detail
[0.932s] -- Up-to-date: /home/plague/ros2_ws/install/turtlesim/include/turtlesim/turtlesim/action/detail/rotate_absolute__rosidl_typesupport_fastrtps_cpp.hpp
[0.932s] -- Up-to-date: /home/plague/ros2_ws/install/turtlesim/include/turtlesim/turtlesim/action/detail/dds_fastrtps
[0.932s] -- Up-to-date: /home/plague/ros2_ws/install/turtlesim/include/turtlesim/turtlesim/msg
[0.932s] -- Up-to-date: /home/plague/ros2_ws/install/turtlesim/include/turtlesim/turtlesim/msg/detail
[0.932s] -- Up-to-date: /home/plague/ros2_ws/install/turtlesim/include/turtlesim/turtlesim/msg/detail/color__rosidl_typesupport_fastrtps_cpp.hpp
[0.932s] -- Up-to-date: /home/plague/ros2_ws/install/turtlesim/include/turtlesim/turtlesim/msg/detail/pose__rosidl_typesupport_fastrtps_cpp.hpp
[0.932s] -- Up-to-date: /home/plague/ros2_ws/install/turtlesim/include/turtlesim/turtlesim/msg/detail/dds_fastrtps
[0.932s] -- Up-to-date: /home/plague/ros2_ws/install/turtlesim/include/turtlesim/turtlesim/msg/rosidl_typesupport_fastrtps_cpp__visibility_control.h
[0.932s] -- Up-to-date: /home/plague/ros2_ws/install/turtlesim/lib/libturtlesim__rosidl_typesupport_fastrtps_cpp.so
[0.932s] -- Up-to-date: /home/plague/ros2_ws/install/turtlesim/include/turtlesim/turtlesim
[0.932s] -- Up-to-date: /home/plague/ros2_ws/install/turtlesim/include/turtlesim/turtlesim/srv
[0.932s] -- Up-to-date: /home/plague/ros2_ws/install/turtlesim/include/turtlesim/turtlesim/srv/detail
[0.932s] -- Installing: /home/plague/ros2_ws/install/turtlesim/include/turtlesim/turtlesim/srv/detail/teleport_absolute__type_support.c
[0.933s] -- Up-to-date: /home/plague/ros2_ws/install/turtlesim/include/turtlesim/turtlesim/srv/detail/teleport_absolute__rosidl_typesupport_introspection_c.h
[0.933s] -- Installing: /home/plague/ros2_ws/install/turtlesim/include/turtlesim/turtlesim/srv/detail/teleport_relative__type_support.c
[0.933s] -- Installing: /home/plague/ros2_ws/install/turtlesim/include/turtlesim/turtlesim/srv/detail/kill__type_support.c
[0.933s] -- Up-to-date: /home/plague/ros2_ws/install/turtlesim/include/turtlesim/turtlesim/srv/detail/teleport_relative__rosidl_typesupport_introspection_c.h
[0.933s] -- Installing: /home/plague/ros2_ws/install/turtlesim/include/turtlesim/turtlesim/srv/detail/spawn__type_support.c
[0.933s] -- Up-to-date: /home/plague/ros2_ws/install/turtlesim/include/turtlesim/turtlesim/srv/detail/spawn__rosidl_typesupport_introspection_c.h
[0.933s] -- Installing: /home/plague/ros2_ws/install/turtlesim/include/turtlesim/turtlesim/srv/detail/set_pen__type_support.c
[0.933s] -- Up-to-date: /home/plague/ros2_ws/install/turtlesim/include/turtlesim/turtlesim/srv/detail/kill__rosidl_typesupport_introspection_c.h
[0.933s] -- Up-to-date: /home/plague/ros2_ws/install/turtlesim/include/turtlesim/turtlesim/srv/detail/set_pen__rosidl_typesupport_introspection_c.h
[0.933s] -- Up-to-date: /home/plague/ros2_ws/install/turtlesim/include/turtlesim/turtlesim/action
[0.933s] -- Up-to-date: /home/plague/ros2_ws/install/turtlesim/include/turtlesim/turtlesim/action/detail
[0.933s] -- Installing: /home/plague/ros2_ws/install/turtlesim/include/turtlesim/turtlesim/action/detail/rotate_absolute__type_support.c
[0.933s] -- Up-to-date: /home/plague/ros2_ws/install/turtlesim/include/turtlesim/turtlesim/action/detail/rotate_absolute__rosidl_typesupport_introspection_c.h
[0.933s] -- Up-to-date: /home/plague/ros2_ws/install/turtlesim/include/turtlesim/turtlesim/msg
[0.934s] -- Up-to-date: /home/plague/ros2_ws/install/turtlesim/include/turtlesim/turtlesim/msg/rosidl_typesupport_introspection_c__visibility_control.h
[0.934s] -- Up-to-date: /home/plague/ros2_ws/install/turtlesim/include/turtlesim/turtlesim/msg/detail
[0.934s] -- Up-to-date: /home/plague/ros2_ws/install/turtlesim/include/turtlesim/turtlesim/msg/detail/pose__rosidl_typesupport_introspection_c.h
[0.934s] -- Installing: /home/plague/ros2_ws/install/turtlesim/include/turtlesim/turtlesim/msg/detail/color__type_support.c
[0.934s] -- Installing: /home/plague/ros2_ws/install/turtlesim/include/turtlesim/turtlesim/msg/detail/pose__type_support.c
[0.934s] -- Up-to-date: /home/plague/ros2_ws/install/turtlesim/include/turtlesim/turtlesim/msg/detail/color__rosidl_typesupport_introspection_c.h
[0.934s] -- Up-to-date: /home/plague/ros2_ws/install/turtlesim/lib/libturtlesim__rosidl_typesupport_introspection_c.so
[0.934s] -- Up-to-date: /home/plague/ros2_ws/install/turtlesim/lib/libturtlesim__rosidl_typesupport_c.so
[0.934s] -- Up-to-date: /home/plague/ros2_ws/install/turtlesim/include/turtlesim/turtlesim
[0.934s] -- Up-to-date: /home/plague/ros2_ws/install/turtlesim/include/turtlesim/turtlesim/srv
[0.934s] -- Up-to-date: /home/plague/ros2_ws/install/turtlesim/include/turtlesim/turtlesim/srv/detail
[0.934s] -- Up-to-date: /home/plague/ros2_ws/install/turtlesim/include/turtlesim/turtlesim/srv/detail/spawn__rosidl_typesupport_introspection_cpp.hpp
[0.934s] -- Up-to-date: /home/plague/ros2_ws/install/turtlesim/include/turtlesim/turtlesim/srv/detail/set_pen__type_support.cpp
[0.934s] -- Up-to-date: /home/plague/ros2_ws/install/turtlesim/include/turtlesim/turtlesim/srv/detail/teleport_absolute__rosidl_typesupport_introspection_cpp.hpp
[0.935s] -- Up-to-date: /home/plague/ros2_ws/install/turtlesim/include/turtlesim/turtlesim/srv/detail/kill__rosidl_typesupport_introspection_cpp.hpp
[0.935s] -- Up-to-date: /home/plague/ros2_ws/install/turtlesim/include/turtlesim/turtlesim/srv/detail/set_pen__rosidl_typesupport_introspection_cpp.hpp
[0.935s] -- Up-to-date: /home/plague/ros2_ws/install/turtlesim/include/turtlesim/turtlesim/srv/detail/kill__type_support.cpp
[0.935s] -- Up-to-date: /home/plague/ros2_ws/install/turtlesim/include/turtlesim/turtlesim/srv/detail/teleport_absolute__type_support.cpp
[0.935s] -- Up-to-date: /home/plague/ros2_ws/install/turtlesim/include/turtlesim/turtlesim/srv/detail/teleport_relative__type_support.cpp
[0.935s] -- Up-to-date: /home/plague/ros2_ws/install/turtlesim/include/turtlesim/turtlesim/srv/detail/teleport_relative__rosidl_typesupport_introspection_cpp.hpp
[0.935s] -- Up-to-date: /home/plague/ros2_ws/install/turtlesim/include/turtlesim/turtlesim/srv/detail/spawn__type_support.cpp
[0.935s] -- Up-to-date: /home/plague/ros2_ws/install/turtlesim/include/turtlesim/turtlesim/action
[0.935s] -- Up-to-date: /home/plague/ros2_ws/install/turtlesim/include/turtlesim/turtlesim/action/detail
[0.935s] -- Up-to-date: /home/plague/ros2_ws/install/turtlesim/include/turtlesim/turtlesim/action/detail/rotate_absolute__rosidl_typesupport_introspection_cpp.hpp
[0.935s] -- Up-to-date: /home/plague/ros2_ws/install/turtlesim/include/turtlesim/turtlesim/action/detail/rotate_absolute__type_support.cpp
[0.935s] -- Up-to-date: /home/plague/ros2_ws/install/turtlesim/include/turtlesim/turtlesim/msg
[0.935s] -- Up-to-date: /home/plague/ros2_ws/install/turtlesim/include/turtlesim/turtlesim/msg/detail
[0.935s] -- Up-to-date: /home/plague/ros2_ws/install/turtlesim/include/turtlesim/turtlesim/msg/detail/color__type_support.cpp
[0.935s] -- Up-to-date: /home/plague/ros2_ws/install/turtlesim/include/turtlesim/turtlesim/msg/detail/color__rosidl_typesupport_introspection_cpp.hpp
[0.935s] -- Up-to-date: /home/plague/ros2_ws/install/turtlesim/include/turtlesim/turtlesim/msg/detail/pose__rosidl_typesupport_introspection_cpp.hpp
[0.936s] -- Up-to-date: /home/plague/ros2_ws/install/turtlesim/include/turtlesim/turtlesim/msg/detail/pose__type_support.cpp
[0.936s] -- Up-to-date: /home/plague/ros2_ws/install/turtlesim/lib/libturtlesim__rosidl_typesupport_introspection_cpp.so
[0.936s] -- Up-to-date: /home/plague/ros2_ws/install/turtlesim/lib/libturtlesim__rosidl_typesupport_cpp.so
[0.936s] -- Up-to-date: /home/plague/ros2_ws/install/turtlesim/share/turtlesim/environment/pythonpath.sh
[0.936s] -- Up-to-date: /home/plague/ros2_ws/install/turtlesim/share/turtlesim/environment/pythonpath.dsv
[0.936s] -- Up-to-date: /home/plague/ros2_ws/install/turtlesim/lib/python3.10/site-packages/turtlesim-1.6.1-py3.10.egg-info
[0.936s] -- Installing: /home/plague/ros2_ws/install/turtlesim/lib/python3.10/site-packages/turtlesim-1.6.1-py3.10.egg-info/dependency_links.txt
[0.936s] -- Installing: /home/plague/ros2_ws/install/turtlesim/lib/python3.10/site-packages/turtlesim-1.6.1-py3.10.egg-info/top_level.txt
[0.936s] -- Installing: /home/plague/ros2_ws/install/turtlesim/lib/python3.10/site-packages/turtlesim-1.6.1-py3.10.egg-info/PKG-INFO
[0.936s] -- Installing: /home/plague/ros2_ws/install/turtlesim/lib/python3.10/site-packages/turtlesim-1.6.1-py3.10.egg-info/SOURCES.txt
[0.936s] -- Up-to-date: /home/plague/ros2_ws/install/turtlesim/lib/python3.10/site-packages/turtlesim
[0.936s] -- Up-to-date: /home/plague/ros2_ws/install/turtlesim/lib/python3.10/site-packages/turtlesim/turtlesim_s__rosidl_typesupport_introspection_c.cpython-310-x86_64-linux-gnu.so
[0.936s] -- Up-to-date: /home/plague/ros2_ws/install/turtlesim/lib/python3.10/site-packages/turtlesim/__init__.py
[0.936s] -- Up-to-date: /home/plague/ros2_ws/install/turtlesim/lib/python3.10/site-packages/turtlesim/turtlesim_s__rosidl_typesupport_fastrtps_c.cpython-310-x86_64-linux-gnu.so
[0.937s] -- Up-to-date: /home/plague/ros2_ws/install/turtlesim/lib/python3.10/site-packages/turtlesim/_turtlesim_s.ep.rosidl_typesupport_fastrtps_c.c
[0.937s] -- Up-to-date: /home/plague/ros2_ws/install/turtlesim/lib/python3.10/site-packages/turtlesim/_turtlesim_s.ep.rosidl_typesupport_c.c
[0.937s] -- Up-to-date: /home/plague/ros2_ws/install/turtlesim/lib/python3.10/site-packages/turtlesim/libturtlesim__rosidl_generator_py.so
[0.937s] -- Up-to-date: /home/plague/ros2_ws/install/turtlesim/lib/python3.10/site-packages/turtlesim/turtlesim_s__rosidl_typesupport_c.cpython-310-x86_64-linux-gnu.so
[0.937s] -- Up-to-date: /home/plague/ros2_ws/install/turtlesim/lib/python3.10/site-packages/turtlesim/srv
[0.937s] -- Up-to-date: /home/plague/ros2_ws/install/turtlesim/lib/python3.10/site-packages/turtlesim/srv/__init__.py
[0.937s] -- Up-to-date: /home/plague/ros2_ws/install/turtlesim/lib/python3.10/site-packages/turtlesim/srv/_set_pen.py
[0.937s] -- Up-to-date: /home/plague/ros2_ws/install/turtlesim/lib/python3.10/site-packages/turtlesim/srv/_teleport_relative.py
[0.937s] -- Up-to-date: /home/plague/ros2_ws/install/turtlesim/lib/python3.10/site-packages/turtlesim/srv/_spawn.py
[0.937s] -- Up-to-date: /home/plague/ros2_ws/install/turtlesim/lib/python3.10/site-packages/turtlesim/srv/_teleport_absolute_s.c
[0.937s] -- Up-to-date: /home/plague/ros2_ws/install/turtlesim/lib/python3.10/site-packages/turtlesim/srv/_set_pen_s.c
[0.937s] -- Up-to-date: /home/plague/ros2_ws/install/turtlesim/lib/python3.10/site-packages/turtlesim/srv/_spawn_s.c
[0.937s] -- Up-to-date: /home/plague/ros2_ws/install/turtlesim/lib/python3.10/site-packages/turtlesim/srv/_kill_s.c
[0.937s] -- Up-to-date: /home/plague/ros2_ws/install/turtlesim/lib/python3.10/site-packages/turtlesim/srv/_teleport_absolute.py
[0.937s] -- Up-to-date: /home/plague/ros2_ws/install/turtlesim/lib/python3.10/site-packages/turtlesim/srv/_kill.py
[0.938s] -- Up-to-date: /home/plague/ros2_ws/install/turtlesim/lib/python3.10/site-packages/turtlesim/srv/_teleport_relative_s.c
[0.938s] -- Up-to-date: /home/plague/ros2_ws/install/turtlesim/lib/python3.10/site-packages/turtlesim/_turtlesim_s.ep.rosidl_typesupport_introspection_c.c
[0.938s] -- Up-to-date: /home/plague/ros2_ws/install/turtlesim/lib/python3.10/site-packages/turtlesim/action
[0.938s] -- Up-to-date: /home/plague/ros2_ws/install/turtlesim/lib/python3.10/site-packages/turtlesim/action/__init__.py
[0.938s] -- Up-to-date: /home/plague/ros2_ws/install/turtlesim/lib/python3.10/site-packages/turtlesim/action/_rotate_absolute.py
[0.938s] -- Up-to-date: /home/plague/ros2_ws/install/turtlesim/lib/python3.10/site-packages/turtlesim/action/_rotate_absolute_s.c
[0.938s] -- Up-to-date: /home/plague/ros2_ws/install/turtlesim/lib/python3.10/site-packages/turtlesim/msg
[0.938s] -- Up-to-date: /home/plague/ros2_ws/install/turtlesim/lib/python3.10/site-packages/turtlesim/msg/__init__.py
[0.938s] -- Up-to-date: /home/plague/ros2_ws/install/turtlesim/lib/python3.10/site-packages/turtlesim/msg/_color.py
[0.938s] -- Up-to-date: /home/plague/ros2_ws/install/turtlesim/lib/python3.10/site-packages/turtlesim/msg/_pose_s.c
[0.938s] -- Up-to-date: /home/plague/ros2_ws/install/turtlesim/lib/python3.10/site-packages/turtlesim/msg/_pose.py
[0.938s] -- Up-to-date: /home/plague/ros2_ws/install/turtlesim/lib/python3.10/site-packages/turtlesim/msg/_color_s.c
[0.965s] Listing '/home/plague/ros2_ws/install/turtlesim/lib/python3.10/site-packages/turtlesim'...
[0.965s] Listing '/home/plague/ros2_ws/install/turtlesim/lib/python3.10/site-packages/turtlesim/action'...
[0.965s] Listing '/home/plague/ros2_ws/install/turtlesim/lib/python3.10/site-packages/turtlesim/msg'...
[0.965s] Listing '/home/plague/ros2_ws/install/turtlesim/lib/python3.10/site-packages/turtlesim/srv'...
[0.969s] -- Up-to-date: /home/plague/ros2_ws/install/turtlesim/lib/python3.10/site-packages/turtlesim/turtlesim_s__rosidl_typesupport_fastrtps_c.cpython-310-x86_64-linux-gnu.so
[0.970s] -- Up-to-date: /home/plague/ros2_ws/install/turtlesim/lib/python3.10/site-packages/turtlesim/turtlesim_s__rosidl_typesupport_introspection_c.cpython-310-x86_64-linux-gnu.so
[0.970s] -- Up-to-date: /home/plague/ros2_ws/install/turtlesim/lib/python3.10/site-packages/turtlesim/turtlesim_s__rosidl_typesupport_c.cpython-310-x86_64-linux-gnu.so
[0.970s] -- Up-to-date: /home/plague/ros2_ws/install/turtlesim/lib/libturtlesim__rosidl_generator_py.so
[0.970s] -- Up-to-date: /home/plague/ros2_ws/install/turtlesim/share/turtlesim/action/RotateAbsolute.idl
[0.970s] -- Up-to-date: /home/plague/ros2_ws/install/turtlesim/share/turtlesim/msg/Color.idl
[0.970s] -- Up-to-date: /home/plague/ros2_ws/install/turtlesim/share/turtlesim/msg/Pose.idl
[0.970s] -- Up-to-date: /home/plague/ros2_ws/install/turtlesim/share/turtlesim/srv/Kill.idl
[0.970s] -- Up-to-date: /home/plague/ros2_ws/install/turtlesim/share/turtlesim/srv/SetPen.idl
[0.970s] -- Up-to-date: /home/plague/ros2_ws/install/turtlesim/share/turtlesim/srv/Spawn.idl
[0.970s] -- Up-to-date: /home/plague/ros2_ws/install/turtlesim/share/turtlesim/srv/TeleportAbsolute.idl
[0.970s] -- Up-to-date: /home/plague/ros2_ws/install/turtlesim/share/turtlesim/srv/TeleportRelative.idl
[0.970s] -- Up-to-date: /home/plague/ros2_ws/install/turtlesim/share/turtlesim/action/RotateAbsolute.action
[0.970s] -- Up-to-date: /home/plague/ros2_ws/install/turtlesim/share/turtlesim/msg/Color.msg
[0.970s] -- Up-to-date: /home/plague/ros2_ws/install/turtlesim/share/turtlesim/msg/Pose.msg
[0.970s] -- Up-to-date: /home/plague/ros2_ws/install/turtlesim/share/turtlesim/srv/Kill.srv
[0.970s] -- Up-to-date: /home/plague/ros2_ws/install/turtlesim/share/turtlesim/srv/Kill_Request.msg
[0.970s] -- Up-to-date: /home/plague/ros2_ws/install/turtlesim/share/turtlesim/srv/Kill_Response.msg
[0.970s] -- Up-to-date: /home/plague/ros2_ws/install/turtlesim/share/turtlesim/srv/SetPen.srv
[0.971s] -- Up-to-date: /home/plague/ros2_ws/install/turtlesim/share/turtlesim/srv/SetPen_Request.msg
[0.971s] -- Up-to-date: /home/plague/ros2_ws/install/turtlesim/share/turtlesim/srv/SetPen_Response.msg
[0.971s] -- Up-to-date: /home/plague/ros2_ws/install/turtlesim/share/turtlesim/srv/Spawn.srv
[0.971s] -- Up-to-date: /home/plague/ros2_ws/install/turtlesim/share/turtlesim/srv/Spawn_Request.msg
[0.971s] -- Up-to-date: /home/plague/ros2_ws/install/turtlesim/share/turtlesim/srv/Spawn_Response.msg
[0.971s] -- Up-to-date: /home/plague/ros2_ws/install/turtlesim/share/turtlesim/srv/TeleportAbsolute.srv
[0.971s] -- Up-to-date: /home/plague/ros2_ws/install/turtlesim/share/turtlesim/srv/TeleportAbsolute_Request.msg
[0.971s] -- Up-to-date: /home/plague/ros2_ws/install/turtlesim/share/turtlesim/srv/TeleportAbsolute_Response.msg
[0.971s] -- Up-to-date: /home/plague/ros2_ws/install/turtlesim/share/turtlesim/srv/TeleportRelative.srv
[0.971s] -- Up-to-date: /home/plague/ros2_ws/install/turtlesim/share/turtlesim/srv/TeleportRelative_Request.msg
[0.971s] -- Up-to-date: /home/plague/ros2_ws/install/turtlesim/share/turtlesim/srv/TeleportRelative_Response.msg
[0.971s] -- Up-to-date: /home/plague/ros2_ws/install/turtlesim/lib/turtlesim/turtlesim_node
[0.971s] -- Up-to-date: /home/plague/ros2_ws/install/turtlesim/lib/turtlesim/turtle_teleop_key
[0.971s] -- Up-to-date: /home/plague/ros2_ws/install/turtlesim/lib/turtlesim/draw_square
[0.971s] -- Up-to-date: /home/plague/ros2_ws/install/turtlesim/lib/turtlesim/mimic
[0.971s] -- Up-to-date: /home/plague/ros2_ws/install/turtlesim/share/turtlesim/images
[0.971s] -- Up-to-date: /home/plague/ros2_ws/install/turtlesim/share/turtlesim/images/foxy.png
[0.971s] -- Up-to-date: /home/plague/ros2_ws/install/turtlesim/share/turtlesim/images/iron.png
[0.971s] -- Up-to-date: /home/plague/ros2_ws/install/turtlesim/share/turtlesim/images/rolling.png
[0.971s] -- Up-to-date: /home/plague/ros2_ws/install/turtlesim/share/turtlesim/images/dashing.png
[0.971s] -- Up-to-date: /home/plague/ros2_ws/install/turtlesim/share/turtlesim/images/galactic.png
[0.971s] -- Up-to-date: /home/plague/ros2_ws/install/turtlesim/share/turtlesim/images/eloquent.png
[0.971s] -- Up-to-date: /home/plague/ros2_ws/install/turtlesim/share/turtlesim/images/ardent.png
[0.971s] -- Up-to-date: /home/plague/ros2_ws/install/turtlesim/share/turtlesim/images/humble.png
[0.972s] -- Up-to-date: /home/plague/ros2_ws/install/turtlesim/share/turtlesim/images/crystal.png
[0.972s] -- Up-to-date: /home/plague/ros2_ws/install/turtlesim/share/turtlesim/images/bouncy.png
[0.972s] -- Up-to-date: /home/plague/ros2_ws/install/turtlesim/share/turtlesim/launch
[0.972s] -- Up-to-date: /home/plague/ros2_ws/install/turtlesim/share/turtlesim/launch/multisim.launch.py
[0.972s] -- Up-to-date: /home/plague/ros2_ws/install/turtlesim/share/ament_index/resource_index/package_run_dependencies/turtlesim
[0.972s] -- Up-to-date: /home/plague/ros2_ws/install/turtlesim/share/ament_index/resource_index/parent_prefix_path/turtlesim
[0.972s] -- Up-to-date: /home/plague/ros2_ws/install/turtlesim/share/turtlesim/environment/ament_prefix_path.sh
[0.972s] -- Up-to-date: /home/plague/ros2_ws/install/turtlesim/share/turtlesim/environment/ament_prefix_path.dsv
[0.972s] -- Up-to-date: /home/plague/ros2_ws/install/turtlesim/share/turtlesim/environment/path.sh
[0.972s] -- Up-to-date: /home/plague/ros2_ws/install/turtlesim/share/turtlesim/environment/path.dsv
[0.972s] -- Up-to-date: /home/plague/ros2_ws/install/turtlesim/share/turtlesim/local_setup.bash
[0.972s] -- Up-to-date: /home/plague/ros2_ws/install/turtlesim/share/turtlesim/local_setup.sh
[0.972s] -- Up-to-date: /home/plague/ros2_ws/install/turtlesim/share/turtlesim/local_setup.zsh
[0.972s] -- Up-to-date: /home/plague/ros2_ws/install/turtlesim/share/turtlesim/local_setup.dsv
[0.972s] -- Installing: /home/plague/ros2_ws/install/turtlesim/share/turtlesim/package.dsv
[0.972s] -- Up-to-date: /home/plague/ros2_ws/install/turtlesim/share/ament_index/resource_index/packages/turtlesim
[0.972s] -- Up-to-date: /home/plague/ros2_ws/install/turtlesim/share/turtlesim/cmake/export_turtlesim__rosidl_generator_cExport.cmake
[0.972s] -- Up-to-date: /home/plague/ros2_ws/install/turtlesim/share/turtlesim/cmake/export_turtlesim__rosidl_generator_cExport-noconfig.cmake
[0.972s] -- Up-to-date: /home/plague/ros2_ws/install/turtlesim/share/turtlesim/cmake/export_turtlesim__rosidl_typesupport_fastrtps_cExport.cmake
[0.972s] -- Up-to-date: /home/plague/ros2_ws/install/turtlesim/share/turtlesim/cmake/export_turtlesim__rosidl_typesupport_fastrtps_cExport-noconfig.cmake
[0.972s] -- Up-to-date: /home/plague/ros2_ws/install/turtlesim/share/turtlesim/cmake/export_turtlesim__rosidl_generator_cppExport.cmake
[0.972s] -- Up-to-date: /home/plague/ros2_ws/install/turtlesim/share/turtlesim/cmake/export_turtlesim__rosidl_typesupport_fastrtps_cppExport.cmake
[0.972s] -- Up-to-date: /home/plague/ros2_ws/install/turtlesim/share/turtlesim/cmake/export_turtlesim__rosidl_typesupport_fastrtps_cppExport-noconfig.cmake
[0.972s] -- Up-to-date: /home/plague/ros2_ws/install/turtlesim/share/turtlesim/cmake/turtlesim__rosidl_typesupport_introspection_cExport.cmake
[0.973s] -- Up-to-date: /home/plague/ros2_ws/install/turtlesim/share/turtlesim/cmake/turtlesim__rosidl_typesupport_introspection_cExport-noconfig.cmake
[0.973s] -- Up-to-date: /home/plague/ros2_ws/install/turtlesim/share/turtlesim/cmake/turtlesim__rosidl_typesupport_cExport.cmake
[0.973s] -- Up-to-date: /home/plague/ros2_ws/install/turtlesim/share/turtlesim/cmake/turtlesim__rosidl_typesupport_cExport-noconfig.cmake
[0.973s] -- Up-to-date: /home/plague/ros2_ws/install/turtlesim/share/turtlesim/cmake/turtlesim__rosidl_typesupport_introspection_cppExport.cmake
[0.973s] -- Up-to-date: /home/plague/ros2_ws/install/turtlesim/share/turtlesim/cmake/turtlesim__rosidl_typesupport_introspection_cppExport-noconfig.cmake
[0.973s] -- Up-to-date: /home/plague/ros2_ws/install/turtlesim/share/turtlesim/cmake/turtlesim__rosidl_typesupport_cppExport.cmake
[0.973s] -- Up-to-date: /home/plague/ros2_ws/install/turtlesim/share/turtlesim/cmake/turtlesim__rosidl_typesupport_cppExport-noconfig.cmake
[0.973s] -- Up-to-date: /home/plague/ros2_ws/install/turtlesim/share/turtlesim/cmake/export_turtlesim__rosidl_generator_pyExport.cmake
[0.973s] -- Up-to-date: /home/plague/ros2_ws/install/turtlesim/share/turtlesim/cmake/export_turtlesim__rosidl_generator_pyExport-noconfig.cmake
[0.973s] -- Up-to-date: /home/plague/ros2_ws/install/turtlesim/share/turtlesim/cmake/rosidl_cmake-extras.cmake
[0.973s] -- Up-to-date: /home/plague/ros2_ws/install/turtlesim/share/turtlesim/cmake/ament_cmake_export_dependencies-extras.cmake
[0.973s] -- Up-to-date: /home/plague/ros2_ws/install/turtlesim/share/turtlesim/cmake/ament_cmake_export_include_directories-extras.cmake
[0.973s] -- Up-to-date: /home/plague/ros2_ws/install/turtlesim/share/turtlesim/cmake/ament_cmake_export_libraries-extras.cmake
[0.973s] -- Up-to-date: /home/plague/ros2_ws/install/turtlesim/share/turtlesim/cmake/ament_cmake_export_targets-extras.cmake
[0.973s] -- Up-to-date: /home/plague/ros2_ws/install/turtlesim/share/turtlesim/cmake/rosidl_cmake_export_typesupport_targets-extras.cmake
[0.973s] -- Up-to-date: /home/plague/ros2_ws/install/turtlesim/share/turtlesim/cmake/rosidl_cmake_export_typesupport_libraries-extras.cmake
[0.973s] -- Up-to-date: /home/plague/ros2_ws/install/turtlesim/share/turtlesim/cmake/turtlesimConfig.cmake
[0.973s] -- Up-to-date: /home/plague/ros2_ws/install/turtlesim/share/turtlesim/cmake/turtlesimConfig-version.cmake
[0.973s] -- Up-to-date: /home/plague/ros2_ws/install/turtlesim/share/turtlesim/package.xml
[0.974s] Invoked command in '/home/plague/ros2_ws/build/turtlesim' returned '0': CMAKE_PREFIX_PATH=${CMAKE_PREFIX_PATH}:/home/plague/ros2_ws/install/launch_testing_examples:/home/plague/ros2_ws/install/examples_rclpy_pointcloud_publisher:/home/plague/ros2_ws/install/examples_rclpy_minimal_subscriber:/home/plague/ros2_ws/install/examples_rclpy_minimal_service:/home/plague/ros2_ws/install/examples_rclpy_minimal_publisher:/home/plague/ros2_ws/install/examples_rclpy_minimal_client:/home/plague/ros2_ws/install/examples_rclpy_minimal_action_server:/home/plague/ros2_ws/install/examples_rclpy_minimal_action_client:/home/plague/ros2_ws/install/examples_rclpy_guard_conditions:/home/plague/ros2_ws/install/examples_rclpy_executors:/opt/ros/iron /usr/bin/cmake --install /home/plague/ros2_ws/build/turtlesim
