[1.335s] Invoking command in '/home/plague/ros2_ws/build/examples_rclpy_guard_conditions': PYTHONPATH=/home/plague/ros2_ws/build/examples_rclpy_guard_conditions/prefix_override:/home/plague/ros2_ws/install/examples_rclpy_guard_conditions/lib/python3.10/site-packages:${PYTHONPATH} /usr/bin/python3 -W ignore:setup.py install is deprecated setup.py develop --editable --build-directory /home/plague/ros2_ws/build/examples_rclpy_guard_conditions/build --no-deps symlink_data
[3.395s] /usr/lib/python3/dist-packages/setuptools/command/easy_install.py:158: EasyInstallDeprecationWarning: easy_install command is deprecated. Use build and pip and other standards-based tools.
[3.395s]   warnings.warn(
[3.395s] running develop
[3.395s] running egg_info
[3.395s] creating examples_rclpy_guard_conditions.egg-info
[3.395s] writing examples_rclpy_guard_conditions.egg-info/PKG-INFO
[3.395s] writing dependency_links to examples_rclpy_guard_conditions.egg-info/dependency_links.txt
[3.396s] writing entry points to examples_rclpy_guard_conditions.egg-info/entry_points.txt
[3.396s] writing requirements to examples_rclpy_guard_conditions.egg-info/requires.txt
[3.396s] writing top-level names to examples_rclpy_guard_conditions.egg-info/top_level.txt
[3.396s] writing manifest file 'examples_rclpy_guard_conditions.egg-info/SOURCES.txt'
[3.396s] reading manifest file 'examples_rclpy_guard_conditions.egg-info/SOURCES.txt'
[3.396s] writing manifest file 'examples_rclpy_guard_conditions.egg-info/SOURCES.txt'
[3.396s] running build_ext
[3.396s] Creating /home/plague/ros2_ws/install/examples_rclpy_guard_conditions/lib/python3.10/site-packages/examples-rclpy-guard-conditions.egg-link (link to .)
[3.396s] Installing trigger_guard_condition script to /home/plague/ros2_ws/install/examples_rclpy_guard_conditions/lib/examples_rclpy_guard_conditions
[3.396s] 
[3.397s] Installed /home/plague/ros2_ws/build/examples_rclpy_guard_conditions
[3.397s] running symlink_data
[3.397s] creating /home/plague/ros2_ws/install/examples_rclpy_guard_conditions/share/ament_index
[3.397s] creating /home/plague/ros2_ws/install/examples_rclpy_guard_conditions/share/ament_index/resource_index
[3.398s] creating /home/plague/ros2_ws/install/examples_rclpy_guard_conditions/share/ament_index/resource_index/packages
[3.398s] symbolically linking /home/plague/ros2_ws/build/examples_rclpy_guard_conditions/resource/examples_rclpy_guard_conditions -> /home/plague/ros2_ws/install/examples_rclpy_guard_conditions/share/ament_index/resource_index/packages
[3.398s] symbolically linking /home/plague/ros2_ws/build/examples_rclpy_guard_conditions/package.xml -> /home/plague/ros2_ws/install/examples_rclpy_guard_conditions/share/examples_rclpy_guard_conditions
[3.405s] Invoked command in '/home/plague/ros2_ws/build/examples_rclpy_guard_conditions' returned '0': PYTHONPATH=/home/plague/ros2_ws/build/examples_rclpy_guard_conditions/prefix_override:/home/plague/ros2_ws/install/examples_rclpy_guard_conditions/lib/python3.10/site-packages:${PYTHONPATH} /usr/bin/python3 -W ignore:setup.py install is deprecated setup.py develop --editable --build-directory /home/plague/ros2_ws/build/examples_rclpy_guard_conditions/build --no-deps symlink_data
