[0.819s] Invoking command in '/home/plague/ros2_ws/build/examples_rclpy_minimal_action_server': PYTHONPATH=/home/plague/ros2_ws/build/examples_rclpy_minimal_action_server/prefix_override:/home/plague/ros2_ws/install/examples_rclpy_minimal_action_server/lib/python3.10/site-packages:${PYTHONPATH} /usr/bin/python3 -W ignore:setup.py install is deprecated setup.py develop --uninstall --editable --build-directory /home/plague/ros2_ws/build/examples_rclpy_minimal_action_server/build
[1.044s] running develop
[1.044s] /usr/lib/python3/dist-packages/setuptools/command/easy_install.py:158: EasyInstallDeprecationWarning: easy_install command is deprecated. Use build and pip and other standards-based tools.
[1.044s]   warnings.warn(
[1.255s] Removing /home/plague/ros2_ws/install/examples_rclpy_minimal_action_server/lib/python3.10/site-packages/examples-rclpy-minimal-action-server.egg-link (link to .)
[1.635s] Invoked command in '/home/plague/ros2_ws/build/examples_rclpy_minimal_action_server' returned '0': PYTHONPATH=/home/plague/ros2_ws/build/examples_rclpy_minimal_action_server/prefix_override:/home/plague/ros2_ws/install/examples_rclpy_minimal_action_server/lib/python3.10/site-packages:${PYTHONPATH} /usr/bin/python3 -W ignore:setup.py install is deprecated setup.py develop --uninstall --editable --build-directory /home/plague/ros2_ws/build/examples_rclpy_minimal_action_server/build
[1.636s] Invoking command in '/home/plague/ros2_ws/src/examples/rclpy/actions/minimal_action_server': PYTHONPATH=/home/plague/ros2_ws/build/examples_rclpy_minimal_action_server/prefix_override:/home/plague/ros2_ws/install/examples_rclpy_minimal_action_server/lib/python3.10/site-packages:${PYTHONPATH} /usr/bin/python3 -W ignore:setup.py install is deprecated setup.py egg_info --egg-base ../../../../../build/examples_rclpy_minimal_action_server build --build-base /home/plague/ros2_ws/build/examples_rclpy_minimal_action_server/build install --record /home/plague/ros2_ws/build/examples_rclpy_minimal_action_server/install.log --single-version-externally-managed install_data --force
[1.848s] running egg_info
[1.849s] writing ../../../../../build/examples_rclpy_minimal_action_server/examples_rclpy_minimal_action_server.egg-info/PKG-INFO
[1.849s] writing dependency_links to ../../../../../build/examples_rclpy_minimal_action_server/examples_rclpy_minimal_action_server.egg-info/dependency_links.txt
[1.849s] writing entry points to ../../../../../build/examples_rclpy_minimal_action_server/examples_rclpy_minimal_action_server.egg-info/entry_points.txt
[1.849s] writing requirements to ../../../../../build/examples_rclpy_minimal_action_server/examples_rclpy_minimal_action_server.egg-info/requires.txt
[1.849s] writing top-level names to ../../../../../build/examples_rclpy_minimal_action_server/examples_rclpy_minimal_action_server.egg-info/top_level.txt
[1.849s] reading manifest file '../../../../../build/examples_rclpy_minimal_action_server/examples_rclpy_minimal_action_server.egg-info/SOURCES.txt'
[1.849s] writing manifest file '../../../../../build/examples_rclpy_minimal_action_server/examples_rclpy_minimal_action_server.egg-info/SOURCES.txt'
[1.849s] running build
[1.850s] running build_py
[1.850s] creating /home/plague/ros2_ws/build/examples_rclpy_minimal_action_server/build
[1.850s] creating /home/plague/ros2_ws/build/examples_rclpy_minimal_action_server/build/lib
[1.850s] creating /home/plague/ros2_ws/build/examples_rclpy_minimal_action_server/build/lib/examples_rclpy_minimal_action_server
[1.850s] copying examples_rclpy_minimal_action_server/server.py -> /home/plague/ros2_ws/build/examples_rclpy_minimal_action_server/build/lib/examples_rclpy_minimal_action_server
[1.850s] copying examples_rclpy_minimal_action_server/__init__.py -> /home/plague/ros2_ws/build/examples_rclpy_minimal_action_server/build/lib/examples_rclpy_minimal_action_server
[1.850s] copying examples_rclpy_minimal_action_server/server_single_goal.py -> /home/plague/ros2_ws/build/examples_rclpy_minimal_action_server/build/lib/examples_rclpy_minimal_action_server
[1.850s] copying examples_rclpy_minimal_action_server/server_defer.py -> /home/plague/ros2_ws/build/examples_rclpy_minimal_action_server/build/lib/examples_rclpy_minimal_action_server
[1.850s] copying examples_rclpy_minimal_action_server/server_not_composable.py -> /home/plague/ros2_ws/build/examples_rclpy_minimal_action_server/build/lib/examples_rclpy_minimal_action_server
[1.850s] copying examples_rclpy_minimal_action_server/server_queue_goals.py -> /home/plague/ros2_ws/build/examples_rclpy_minimal_action_server/build/lib/examples_rclpy_minimal_action_server
[1.850s] running install
[1.851s] running install_lib
[1.851s] creating /home/plague/ros2_ws/install/examples_rclpy_minimal_action_server/lib/python3.10/site-packages/examples_rclpy_minimal_action_server
[1.851s] copying /home/plague/ros2_ws/build/examples_rclpy_minimal_action_server/build/lib/examples_rclpy_minimal_action_server/server.py -> /home/plague/ros2_ws/install/examples_rclpy_minimal_action_server/lib/python3.10/site-packages/examples_rclpy_minimal_action_server
[1.851s] copying /home/plague/ros2_ws/build/examples_rclpy_minimal_action_server/build/lib/examples_rclpy_minimal_action_server/__init__.py -> /home/plague/ros2_ws/install/examples_rclpy_minimal_action_server/lib/python3.10/site-packages/examples_rclpy_minimal_action_server
[1.851s] copying /home/plague/ros2_ws/build/examples_rclpy_minimal_action_server/build/lib/examples_rclpy_minimal_action_server/server_single_goal.py -> /home/plague/ros2_ws/install/examples_rclpy_minimal_action_server/lib/python3.10/site-packages/examples_rclpy_minimal_action_server
[1.851s] copying /home/plague/ros2_ws/build/examples_rclpy_minimal_action_server/build/lib/examples_rclpy_minimal_action_server/server_defer.py -> /home/plague/ros2_ws/install/examples_rclpy_minimal_action_server/lib/python3.10/site-packages/examples_rclpy_minimal_action_server
[1.851s] copying /home/plague/ros2_ws/build/examples_rclpy_minimal_action_server/build/lib/examples_rclpy_minimal_action_server/server_not_composable.py -> /home/plague/ros2_ws/install/examples_rclpy_minimal_action_server/lib/python3.10/site-packages/examples_rclpy_minimal_action_server
[1.852s] copying /home/plague/ros2_ws/build/examples_rclpy_minimal_action_server/build/lib/examples_rclpy_minimal_action_server/server_queue_goals.py -> /home/plague/ros2_ws/install/examples_rclpy_minimal_action_server/lib/python3.10/site-packages/examples_rclpy_minimal_action_server
[1.852s] byte-compiling /home/plague/ros2_ws/install/examples_rclpy_minimal_action_server/lib/python3.10/site-packages/examples_rclpy_minimal_action_server/server.py to server.cpython-310.pyc
[1.852s] byte-compiling /home/plague/ros2_ws/install/examples_rclpy_minimal_action_server/lib/python3.10/site-packages/examples_rclpy_minimal_action_server/__init__.py to __init__.cpython-310.pyc
[1.852s] byte-compiling /home/plague/ros2_ws/install/examples_rclpy_minimal_action_server/lib/python3.10/site-packages/examples_rclpy_minimal_action_server/server_single_goal.py to server_single_goal.cpython-310.pyc
[1.852s] byte-compiling /home/plague/ros2_ws/install/examples_rclpy_minimal_action_server/lib/python3.10/site-packages/examples_rclpy_minimal_action_server/server_defer.py to server_defer.cpython-310.pyc
[1.853s] byte-compiling /home/plague/ros2_ws/install/examples_rclpy_minimal_action_server/lib/python3.10/site-packages/examples_rclpy_minimal_action_server/server_not_composable.py to server_not_composable.cpython-310.pyc
[1.853s] byte-compiling /home/plague/ros2_ws/install/examples_rclpy_minimal_action_server/lib/python3.10/site-packages/examples_rclpy_minimal_action_server/server_queue_goals.py to server_queue_goals.cpython-310.pyc
[1.853s] running install_data
[1.853s] copying resource/examples_rclpy_minimal_action_server -> /home/plague/ros2_ws/install/examples_rclpy_minimal_action_server/share/ament_index/resource_index/packages
[1.853s] copying package.xml -> /home/plague/ros2_ws/install/examples_rclpy_minimal_action_server/share/examples_rclpy_minimal_action_server
[1.853s] running install_egg_info
[1.853s] Copying ../../../../../build/examples_rclpy_minimal_action_server/examples_rclpy_minimal_action_server.egg-info to /home/plague/ros2_ws/install/examples_rclpy_minimal_action_server/lib/python3.10/site-packages/examples_rclpy_minimal_action_server-0.18.0-py3.10.egg-info
[1.853s] running install_scripts
[1.854s] Installing server script to /home/plague/ros2_ws/install/examples_rclpy_minimal_action_server/lib/examples_rclpy_minimal_action_server
[1.854s] Installing server_defer script to /home/plague/ros2_ws/install/examples_rclpy_minimal_action_server/lib/examples_rclpy_minimal_action_server
[1.854s] Installing server_not_composable script to /home/plague/ros2_ws/install/examples_rclpy_minimal_action_server/lib/examples_rclpy_minimal_action_server
[1.854s] Installing server_queue_goals script to /home/plague/ros2_ws/install/examples_rclpy_minimal_action_server/lib/examples_rclpy_minimal_action_server
[1.854s] Installing server_single_goal script to /home/plague/ros2_ws/install/examples_rclpy_minimal_action_server/lib/examples_rclpy_minimal_action_server
[1.854s] writing list of installed files to '/home/plague/ros2_ws/build/examples_rclpy_minimal_action_server/install.log'
[1.894s] Invoked command in '/home/plague/ros2_ws/src/examples/rclpy/actions/minimal_action_server' returned '0': PYTHONPATH=/home/plague/ros2_ws/build/examples_rclpy_minimal_action_server/prefix_override:/home/plague/ros2_ws/install/examples_rclpy_minimal_action_server/lib/python3.10/site-packages:${PYTHONPATH} /usr/bin/python3 -W ignore:setup.py install is deprecated setup.py egg_info --egg-base ../../../../../build/examples_rclpy_minimal_action_server build --build-base /home/plague/ros2_ws/build/examples_rclpy_minimal_action_server/build install --record /home/plague/ros2_ws/build/examples_rclpy_minimal_action_server/install.log --single-version-externally-managed install_data --force
