[0.957s] Invoking command in '/home/plague/ros2_ws/src/examples/rclpy/guard_conditions': PYTHONPATH=/home/plague/ros2_ws/build/examples_rclpy_guard_conditions/prefix_override:/home/plague/ros2_ws/install/examples_rclpy_guard_conditions/lib/python3.10/site-packages:${PYTHONPATH} /usr/bin/python3 -W ignore:setup.py install is deprecated setup.py egg_info --egg-base ../../../../build/examples_rclpy_guard_conditions build --build-base /home/plague/ros2_ws/build/examples_rclpy_guard_conditions/build install --record /home/plague/ros2_ws/build/examples_rclpy_guard_conditions/install.log --single-version-externally-managed install_data
[1.173s] running egg_info
[1.173s] writing ../../../../build/examples_rclpy_guard_conditions/examples_rclpy_guard_conditions.egg-info/PKG-INFO
[1.173s] writing dependency_links to ../../../../build/examples_rclpy_guard_conditions/examples_rclpy_guard_conditions.egg-info/dependency_links.txt
[1.173s] writing entry points to ../../../../build/examples_rclpy_guard_conditions/examples_rclpy_guard_conditions.egg-info/entry_points.txt
[1.173s] writing requirements to ../../../../build/examples_rclpy_guard_conditions/examples_rclpy_guard_conditions.egg-info/requires.txt
[1.173s] writing top-level names to ../../../../build/examples_rclpy_guard_conditions/examples_rclpy_guard_conditions.egg-info/top_level.txt
[1.175s] reading manifest file '../../../../build/examples_rclpy_guard_conditions/examples_rclpy_guard_conditions.egg-info/SOURCES.txt'
[1.176s] writing manifest file '../../../../build/examples_rclpy_guard_conditions/examples_rclpy_guard_conditions.egg-info/SOURCES.txt'
[1.176s] running build
[1.176s] running build_py
[1.176s] running install
[1.176s] running install_lib
[1.178s] running install_data
[1.178s] running install_egg_info
[1.179s] removing '/home/plague/ros2_ws/install/examples_rclpy_guard_conditions/lib/python3.10/site-packages/examples_rclpy_guard_conditions-0.18.0-py3.10.egg-info' (and everything under it)
[1.179s] Copying ../../../../build/examples_rclpy_guard_conditions/examples_rclpy_guard_conditions.egg-info to /home/plague/ros2_ws/install/examples_rclpy_guard_conditions/lib/python3.10/site-packages/examples_rclpy_guard_conditions-0.18.0-py3.10.egg-info
[1.180s] running install_scripts
[1.199s] Installing trigger_guard_condition script to /home/plague/ros2_ws/install/examples_rclpy_guard_conditions/lib/examples_rclpy_guard_conditions
[1.199s] writing list of installed files to '/home/plague/ros2_ws/build/examples_rclpy_guard_conditions/install.log'
[1.458s] Invoked command in '/home/plague/ros2_ws/src/examples/rclpy/guard_conditions' returned '0': PYTHONPATH=/home/plague/ros2_ws/build/examples_rclpy_guard_conditions/prefix_override:/home/plague/ros2_ws/install/examples_rclpy_guard_conditions/lib/python3.10/site-packages:${PYTHONPATH} /usr/bin/python3 -W ignore:setup.py install is deprecated setup.py egg_info --egg-base ../../../../build/examples_rclpy_guard_conditions build --build-base /home/plague/ros2_ws/build/examples_rclpy_guard_conditions/build install --record /home/plague/ros2_ws/build/examples_rclpy_guard_conditions/install.log --single-version-externally-managed install_data
