[1.321s] Invoking command in '/home/plague/ros2_ws/src/examples/rclpy/services/minimal_client': PYTHONPATH=/home/plague/ros2_ws/build/examples_rclpy_minimal_client/prefix_override:/home/plague/ros2_ws/install/examples_rclpy_minimal_client/lib/python3.10/site-packages:${PYTHONPATH} /usr/bin/python3 -W ignore:setup.py install is deprecated setup.py egg_info --egg-base ../../../../../build/examples_rclpy_minimal_client build --build-base /home/plague/ros2_ws/build/examples_rclpy_minimal_client/build install --record /home/plague/ros2_ws/build/examples_rclpy_minimal_client/install.log --single-version-externally-managed install_data
[1.656s] running egg_info
[1.657s] writing ../../../../../build/examples_rclpy_minimal_client/examples_rclpy_minimal_client.egg-info/PKG-INFO
[1.657s] writing dependency_links to ../../../../../build/examples_rclpy_minimal_client/examples_rclpy_minimal_client.egg-info/dependency_links.txt
[1.658s] writing entry points to ../../../../../build/examples_rclpy_minimal_client/examples_rclpy_minimal_client.egg-info/entry_points.txt
[1.658s] writing requirements to ../../../../../build/examples_rclpy_minimal_client/examples_rclpy_minimal_client.egg-info/requires.txt
[1.658s] writing top-level names to ../../../../../build/examples_rclpy_minimal_client/examples_rclpy_minimal_client.egg-info/top_level.txt
[1.660s] reading manifest file '../../../../../build/examples_rclpy_minimal_client/examples_rclpy_minimal_client.egg-info/SOURCES.txt'
[1.662s] writing manifest file '../../../../../build/examples_rclpy_minimal_client/examples_rclpy_minimal_client.egg-info/SOURCES.txt'
[1.662s] running build
[1.662s] running build_py
[1.662s] running install
[1.663s] running install_lib
[1.665s] running install_data
[1.665s] running install_egg_info
[1.668s] removing '/home/plague/ros2_ws/install/examples_rclpy_minimal_client/lib/python3.10/site-packages/examples_rclpy_minimal_client-0.18.0-py3.10.egg-info' (and everything under it)
[1.668s] Copying ../../../../../build/examples_rclpy_minimal_client/examples_rclpy_minimal_client.egg-info to /home/plague/ros2_ws/install/examples_rclpy_minimal_client/lib/python3.10/site-packages/examples_rclpy_minimal_client-0.18.0-py3.10.egg-info
[1.669s] running install_scripts
[1.713s] Installing client script to /home/plague/ros2_ws/install/examples_rclpy_minimal_client/lib/examples_rclpy_minimal_client
[1.713s] Installing client_async script to /home/plague/ros2_ws/install/examples_rclpy_minimal_client/lib/examples_rclpy_minimal_client
[1.713s] Installing client_async_callback script to /home/plague/ros2_ws/install/examples_rclpy_minimal_client/lib/examples_rclpy_minimal_client
[1.714s] Installing client_async_member_function script to /home/plague/ros2_ws/install/examples_rclpy_minimal_client/lib/examples_rclpy_minimal_client
[1.714s] writing list of installed files to '/home/plague/ros2_ws/build/examples_rclpy_minimal_client/install.log'
[1.768s] Invoked command in '/home/plague/ros2_ws/src/examples/rclpy/services/minimal_client' returned '0': PYTHONPATH=/home/plague/ros2_ws/build/examples_rclpy_minimal_client/prefix_override:/home/plague/ros2_ws/install/examples_rclpy_minimal_client/lib/python3.10/site-packages:${PYTHONPATH} /usr/bin/python3 -W ignore:setup.py install is deprecated setup.py egg_info --egg-base ../../../../../build/examples_rclpy_minimal_client build --build-base /home/plague/ros2_ws/build/examples_rclpy_minimal_client/build install --record /home/plague/ros2_ws/build/examples_rclpy_minimal_client/install.log --single-version-externally-managed install_data
