running egg_info
creating ../../build/design_challenge/design_challenge.egg-info
writing ../../build/design_challenge/design_challenge.egg-info/PKG-INFO
writing dependency_links to ../../build/design_challenge/design_challenge.egg-info/dependency_links.txt
writing entry points to ../../build/design_challenge/design_challenge.egg-info/entry_points.txt
writing requirements to ../../build/design_challenge/design_challenge.egg-info/requires.txt
writing top-level names to ../../build/design_challenge/design_challenge.egg-info/top_level.txt
writing manifest file '../../build/design_challenge/design_challenge.egg-info/SOURCES.txt'
reading manifest file '../../build/design_challenge/design_challenge.egg-info/SOURCES.txt'
writing manifest file '../../build/design_challenge/design_challenge.egg-info/SOURCES.txt'
running build
running build_py
creating /home/plague/ros2_ws/build/design_challenge/build
creating /home/plague/ros2_ws/build/design_challenge/build/lib
creating /home/plague/ros2_ws/build/design_challenge/build/lib/design_challenge
copying design_challenge/__init__.py -> /home/plague/ros2_ws/build/design_challenge/build/lib/design_challenge
running install
running install_lib
creating /home/plague/ros2_ws/install/design_challenge/lib/python3.10/site-packages/design_challenge
copying /home/plague/ros2_ws/build/design_challenge/build/lib/design_challenge/__init__.py -> /home/plague/ros2_ws/install/design_challenge/lib/python3.10/site-packages/design_challenge
byte-compiling /home/plague/ros2_ws/install/design_challenge/lib/python3.10/site-packages/design_challenge/__init__.py to __init__.cpython-310.pyc
running install_data
creating /home/plague/ros2_ws/install/design_challenge/share/ament_index
creating /home/plague/ros2_ws/install/design_challenge/share/ament_index/resource_index
creating /home/plague/ros2_ws/install/design_challenge/share/ament_index/resource_index/packages
copying resource/design_challenge -> /home/plague/ros2_ws/install/design_challenge/share/ament_index/resource_index/packages
copying package.xml -> /home/plague/ros2_ws/install/design_challenge/share/design_challenge
running install_egg_info
Copying ../../build/design_challenge/design_challenge.egg-info to /home/plague/ros2_ws/install/design_challenge/lib/python3.10/site-packages/design_challenge-0.0.0-py3.10.egg-info
running install_scripts
writing list of installed files to '/home/plague/ros2_ws/build/design_challenge/install.log'
