[1.720s] Invoking command in '/home/plague/ros2_ws/build/examples_rclpy_minimal_service': PYTHONPATH=/home/plague/ros2_ws/build/examples_rclpy_minimal_service/prefix_override:/home/plague/ros2_ws/install/examples_rclpy_minimal_service/lib/python3.10/site-packages:${PYTHONPATH} /usr/bin/python3 -W ignore:setup.py install is deprecated setup.py develop --editable --build-directory /home/plague/ros2_ws/build/examples_rclpy_minimal_service/build --no-deps symlink_data
[2.241s] running develop
[2.241s] /usr/lib/python3/dist-packages/setuptools/command/easy_install.py:158: EasyInstallDeprecationWarning: easy_install command is deprecated. Use build and pip and other standards-based tools.
[2.241s]   warnings.warn(
[2.537s] running egg_info
[2.537s] creating examples_rclpy_minimal_service.egg-info
[2.537s] writing examples_rclpy_minimal_service.egg-info/PKG-INFO
[2.538s] writing dependency_links to examples_rclpy_minimal_service.egg-info/dependency_links.txt
[2.538s] writing entry points to examples_rclpy_minimal_service.egg-info/entry_points.txt
[2.538s] writing requirements to examples_rclpy_minimal_service.egg-info/requires.txt
[2.538s] writing top-level names to examples_rclpy_minimal_service.egg-info/top_level.txt
[2.539s] writing manifest file 'examples_rclpy_minimal_service.egg-info/SOURCES.txt'
[2.559s] reading manifest file 'examples_rclpy_minimal_service.egg-info/SOURCES.txt'
[2.560s] writing manifest file 'examples_rclpy_minimal_service.egg-info/SOURCES.txt'
[2.563s] running build_ext
[2.563s] Creating /home/plague/ros2_ws/install/examples_rclpy_minimal_service/lib/python3.10/site-packages/examples-rclpy-minimal-service.egg-link (link to .)
[2.565s] Installing service script to /home/plague/ros2_ws/install/examples_rclpy_minimal_service/lib/examples_rclpy_minimal_service
[2.565s] Installing service_member_function script to /home/plague/ros2_ws/install/examples_rclpy_minimal_service/lib/examples_rclpy_minimal_service
[2.566s] 
[2.566s] Installed /home/plague/ros2_ws/build/examples_rclpy_minimal_service
[2.566s] running symlink_data
[2.566s] creating /home/plague/ros2_ws/install/examples_rclpy_minimal_service/share/ament_index
[2.567s] creating /home/plague/ros2_ws/install/examples_rclpy_minimal_service/share/ament_index/resource_index
[2.567s] creating /home/plague/ros2_ws/install/examples_rclpy_minimal_service/share/ament_index/resource_index/packages
[2.567s] symbolically linking /home/plague/ros2_ws/build/examples_rclpy_minimal_service/resource/examples_rclpy_minimal_service -> /home/plague/ros2_ws/install/examples_rclpy_minimal_service/share/ament_index/resource_index/packages
[2.567s] symbolically linking /home/plague/ros2_ws/build/examples_rclpy_minimal_service/package.xml -> /home/plague/ros2_ws/install/examples_rclpy_minimal_service/share/examples_rclpy_minimal_service
[2.629s] Invoked command in '/home/plague/ros2_ws/build/examples_rclpy_minimal_service' returned '0': PYTHONPATH=/home/plague/ros2_ws/build/examples_rclpy_minimal_service/prefix_override:/home/plague/ros2_ws/install/examples_rclpy_minimal_service/lib/python3.10/site-packages:${PYTHONPATH} /usr/bin/python3 -W ignore:setup.py install is deprecated setup.py develop --editable --build-directory /home/plague/ros2_ws/build/examples_rclpy_minimal_service/build --no-deps symlink_data
