[0.022s] Invoking command in '/home/plague/ros2_ws/build/examples_rclcpp_async_client': CMAKE_PREFIX_PATH=/opt/ros/iron /usr/bin/cmake /home/plague/ros2_ws/src/examples/rclcpp/services/async_client -DAMENT_CMAKE_SYMLINK_INSTALL=1 -DCMAKE_INSTALL_PREFIX=/home/plague/ros2_ws/install/examples_rclcpp_async_client
[0.185s] -- The C compiler identification is GNU 11.4.0
[0.345s] -- The CXX compiler identification is GNU 11.4.0
[0.352s] -- Detecting C compiler ABI info
[0.451s] -- Detecting C compiler ABI info - done
[0.460s] -- Check for working C compiler: /usr/bin/cc - skipped
[0.460s] -- Detecting C compile features
[0.460s] -- Detecting C compile features - done
[0.464s] -- Detecting CXX compiler ABI info
[0.569s] -- Detecting CXX compiler ABI info - done
[0.580s] -- Check for working CXX compiler: /usr/bin/c++ - skipped
[0.580s] -- Detecting CXX compile features
[0.580s] -- Detecting CXX compile features - done
[0.583s] -- Found ament_cmake: 2.0.4 (/opt/ros/iron/share/ament_cmake/cmake)
[0.822s] -- Found Python3: /usr/bin/python3.10 (found version "3.10.12") found components: Interpreter 
[0.928s] -- Override CMake install command with custom implementation using symlinks instead of copying resources
[0.959s] -- Found example_interfaces: 0.10.2 (/opt/ros/iron/share/example_interfaces/cmake)
[1.006s] -- Found rosidl_generator_c: 4.0.1 (/opt/ros/iron/share/rosidl_generator_c/cmake)
[1.021s] -- Found rosidl_generator_cpp: 4.0.1 (/opt/ros/iron/share/rosidl_generator_cpp/cmake)
[1.044s] -- Using all available rosidl_typesupport_c: rosidl_typesupport_fastrtps_c;rosidl_typesupport_introspection_c
[1.071s] -- Using all available rosidl_typesupport_cpp: rosidl_typesupport_fastrtps_cpp;rosidl_typesupport_introspection_cpp
[1.421s] -- Found rclcpp: 21.0.5 (/opt/ros/iron/share/rclcpp/cmake)
[1.562s] -- Found rmw_implementation_cmake: 7.1.0 (/opt/ros/iron/share/rmw_implementation_cmake/cmake)
[1.564s] -- Found rmw_fastrtps_cpp: 7.1.3 (/opt/ros/iron/share/rmw_fastrtps_cpp/cmake)
[1.684s] -- Found OpenSSL: /usr/lib/x86_64-linux-gnu/libcrypto.so (found version "3.0.2")  
[1.715s] -- Found FastRTPS: /opt/ros/iron/include  
[1.767s] -- Using RMW implementation 'rmw_fastrtps_cpp' as default
[2.000s] -- Found ament_lint_auto: 0.14.3 (/opt/ros/iron/share/ament_lint_auto/cmake)
[2.126s] -- Added test 'copyright' to check source files copyright and LICENSE
[2.137s] -- Added test 'cppcheck' to perform static code analysis on C / C++ code
[2.137s] -- Configured cppcheck include dirs: 
[2.137s] -- Configured cppcheck exclude dirs and/or files: 
[2.138s] -- Added test 'cpplint' to check C / C++ code against the Google style
[2.138s] -- Configured cpplint exclude dirs and/or files: 
[2.139s] -- Added test 'lint_cmake' to check CMake code style
[2.139s] -- Added test 'uncrustify' to check C / C++ code style
[2.139s] -- Configured uncrustify additional arguments: 
[2.140s] -- Added test 'xmllint' to check XML markup files
[2.143s] -- Configuring done
[2.156s] -- Generating done
[2.159s] -- Build files have been written to: /home/plague/ros2_ws/build/examples_rclcpp_async_client
[2.183s] Invoked command in '/home/plague/ros2_ws/build/examples_rclcpp_async_client' returned '0': CMAKE_PREFIX_PATH=/opt/ros/iron /usr/bin/cmake /home/plague/ros2_ws/src/examples/rclcpp/services/async_client -DAMENT_CMAKE_SYMLINK_INSTALL=1 -DCMAKE_INSTALL_PREFIX=/home/plague/ros2_ws/install/examples_rclcpp_async_client
[2.183s] Invoking command in '/home/plague/ros2_ws/build/examples_rclcpp_async_client': CMAKE_PREFIX_PATH=/opt/ros/iron /usr/bin/cmake --build /home/plague/ros2_ws/build/examples_rclcpp_async_client -- -j8 -l8
[2.362s] [ 50%] [32mBuilding CXX object CMakeFiles/client_main.dir/main.cpp.o[0m
[32.082s] [100%] [32m[1mLinking CXX executable client_main[0m
[32.447s] [100%] Built target client_main
[32.514s] Invoked command in '/home/plague/ros2_ws/build/examples_rclcpp_async_client' returned '0': CMAKE_PREFIX_PATH=/opt/ros/iron /usr/bin/cmake --build /home/plague/ros2_ws/build/examples_rclcpp_async_client -- -j8 -l8
[32.694s] Invoking command in '/home/plague/ros2_ws/build/examples_rclcpp_async_client': CMAKE_PREFIX_PATH=/opt/ros/iron /usr/bin/cmake --install /home/plague/ros2_ws/build/examples_rclcpp_async_client
[32.717s] -- Install configuration: ""
[32.718s] -- Execute custom install script
[32.719s] -- Symlinking: /home/plague/ros2_ws/install/examples_rclcpp_async_client/lib/examples_rclcpp_async_client/client_main
[32.756s] -- Symlinking: /home/plague/ros2_ws/install/examples_rclcpp_async_client/share/ament_index/resource_index/package_run_dependencies/examples_rclcpp_async_client
[32.781s] -- Symlinking: /home/plague/ros2_ws/install/examples_rclcpp_async_client/share/ament_index/resource_index/parent_prefix_path/examples_rclcpp_async_client
[32.807s] -- Symlinking: /home/plague/ros2_ws/install/examples_rclcpp_async_client/share/examples_rclcpp_async_client/environment/ament_prefix_path.sh
[32.823s] -- Symlinking: /home/plague/ros2_ws/install/examples_rclcpp_async_client/share/examples_rclcpp_async_client/environment/ament_prefix_path.dsv
[32.837s] -- Symlinking: /home/plague/ros2_ws/install/examples_rclcpp_async_client/share/examples_rclcpp_async_client/environment/path.sh
[32.854s] -- Symlinking: /home/plague/ros2_ws/install/examples_rclcpp_async_client/share/examples_rclcpp_async_client/environment/path.dsv
[32.874s] -- Symlinking: /home/plague/ros2_ws/install/examples_rclcpp_async_client/share/examples_rclcpp_async_client/local_setup.bash
[32.916s] -- Symlinking: /home/plague/ros2_ws/install/examples_rclcpp_async_client/share/examples_rclcpp_async_client/local_setup.sh
[32.958s] -- Symlinking: /home/plague/ros2_ws/install/examples_rclcpp_async_client/share/examples_rclcpp_async_client/local_setup.zsh
[32.995s] -- Symlinking: /home/plague/ros2_ws/install/examples_rclcpp_async_client/share/examples_rclcpp_async_client/local_setup.dsv
[33.023s] -- Symlinking: /home/plague/ros2_ws/install/examples_rclcpp_async_client/share/examples_rclcpp_async_client/package.dsv
[33.050s] -- Symlinking: /home/plague/ros2_ws/install/examples_rclcpp_async_client/share/ament_index/resource_index/packages/examples_rclcpp_async_client
[33.112s] -- Symlinking: /home/plague/ros2_ws/install/examples_rclcpp_async_client/share/examples_rclcpp_async_client/cmake/examples_rclcpp_async_clientConfig.cmake
[33.134s] -- Symlinking: /home/plague/ros2_ws/install/examples_rclcpp_async_client/share/examples_rclcpp_async_client/cmake/examples_rclcpp_async_clientConfig-version.cmake
[33.160s] -- Symlinking: /home/plague/ros2_ws/install/examples_rclcpp_async_client/share/examples_rclcpp_async_client/package.xml
[33.187s] Invoked command in '/home/plague/ros2_ws/build/examples_rclcpp_async_client' returned '0': CMAKE_PREFIX_PATH=/opt/ros/iron /usr/bin/cmake --install /home/plague/ros2_ws/build/examples_rclcpp_async_client
