[0.029s] Invoking command in '/home/plague/ros2_ws/build/examples_rclcpp_async_client': CMAKE_PREFIX_PATH=${CMAKE_PREFIX_PATH}:/home/plague/ros2_ws/install/launch_testing_examples:/home/plague/ros2_ws/install/examples_rclpy_pointcloud_publisher:/home/plague/ros2_ws/install/examples_rclpy_minimal_subscriber:/home/plague/ros2_ws/install/examples_rclpy_minimal_service:/home/plague/ros2_ws/install/examples_rclpy_minimal_publisher:/home/plague/ros2_ws/install/examples_rclpy_minimal_client:/home/plague/ros2_ws/install/examples_rclpy_minimal_action_server:/home/plague/ros2_ws/install/examples_rclpy_minimal_action_client:/home/plague/ros2_ws/install/examples_rclpy_guard_conditions:/home/plague/ros2_ws/install/examples_rclpy_executors:/opt/ros/iron /usr/bin/cmake --build /home/plague/ros2_ws/build/examples_rclcpp_async_client -- -j8 -l8
[0.116s] [100%] Built target client_main
[0.140s] Invoked command in '/home/plague/ros2_ws/build/examples_rclcpp_async_client' returned '0': CMAKE_PREFIX_PATH=${CMAKE_PREFIX_PATH}:/home/plague/ros2_ws/install/launch_testing_examples:/home/plague/ros2_ws/install/examples_rclpy_pointcloud_publisher:/home/plague/ros2_ws/install/examples_rclpy_minimal_subscriber:/home/plague/ros2_ws/install/examples_rclpy_minimal_service:/home/plague/ros2_ws/install/examples_rclpy_minimal_publisher:/home/plague/ros2_ws/install/examples_rclpy_minimal_client:/home/plague/ros2_ws/install/examples_rclpy_minimal_action_server:/home/plague/ros2_ws/install/examples_rclpy_minimal_action_client:/home/plague/ros2_ws/install/examples_rclpy_guard_conditions:/home/plague/ros2_ws/install/examples_rclpy_executors:/opt/ros/iron /usr/bin/cmake --build /home/plague/ros2_ws/build/examples_rclcpp_async_client -- -j8 -l8
[0.194s] Invoking command in '/home/plague/ros2_ws/build/examples_rclcpp_async_client': CMAKE_PREFIX_PATH=${CMAKE_PREFIX_PATH}:/home/plague/ros2_ws/install/launch_testing_examples:/home/plague/ros2_ws/install/examples_rclpy_pointcloud_publisher:/home/plague/ros2_ws/install/examples_rclpy_minimal_subscriber:/home/plague/ros2_ws/install/examples_rclpy_minimal_service:/home/plague/ros2_ws/install/examples_rclpy_minimal_publisher:/home/plague/ros2_ws/install/examples_rclpy_minimal_client:/home/plague/ros2_ws/install/examples_rclpy_minimal_action_server:/home/plague/ros2_ws/install/examples_rclpy_minimal_action_client:/home/plague/ros2_ws/install/examples_rclpy_guard_conditions:/home/plague/ros2_ws/install/examples_rclpy_executors:/opt/ros/iron /usr/bin/cmake --install /home/plague/ros2_ws/build/examples_rclcpp_async_client
[0.201s] -- Install configuration: ""
[0.203s] -- Execute custom install script
[0.203s] -- Up-to-date symlink: /home/plague/ros2_ws/install/examples_rclcpp_async_client/lib/examples_rclcpp_async_client/client_main
[0.203s] -- Up-to-date symlink: /home/plague/ros2_ws/install/examples_rclcpp_async_client/share/ament_index/resource_index/package_run_dependencies/examples_rclcpp_async_client
[0.203s] -- Up-to-date symlink: /home/plague/ros2_ws/install/examples_rclcpp_async_client/share/ament_index/resource_index/parent_prefix_path/examples_rclcpp_async_client
[0.203s] -- Up-to-date symlink: /home/plague/ros2_ws/install/examples_rclcpp_async_client/share/examples_rclcpp_async_client/environment/ament_prefix_path.sh
[0.203s] -- Up-to-date symlink: /home/plague/ros2_ws/install/examples_rclcpp_async_client/share/examples_rclcpp_async_client/environment/ament_prefix_path.dsv
[0.203s] -- Up-to-date symlink: /home/plague/ros2_ws/install/examples_rclcpp_async_client/share/examples_rclcpp_async_client/environment/path.sh
[0.203s] -- Up-to-date symlink: /home/plague/ros2_ws/install/examples_rclcpp_async_client/share/examples_rclcpp_async_client/environment/path.dsv
[0.203s] -- Up-to-date symlink: /home/plague/ros2_ws/install/examples_rclcpp_async_client/share/examples_rclcpp_async_client/local_setup.bash
[0.203s] -- Up-to-date symlink: /home/plague/ros2_ws/install/examples_rclcpp_async_client/share/examples_rclcpp_async_client/local_setup.sh
[0.203s] -- Up-to-date symlink: /home/plague/ros2_ws/install/examples_rclcpp_async_client/share/examples_rclcpp_async_client/local_setup.zsh
[0.204s] -- Up-to-date symlink: /home/plague/ros2_ws/install/examples_rclcpp_async_client/share/examples_rclcpp_async_client/local_setup.dsv
[0.204s] -- Symlinking: /home/plague/ros2_ws/install/examples_rclcpp_async_client/share/examples_rclcpp_async_client/package.dsv
[0.211s] -- Up-to-date symlink: /home/plague/ros2_ws/install/examples_rclcpp_async_client/share/ament_index/resource_index/packages/examples_rclcpp_async_client
[0.212s] -- Up-to-date symlink: /home/plague/ros2_ws/install/examples_rclcpp_async_client/share/examples_rclcpp_async_client/cmake/examples_rclcpp_async_clientConfig.cmake
[0.212s] -- Up-to-date symlink: /home/plague/ros2_ws/install/examples_rclcpp_async_client/share/examples_rclcpp_async_client/cmake/examples_rclcpp_async_clientConfig-version.cmake
[0.212s] -- Up-to-date symlink: /home/plague/ros2_ws/install/examples_rclcpp_async_client/share/examples_rclcpp_async_client/package.xml
[0.216s] Invoked command in '/home/plague/ros2_ws/build/examples_rclcpp_async_client' returned '0': CMAKE_PREFIX_PATH=${CMAKE_PREFIX_PATH}:/home/plague/ros2_ws/install/launch_testing_examples:/home/plague/ros2_ws/install/examples_rclpy_pointcloud_publisher:/home/plague/ros2_ws/install/examples_rclpy_minimal_subscriber:/home/plague/ros2_ws/install/examples_rclpy_minimal_service:/home/plague/ros2_ws/install/examples_rclpy_minimal_publisher:/home/plague/ros2_ws/install/examples_rclpy_minimal_client:/home/plague/ros2_ws/install/examples_rclpy_minimal_action_server:/home/plague/ros2_ws/install/examples_rclpy_minimal_action_client:/home/plague/ros2_ws/install/examples_rclpy_guard_conditions:/home/plague/ros2_ws/install/examples_rclpy_executors:/opt/ros/iron /usr/bin/cmake --install /home/plague/ros2_ws/build/examples_rclcpp_async_client
