[0.099s] DEBUG:colcon:Command line arguments: ['/usr/bin/colcon', 'build', '--symlink-install']
[0.099s] DEBUG:colcon:Parsed command line arguments: Namespace(log_base=None, log_level=None, verb_name='build', build_base='build', install_base='install', merge_install=False, symlink_install=True, test_result_base=None, continue_on_error=False, executor='parallel', parallel_workers=8, event_handlers=None, ignore_user_meta=False, metas=['./colcon.meta'], base_paths=['.'], packages_ignore=None, packages_ignore_regex=None, paths=None, packages_up_to=None, packages_up_to_regex=None, packages_above=None, packages_above_and_dependencies=None, packages_above_depth=None, packages_select_by_dep=None, packages_skip_by_dep=None, packages_skip_up_to=None, packages_select_build_failed=False, packages_skip_build_finished=False, packages_select_test_failures=False, packages_skip_test_passed=False, packages_select=None, packages_skip=None, packages_select_regex=None, packages_skip_regex=None, packages_start=None, packages_end=None, allow_overriding=[], cmake_args=None, cmake_target=None, cmake_target_skip_unavailable=False, cmake_clean_cache=False, cmake_clean_first=False, cmake_force_configure=False, ament_cmake_args=None, catkin_cmake_args=None, catkin_skip_building_tests=False, mixin_files=None, mixin=None, verb_parser=<colcon_mixin.mixin.mixin_argument.MixinArgumentDecorator object at 0x7ea8a865c910>, verb_extension=<colcon_core.verb.build.BuildVerb object at 0x7ea8a865c2e0>, main=<bound method BuildVerb.main of <colcon_core.verb.build.BuildVerb object at 0x7ea8a865c2e0>>, mixin_verb=('build',))
[0.231s] Level 1:colcon.colcon_core.package_discovery:discover_packages(colcon_meta) check parameters
[0.231s] Level 1:colcon.colcon_core.package_discovery:discover_packages(recursive) check parameters
[0.231s] Level 1:colcon.colcon_core.package_discovery:discover_packages(ignore) check parameters
[0.231s] Level 1:colcon.colcon_core.package_discovery:discover_packages(path) check parameters
[0.231s] Level 1:colcon.colcon_core.package_discovery:discover_packages(colcon_meta) discover
[0.231s] Level 1:colcon.colcon_core.package_discovery:discover_packages(recursive) discover
[0.231s] INFO:colcon.colcon_core.package_discovery:Crawling recursively for packages in '/home/plague/ros2_ws'
[0.231s] Level 1:colcon.colcon_core.package_identification:_identify(.) by extensions ['ignore', 'ignore_ament_install']
[0.231s] Level 1:colcon.colcon_core.package_identification:_identify(.) by extension 'ignore'
[0.231s] Level 1:colcon.colcon_core.package_identification:_identify(.) by extension 'ignore_ament_install'
[0.231s] Level 1:colcon.colcon_core.package_identification:_identify(.) by extensions ['colcon_pkg']
[0.231s] Level 1:colcon.colcon_core.package_identification:_identify(.) by extension 'colcon_pkg'
[0.231s] Level 1:colcon.colcon_core.package_identification:_identify(.) by extensions ['colcon_meta']
[0.231s] Level 1:colcon.colcon_core.package_identification:_identify(.) by extension 'colcon_meta'
[0.231s] Level 1:colcon.colcon_core.package_identification:_identify(.) by extensions ['ros']
[0.231s] Level 1:colcon.colcon_core.package_identification:_identify(.) by extension 'ros'
[0.240s] Level 1:colcon.colcon_core.package_identification:_identify(.) by extensions ['cmake', 'python']
[0.240s] Level 1:colcon.colcon_core.package_identification:_identify(.) by extension 'cmake'
[0.241s] Level 1:colcon.colcon_core.package_identification:_identify(.) by extension 'python'
[0.241s] Level 1:colcon.colcon_core.package_identification:_identify(.) by extensions ['python_setup_py']
[0.241s] Level 1:colcon.colcon_core.package_identification:_identify(.) by extension 'python_setup_py'
[0.241s] Level 1:colcon.colcon_core.package_identification:_identify(build) by extensions ['ignore', 'ignore_ament_install']
[0.241s] Level 1:colcon.colcon_core.package_identification:_identify(build) by extension 'ignore'
[0.241s] Level 1:colcon.colcon_core.package_identification:_identify(build) ignored
[0.241s] Level 1:colcon.colcon_core.package_identification:_identify(install) by extensions ['ignore', 'ignore_ament_install']
[0.241s] Level 1:colcon.colcon_core.package_identification:_identify(install) by extension 'ignore'
[0.241s] Level 1:colcon.colcon_core.package_identification:_identify(install) ignored
[0.241s] Level 1:colcon.colcon_core.package_identification:_identify(log) by extensions ['ignore', 'ignore_ament_install']
[0.241s] Level 1:colcon.colcon_core.package_identification:_identify(log) by extension 'ignore'
[0.241s] Level 1:colcon.colcon_core.package_identification:_identify(log) ignored
[0.241s] Level 1:colcon.colcon_core.package_identification:_identify(src) by extensions ['ignore', 'ignore_ament_install']
[0.241s] Level 1:colcon.colcon_core.package_identification:_identify(src) by extension 'ignore'
[0.241s] Level 1:colcon.colcon_core.package_identification:_identify(src) by extension 'ignore_ament_install'
[0.241s] Level 1:colcon.colcon_core.package_identification:_identify(src) by extensions ['colcon_pkg']
[0.241s] Level 1:colcon.colcon_core.package_identification:_identify(src) by extension 'colcon_pkg'
[0.241s] Level 1:colcon.colcon_core.package_identification:_identify(src) by extensions ['colcon_meta']
[0.241s] Level 1:colcon.colcon_core.package_identification:_identify(src) by extension 'colcon_meta'
[0.241s] Level 1:colcon.colcon_core.package_identification:_identify(src) by extensions ['ros']
[0.241s] Level 1:colcon.colcon_core.package_identification:_identify(src) by extension 'ros'
[0.242s] Level 1:colcon.colcon_core.package_identification:_identify(src) by extensions ['cmake', 'python']
[0.242s] Level 1:colcon.colcon_core.package_identification:_identify(src) by extension 'cmake'
[0.242s] Level 1:colcon.colcon_core.package_identification:_identify(src) by extension 'python'
[0.242s] Level 1:colcon.colcon_core.package_identification:_identify(src) by extensions ['python_setup_py']
[0.242s] Level 1:colcon.colcon_core.package_identification:_identify(src) by extension 'python_setup_py'
[0.242s] Level 1:colcon.colcon_core.package_identification:_identify(src/examples) by extensions ['ignore', 'ignore_ament_install']
[0.242s] Level 1:colcon.colcon_core.package_identification:_identify(src/examples) by extension 'ignore'
[0.242s] Level 1:colcon.colcon_core.package_identification:_identify(src/examples) by extension 'ignore_ament_install'
[0.242s] Level 1:colcon.colcon_core.package_identification:_identify(src/examples) by extensions ['colcon_pkg']
[0.242s] Level 1:colcon.colcon_core.package_identification:_identify(src/examples) by extension 'colcon_pkg'
[0.242s] Level 1:colcon.colcon_core.package_identification:_identify(src/examples) by extensions ['colcon_meta']
[0.242s] Level 1:colcon.colcon_core.package_identification:_identify(src/examples) by extension 'colcon_meta'
[0.242s] Level 1:colcon.colcon_core.package_identification:_identify(src/examples) by extensions ['ros']
[0.242s] Level 1:colcon.colcon_core.package_identification:_identify(src/examples) by extension 'ros'
[0.242s] Level 1:colcon.colcon_core.package_identification:_identify(src/examples) by extensions ['cmake', 'python']
[0.242s] Level 1:colcon.colcon_core.package_identification:_identify(src/examples) by extension 'cmake'
[0.242s] Level 1:colcon.colcon_core.package_identification:_identify(src/examples) by extension 'python'
[0.242s] Level 1:colcon.colcon_core.package_identification:_identify(src/examples) by extensions ['python_setup_py']
[0.242s] Level 1:colcon.colcon_core.package_identification:_identify(src/examples) by extension 'python_setup_py'
[0.242s] Level 1:colcon.colcon_core.package_identification:_identify(src/my_package) by extensions ['ignore', 'ignore_ament_install']
[0.242s] Level 1:colcon.colcon_core.package_identification:_identify(src/my_package) by extension 'ignore'
[0.242s] Level 1:colcon.colcon_core.package_identification:_identify(src/my_package) by extension 'ignore_ament_install'
[0.242s] Level 1:colcon.colcon_core.package_identification:_identify(src/my_package) by extensions ['colcon_pkg']
[0.242s] Level 1:colcon.colcon_core.package_identification:_identify(src/my_package) by extension 'colcon_pkg'
[0.242s] Level 1:colcon.colcon_core.package_identification:_identify(src/my_package) by extensions ['colcon_meta']
[0.242s] Level 1:colcon.colcon_core.package_identification:_identify(src/my_package) by extension 'colcon_meta'
[0.242s] Level 1:colcon.colcon_core.package_identification:_identify(src/my_package) by extensions ['ros']
[0.243s] Level 1:colcon.colcon_core.package_identification:_identify(src/my_package) by extension 'ros'
[0.245s] DEBUG:colcon.colcon_core.package_identification:Package 'src/my_package' with type 'ros.ament_cmake' and name 'my_package'
[0.245s] Level 1:colcon.colcon_core.package_identification:_identify(src/py_pubsub) by extensions ['ignore', 'ignore_ament_install']
[0.245s] Level 1:colcon.colcon_core.package_identification:_identify(src/py_pubsub) by extension 'ignore'
[0.245s] Level 1:colcon.colcon_core.package_identification:_identify(src/py_pubsub) by extension 'ignore_ament_install'
[0.245s] Level 1:colcon.colcon_core.package_identification:_identify(src/py_pubsub) by extensions ['colcon_pkg']
[0.245s] Level 1:colcon.colcon_core.package_identification:_identify(src/py_pubsub) by extension 'colcon_pkg'
[0.245s] Level 1:colcon.colcon_core.package_identification:_identify(src/py_pubsub) by extensions ['colcon_meta']
[0.245s] Level 1:colcon.colcon_core.package_identification:_identify(src/py_pubsub) by extension 'colcon_meta'
[0.245s] Level 1:colcon.colcon_core.package_identification:_identify(src/py_pubsub) by extensions ['ros']
[0.245s] Level 1:colcon.colcon_core.package_identification:_identify(src/py_pubsub) by extension 'ros'
[0.245s] DEBUG:colcon.colcon_core.package_identification:Package 'src/py_pubsub' with type 'ros.ament_python' and name 'py_pubsub'
[0.246s] Level 1:colcon.colcon_core.package_identification:_identify(src/py_srvcli) by extensions ['ignore', 'ignore_ament_install']
[0.246s] Level 1:colcon.colcon_core.package_identification:_identify(src/py_srvcli) by extension 'ignore'
[0.246s] Level 1:colcon.colcon_core.package_identification:_identify(src/py_srvcli) by extension 'ignore_ament_install'
[0.246s] Level 1:colcon.colcon_core.package_identification:_identify(src/py_srvcli) by extensions ['colcon_pkg']
[0.246s] Level 1:colcon.colcon_core.package_identification:_identify(src/py_srvcli) by extension 'colcon_pkg'
[0.246s] Level 1:colcon.colcon_core.package_identification:_identify(src/py_srvcli) by extensions ['colcon_meta']
[0.246s] Level 1:colcon.colcon_core.package_identification:_identify(src/py_srvcli) by extension 'colcon_meta'
[0.246s] Level 1:colcon.colcon_core.package_identification:_identify(src/py_srvcli) by extensions ['ros']
[0.246s] Level 1:colcon.colcon_core.package_identification:_identify(src/py_srvcli) by extension 'ros'
[0.246s] DEBUG:colcon.colcon_core.package_identification:Package 'src/py_srvcli' with type 'ros.ament_python' and name 'py_srvcli'
[0.246s] Level 1:colcon.colcon_core.package_identification:_identify(src/ros_tutorials) by extensions ['ignore', 'ignore_ament_install']
[0.246s] Level 1:colcon.colcon_core.package_identification:_identify(src/ros_tutorials) by extension 'ignore'
[0.247s] Level 1:colcon.colcon_core.package_identification:_identify(src/ros_tutorials) by extension 'ignore_ament_install'
[0.247s] Level 1:colcon.colcon_core.package_identification:_identify(src/ros_tutorials) by extensions ['colcon_pkg']
[0.247s] Level 1:colcon.colcon_core.package_identification:_identify(src/ros_tutorials) by extension 'colcon_pkg'
[0.247s] Level 1:colcon.colcon_core.package_identification:_identify(src/ros_tutorials) by extensions ['colcon_meta']
[0.247s] Level 1:colcon.colcon_core.package_identification:_identify(src/ros_tutorials) by extension 'colcon_meta'
[0.247s] Level 1:colcon.colcon_core.package_identification:_identify(src/ros_tutorials) by extensions ['ros']
[0.247s] Level 1:colcon.colcon_core.package_identification:_identify(src/ros_tutorials) by extension 'ros'
[0.247s] Level 1:colcon.colcon_core.package_identification:_identify(src/ros_tutorials) by extensions ['cmake', 'python']
[0.247s] Level 1:colcon.colcon_core.package_identification:_identify(src/ros_tutorials) by extension 'cmake'
[0.247s] Level 1:colcon.colcon_core.package_identification:_identify(src/ros_tutorials) by extension 'python'
[0.247s] Level 1:colcon.colcon_core.package_identification:_identify(src/ros_tutorials) by extensions ['python_setup_py']
[0.247s] Level 1:colcon.colcon_core.package_identification:_identify(src/ros_tutorials) by extension 'python_setup_py'
[0.247s] Level 1:colcon.colcon_core.package_identification:_identify(src/tutorial_interfaces) by extensions ['ignore', 'ignore_ament_install']
[0.247s] Level 1:colcon.colcon_core.package_identification:_identify(src/tutorial_interfaces) by extension 'ignore'
[0.247s] Level 1:colcon.colcon_core.package_identification:_identify(src/tutorial_interfaces) by extension 'ignore_ament_install'
[0.247s] Level 1:colcon.colcon_core.package_identification:_identify(src/tutorial_interfaces) by extensions ['colcon_pkg']
[0.247s] Level 1:colcon.colcon_core.package_identification:_identify(src/tutorial_interfaces) by extension 'colcon_pkg'
[0.247s] Level 1:colcon.colcon_core.package_identification:_identify(src/tutorial_interfaces) by extensions ['colcon_meta']
[0.247s] Level 1:colcon.colcon_core.package_identification:_identify(src/tutorial_interfaces) by extension 'colcon_meta'
[0.247s] Level 1:colcon.colcon_core.package_identification:_identify(src/tutorial_interfaces) by extensions ['ros']
[0.247s] Level 1:colcon.colcon_core.package_identification:_identify(src/tutorial_interfaces) by extension 'ros'
[0.248s] DEBUG:colcon.colcon_core.package_identification:Package 'src/tutorial_interfaces' with type 'ros.ament_cmake' and name 'tutorial_interfaces'
[0.248s] Level 1:colcon.colcon_core.package_discovery:discover_packages(recursive) using defaults
[0.248s] Level 1:colcon.colcon_core.package_discovery:discover_packages(ignore) discover
[0.248s] Level 1:colcon.colcon_core.package_discovery:discover_packages(ignore) using defaults
[0.248s] Level 1:colcon.colcon_core.package_discovery:discover_packages(path) discover
[0.248s] Level 1:colcon.colcon_core.package_discovery:discover_packages(path) using defaults
[0.278s] Level 1:colcon.colcon_core.package_discovery:discover_packages(prefix_path) check parameters
[0.278s] Level 1:colcon.colcon_core.package_discovery:discover_packages(prefix_path) discover
[0.282s] DEBUG:colcon.colcon_installed_package_information.package_discovery:Found 2 installed packages in /home/plague/auto_drone_ws/install
[0.283s] DEBUG:colcon.colcon_installed_package_information.package_discovery:Found 271 installed packages in /opt/ros/humble
[0.284s] Level 1:colcon.colcon_core.package_discovery:discover_packages(prefix_path) using defaults
[0.313s] Level 5:colcon.colcon_core.verb:set package 'my_package' build argument 'cmake_args' from command line to 'None'
[0.313s] Level 5:colcon.colcon_core.verb:set package 'my_package' build argument 'cmake_target' from command line to 'None'
[0.313s] Level 5:colcon.colcon_core.verb:set package 'my_package' build argument 'cmake_target_skip_unavailable' from command line to 'False'
[0.313s] Level 5:colcon.colcon_core.verb:set package 'my_package' build argument 'cmake_clean_cache' from command line to 'False'
[0.313s] Level 5:colcon.colcon_core.verb:set package 'my_package' build argument 'cmake_clean_first' from command line to 'False'
[0.313s] Level 5:colcon.colcon_core.verb:set package 'my_package' build argument 'cmake_force_configure' from command line to 'False'
[0.313s] Level 5:colcon.colcon_core.verb:set package 'my_package' build argument 'ament_cmake_args' from command line to 'None'
[0.313s] Level 5:colcon.colcon_core.verb:set package 'my_package' build argument 'catkin_cmake_args' from command line to 'None'
[0.313s] Level 5:colcon.colcon_core.verb:set package 'my_package' build argument 'catkin_skip_building_tests' from command line to 'False'
[0.313s] DEBUG:colcon.colcon_core.verb:Building package 'my_package' with the following arguments: {'ament_cmake_args': None, 'build_base': '/home/plague/ros2_ws/build/my_package', 'catkin_cmake_args': None, 'catkin_skip_building_tests': False, 'cmake_args': None, 'cmake_clean_cache': False, 'cmake_clean_first': False, 'cmake_force_configure': False, 'cmake_target': None, 'cmake_target_skip_unavailable': False, 'install_base': '/home/plague/ros2_ws/install/my_package', 'merge_install': False, 'path': '/home/plague/ros2_ws/src/my_package', 'symlink_install': True, 'test_result_base': None}
[0.313s] Level 5:colcon.colcon_core.verb:set package 'py_pubsub' build argument 'cmake_args' from command line to 'None'
[0.313s] Level 5:colcon.colcon_core.verb:set package 'py_pubsub' build argument 'cmake_target' from command line to 'None'
[0.313s] Level 5:colcon.colcon_core.verb:set package 'py_pubsub' build argument 'cmake_target_skip_unavailable' from command line to 'False'
[0.314s] Level 5:colcon.colcon_core.verb:set package 'py_pubsub' build argument 'cmake_clean_cache' from command line to 'False'
[0.314s] Level 5:colcon.colcon_core.verb:set package 'py_pubsub' build argument 'cmake_clean_first' from command line to 'False'
[0.314s] Level 5:colcon.colcon_core.verb:set package 'py_pubsub' build argument 'cmake_force_configure' from command line to 'False'
[0.314s] Level 5:colcon.colcon_core.verb:set package 'py_pubsub' build argument 'ament_cmake_args' from command line to 'None'
[0.314s] Level 5:colcon.colcon_core.verb:set package 'py_pubsub' build argument 'catkin_cmake_args' from command line to 'None'
[0.314s] Level 5:colcon.colcon_core.verb:set package 'py_pubsub' build argument 'catkin_skip_building_tests' from command line to 'False'
[0.314s] DEBUG:colcon.colcon_core.verb:Building package 'py_pubsub' with the following arguments: {'ament_cmake_args': None, 'build_base': '/home/plague/ros2_ws/build/py_pubsub', 'catkin_cmake_args': None, 'catkin_skip_building_tests': False, 'cmake_args': None, 'cmake_clean_cache': False, 'cmake_clean_first': False, 'cmake_force_configure': False, 'cmake_target': None, 'cmake_target_skip_unavailable': False, 'install_base': '/home/plague/ros2_ws/install/py_pubsub', 'merge_install': False, 'path': '/home/plague/ros2_ws/src/py_pubsub', 'symlink_install': True, 'test_result_base': None}
[0.314s] Level 5:colcon.colcon_core.verb:set package 'py_srvcli' build argument 'cmake_args' from command line to 'None'
[0.314s] Level 5:colcon.colcon_core.verb:set package 'py_srvcli' build argument 'cmake_target' from command line to 'None'
[0.314s] Level 5:colcon.colcon_core.verb:set package 'py_srvcli' build argument 'cmake_target_skip_unavailable' from command line to 'False'
[0.314s] Level 5:colcon.colcon_core.verb:set package 'py_srvcli' build argument 'cmake_clean_cache' from command line to 'False'
[0.314s] Level 5:colcon.colcon_core.verb:set package 'py_srvcli' build argument 'cmake_clean_first' from command line to 'False'
[0.314s] Level 5:colcon.colcon_core.verb:set package 'py_srvcli' build argument 'cmake_force_configure' from command line to 'False'
[0.314s] Level 5:colcon.colcon_core.verb:set package 'py_srvcli' build argument 'ament_cmake_args' from command line to 'None'
[0.314s] Level 5:colcon.colcon_core.verb:set package 'py_srvcli' build argument 'catkin_cmake_args' from command line to 'None'
[0.314s] Level 5:colcon.colcon_core.verb:set package 'py_srvcli' build argument 'catkin_skip_building_tests' from command line to 'False'
[0.314s] DEBUG:colcon.colcon_core.verb:Building package 'py_srvcli' with the following arguments: {'ament_cmake_args': None, 'build_base': '/home/plague/ros2_ws/build/py_srvcli', 'catkin_cmake_args': None, 'catkin_skip_building_tests': False, 'cmake_args': None, 'cmake_clean_cache': False, 'cmake_clean_first': False, 'cmake_force_configure': False, 'cmake_target': None, 'cmake_target_skip_unavailable': False, 'install_base': '/home/plague/ros2_ws/install/py_srvcli', 'merge_install': False, 'path': '/home/plague/ros2_ws/src/py_srvcli', 'symlink_install': True, 'test_result_base': None}
[0.314s] Level 5:colcon.colcon_core.verb:set package 'tutorial_interfaces' build argument 'cmake_args' from command line to 'None'
[0.314s] Level 5:colcon.colcon_core.verb:set package 'tutorial_interfaces' build argument 'cmake_target' from command line to 'None'
[0.314s] Level 5:colcon.colcon_core.verb:set package 'tutorial_interfaces' build argument 'cmake_target_skip_unavailable' from command line to 'False'
[0.314s] Level 5:colcon.colcon_core.verb:set package 'tutorial_interfaces' build argument 'cmake_clean_cache' from command line to 'False'
[0.314s] Level 5:colcon.colcon_core.verb:set package 'tutorial_interfaces' build argument 'cmake_clean_first' from command line to 'False'
[0.314s] Level 5:colcon.colcon_core.verb:set package 'tutorial_interfaces' build argument 'cmake_force_configure' from command line to 'False'
[0.314s] Level 5:colcon.colcon_core.verb:set package 'tutorial_interfaces' build argument 'ament_cmake_args' from command line to 'None'
[0.314s] Level 5:colcon.colcon_core.verb:set package 'tutorial_interfaces' build argument 'catkin_cmake_args' from command line to 'None'
[0.314s] Level 5:colcon.colcon_core.verb:set package 'tutorial_interfaces' build argument 'catkin_skip_building_tests' from command line to 'False'
[0.314s] DEBUG:colcon.colcon_core.verb:Building package 'tutorial_interfaces' with the following arguments: {'ament_cmake_args': None, 'build_base': '/home/plague/ros2_ws/build/tutorial_interfaces', 'catkin_cmake_args': None, 'catkin_skip_building_tests': False, 'cmake_args': None, 'cmake_clean_cache': False, 'cmake_clean_first': False, 'cmake_force_configure': False, 'cmake_target': None, 'cmake_target_skip_unavailable': False, 'install_base': '/home/plague/ros2_ws/install/tutorial_interfaces', 'merge_install': False, 'path': '/home/plague/ros2_ws/src/tutorial_interfaces', 'symlink_install': True, 'test_result_base': None}
[0.315s] INFO:colcon.colcon_core.executor:Executing jobs using 'parallel' executor
[0.316s] DEBUG:colcon.colcon_parallel_executor.executor.parallel:run_until_complete
[0.316s] INFO:colcon.colcon_ros.task.ament_cmake.build:Building ROS package in '/home/plague/ros2_ws/src/my_package' with build type 'ament_cmake'
[0.316s] INFO:colcon.colcon_cmake.task.cmake.build:Building CMake package in '/home/plague/ros2_ws/src/my_package'
[0.318s] INFO:colcon.colcon_core.plugin_system:Skipping extension 'colcon_core.shell.bat': Not used on non-Windows systems
[0.318s] INFO:colcon.colcon_core.shell:Skip shell extension 'powershell' for command environment: Not usable outside of PowerShell
[0.319s] DEBUG:colcon.colcon_core.shell:Skip shell extension 'dsv' for command environment
[0.321s] INFO:colcon.colcon_ros.task.ament_python.build:Building ROS package in '/home/plague/ros2_ws/src/py_pubsub' with build type 'ament_python'
[0.321s] Level 1:colcon.colcon_core.shell:create_environment_hook('py_pubsub', 'ament_prefix_path')
[0.322s] INFO:colcon.colcon_core.shell:Creating environment hook '/home/plague/ros2_ws/install/py_pubsub/share/py_pubsub/hook/ament_prefix_path.ps1'
[0.322s] INFO:colcon.colcon_core.shell:Creating environment descriptor '/home/plague/ros2_ws/install/py_pubsub/share/py_pubsub/hook/ament_prefix_path.dsv'
[0.322s] INFO:colcon.colcon_core.shell:Creating environment hook '/home/plague/ros2_ws/install/py_pubsub/share/py_pubsub/hook/ament_prefix_path.sh'
[0.331s] INFO:colcon.colcon_core.shell:Skip shell extension 'powershell' for command environment: Not usable outside of PowerShell
[0.332s] DEBUG:colcon.colcon_core.shell:Skip shell extension 'dsv' for command environment
[0.361s] INFO:colcon.colcon_ros.task.ament_python.build:Building ROS package in '/home/plague/ros2_ws/src/py_srvcli' with build type 'ament_python'
[0.363s] Level 1:colcon.colcon_core.shell:create_environment_hook('py_srvcli', 'ament_prefix_path')
[0.366s] INFO:colcon.colcon_core.shell:Creating environment hook '/home/plague/ros2_ws/install/py_srvcli/share/py_srvcli/hook/ament_prefix_path.ps1'
[0.372s] INFO:colcon.colcon_core.shell:Creating environment descriptor '/home/plague/ros2_ws/install/py_srvcli/share/py_srvcli/hook/ament_prefix_path.dsv'
[0.377s] INFO:colcon.colcon_core.shell:Creating environment hook '/home/plague/ros2_ws/install/py_srvcli/share/py_srvcli/hook/ament_prefix_path.sh'
[0.385s] INFO:colcon.colcon_core.shell:Skip shell extension 'powershell' for command environment: Not usable outside of PowerShell
[0.385s] DEBUG:colcon.colcon_core.shell:Skip shell extension 'dsv' for command environment
[0.415s] INFO:colcon.colcon_ros.task.ament_cmake.build:Building ROS package in '/home/plague/ros2_ws/src/tutorial_interfaces' with build type 'ament_cmake'
[0.416s] INFO:colcon.colcon_cmake.task.cmake.build:Building CMake package in '/home/plague/ros2_ws/src/tutorial_interfaces'
[0.419s] INFO:colcon.colcon_core.shell:Skip shell extension 'powershell' for command environment: Not usable outside of PowerShell
[0.420s] DEBUG:colcon.colcon_core.shell:Skip shell extension 'dsv' for command environment
[0.507s] DEBUG:colcon.colcon_core.event_handler.log_command:Invoking command in '/home/plague/ros2_ws/build/my_package': CMAKE_PREFIX_PATH=${CMAKE_PREFIX_PATH}:/opt/ros/humble /usr/bin/cmake /home/plague/ros2_ws/src/my_package -DAMENT_CMAKE_SYMLINK_INSTALL=1 -DCMAKE_INSTALL_PREFIX=/home/plague/ros2_ws/install/my_package
[1.289s] INFO:colcon.colcon_core.task.python.build:Building Python package in '/home/plague/ros2_ws/src/py_pubsub'
[1.290s] INFO:colcon.colcon_core.shell:Skip shell extension 'powershell' for command environment: Not usable outside of PowerShell
[1.290s] DEBUG:colcon.colcon_core.shell:Skip shell extension 'dsv' for command environment
[1.655s] INFO:colcon.colcon_core.task.python.build:Building Python package in '/home/plague/ros2_ws/src/py_srvcli'
[1.655s] INFO:colcon.colcon_core.shell:Skip shell extension 'powershell' for command environment: Not usable outside of PowerShell
[1.655s] DEBUG:colcon.colcon_core.shell:Skip shell extension 'dsv' for command environment
[1.668s] DEBUG:colcon.colcon_core.event_handler.log_command:Invoking command in '/home/plague/ros2_ws/build/tutorial_interfaces': CMAKE_PREFIX_PATH=${CMAKE_PREFIX_PATH}:/opt/ros/humble /usr/bin/cmake /home/plague/ros2_ws/src/tutorial_interfaces -DAMENT_CMAKE_SYMLINK_INSTALL=1 -DCMAKE_INSTALL_PREFIX=/home/plague/ros2_ws/install/tutorial_interfaces
[2.020s] DEBUG:colcon.colcon_core.event_handler.log_command:Invoked command in '/home/plague/ros2_ws/build/my_package' returned '0': CMAKE_PREFIX_PATH=${CMAKE_PREFIX_PATH}:/opt/ros/humble /usr/bin/cmake /home/plague/ros2_ws/src/my_package -DAMENT_CMAKE_SYMLINK_INSTALL=1 -DCMAKE_INSTALL_PREFIX=/home/plague/ros2_ws/install/my_package
[2.023s] DEBUG:colcon.colcon_core.event_handler.log_command:Invoking command in '/home/plague/ros2_ws/build/my_package': CMAKE_PREFIX_PATH=${CMAKE_PREFIX_PATH}:/opt/ros/humble /usr/bin/cmake --build /home/plague/ros2_ws/build/my_package -- -j8 -l8
[2.262s] DEBUG:colcon.colcon_core.event_handler.log_command:Invoked command in '/home/plague/ros2_ws/build/my_package' returned '0': CMAKE_PREFIX_PATH=${CMAKE_PREFIX_PATH}:/opt/ros/humble /usr/bin/cmake --build /home/plague/ros2_ws/build/my_package -- -j8 -l8
[2.280s] DEBUG:colcon.colcon_core.event_handler.log_command:Invoking command in '/home/plague/ros2_ws/build/my_package': CMAKE_PREFIX_PATH=${CMAKE_PREFIX_PATH}:/opt/ros/humble /usr/bin/cmake --install /home/plague/ros2_ws/build/my_package
[2.555s] DEBUG:colcon.colcon_core.event_handler.log_command:Invoking command in '/home/plague/ros2_ws/build/py_srvcli': PYTHONPATH=/home/plague/ros2_ws/build/py_srvcli/prefix_override:/usr/lib/python3/dist-packages/colcon_core/task/python/colcon_distutils_commands:/home/plague/ros2_ws/install/py_srvcli/lib/python3.10/site-packages:${PYTHONPATH} /usr/bin/python3 -W ignore:setup.py install is deprecated -W ignore:easy_install command is deprecated setup.py develop --editable --build-directory /home/plague/ros2_ws/build/py_srvcli/build --no-deps symlink_data
[2.613s] DEBUG:colcon.colcon_core.event_handler.log_command:Invoking command in '/home/plague/ros2_ws/build/py_pubsub': PYTHONPATH=/home/plague/ros2_ws/build/py_pubsub/prefix_override:/usr/lib/python3/dist-packages/colcon_core/task/python/colcon_distutils_commands:/home/plague/ros2_ws/install/py_pubsub/lib/python3.10/site-packages:${PYTHONPATH} /usr/bin/python3 -W ignore:setup.py install is deprecated -W ignore:easy_install command is deprecated setup.py develop --editable --build-directory /home/plague/ros2_ws/build/py_pubsub/build --no-deps symlink_data
[2.759s] Level 1:colcon.colcon_core.environment:create_environment_scripts_only(my_package)
[2.761s] DEBUG:colcon.colcon_core.event_handler.log_command:Invoked command in '/home/plague/ros2_ws/build/my_package' returned '0': CMAKE_PREFIX_PATH=${CMAKE_PREFIX_PATH}:/opt/ros/humble /usr/bin/cmake --install /home/plague/ros2_ws/build/my_package
[2.769s] Level 1:colcon.colcon_core.environment:checking '/home/plague/ros2_ws/install/my_package' for CMake module files
[2.771s] Level 1:colcon.colcon_core.environment:checking '/home/plague/ros2_ws/install/my_package' for CMake config files
[2.772s] Level 1:colcon.colcon_core.shell:create_environment_hook('my_package', 'cmake_prefix_path')
[2.772s] INFO:colcon.colcon_core.shell:Creating environment hook '/home/plague/ros2_ws/install/my_package/share/my_package/hook/cmake_prefix_path.ps1'
[2.774s] INFO:colcon.colcon_core.shell:Creating environment descriptor '/home/plague/ros2_ws/install/my_package/share/my_package/hook/cmake_prefix_path.dsv'
[2.775s] INFO:colcon.colcon_core.shell:Creating environment hook '/home/plague/ros2_ws/install/my_package/share/my_package/hook/cmake_prefix_path.sh'
[2.777s] Level 1:colcon.colcon_core.environment:checking '/home/plague/ros2_ws/install/my_package/lib'
[2.778s] Level 1:colcon.colcon_core.environment:checking '/home/plague/ros2_ws/install/my_package/bin'
[2.778s] Level 1:colcon.colcon_core.environment:checking '/home/plague/ros2_ws/install/my_package/lib/pkgconfig/my_package.pc'
[2.779s] Level 1:colcon.colcon_core.environment:checking '/home/plague/ros2_ws/install/my_package/lib/python3.10/site-packages'
[2.779s] Level 1:colcon.colcon_core.environment:checking '/home/plague/ros2_ws/install/my_package/bin'
[2.780s] INFO:colcon.colcon_core.shell:Creating package script '/home/plague/ros2_ws/install/my_package/share/my_package/package.ps1'
[2.783s] INFO:colcon.colcon_core.shell:Creating package descriptor '/home/plague/ros2_ws/install/my_package/share/my_package/package.dsv'
[2.785s] INFO:colcon.colcon_core.shell:Creating package script '/home/plague/ros2_ws/install/my_package/share/my_package/package.sh'
[2.787s] INFO:colcon.colcon_core.shell:Creating package script '/home/plague/ros2_ws/install/my_package/share/my_package/package.bash'
[2.789s] INFO:colcon.colcon_core.shell:Creating package script '/home/plague/ros2_ws/install/my_package/share/my_package/package.zsh'
[2.790s] Level 1:colcon.colcon_core.environment:create_file_with_runtime_dependencies(/home/plague/ros2_ws/install/my_package/share/colcon-core/packages/my_package)
[2.791s] Level 1:colcon.colcon_core.environment:create_environment_scripts_only(my_package)
[2.792s] Level 1:colcon.colcon_core.environment:checking '/home/plague/ros2_ws/install/my_package' for CMake module files
[2.793s] Level 1:colcon.colcon_core.environment:checking '/home/plague/ros2_ws/install/my_package' for CMake config files
[2.793s] Level 1:colcon.colcon_core.shell:create_environment_hook('my_package', 'cmake_prefix_path')
[2.794s] INFO:colcon.colcon_core.shell:Creating environment hook '/home/plague/ros2_ws/install/my_package/share/my_package/hook/cmake_prefix_path.ps1'
[2.795s] INFO:colcon.colcon_core.shell:Creating environment descriptor '/home/plague/ros2_ws/install/my_package/share/my_package/hook/cmake_prefix_path.dsv'
[2.796s] INFO:colcon.colcon_core.shell:Creating environment hook '/home/plague/ros2_ws/install/my_package/share/my_package/hook/cmake_prefix_path.sh'
[2.797s] Level 1:colcon.colcon_core.environment:checking '/home/plague/ros2_ws/install/my_package/lib'
[2.798s] Level 1:colcon.colcon_core.environment:checking '/home/plague/ros2_ws/install/my_package/bin'
[2.798s] Level 1:colcon.colcon_core.environment:checking '/home/plague/ros2_ws/install/my_package/lib/pkgconfig/my_package.pc'
[2.798s] Level 1:colcon.colcon_core.environment:checking '/home/plague/ros2_ws/install/my_package/lib/python3.10/site-packages'
[2.799s] Level 1:colcon.colcon_core.environment:checking '/home/plague/ros2_ws/install/my_package/bin'
[2.799s] INFO:colcon.colcon_core.shell:Creating package script '/home/plague/ros2_ws/install/my_package/share/my_package/package.ps1'
[2.800s] INFO:colcon.colcon_core.shell:Creating package descriptor '/home/plague/ros2_ws/install/my_package/share/my_package/package.dsv'
[2.801s] INFO:colcon.colcon_core.shell:Creating package script '/home/plague/ros2_ws/install/my_package/share/my_package/package.sh'
[2.802s] INFO:colcon.colcon_core.shell:Creating package script '/home/plague/ros2_ws/install/my_package/share/my_package/package.bash'
[2.803s] INFO:colcon.colcon_core.shell:Creating package script '/home/plague/ros2_ws/install/my_package/share/my_package/package.zsh'
[2.804s] Level 1:colcon.colcon_core.environment:create_file_with_runtime_dependencies(/home/plague/ros2_ws/install/my_package/share/colcon-core/packages/my_package)
[3.635s] Level 1:colcon.colcon_core.shell:create_environment_hook('py_srvcli', 'pythonpath_develop')
[3.636s] INFO:colcon.colcon_core.shell:Creating environment hook '/home/plague/ros2_ws/build/py_srvcli/share/py_srvcli/hook/pythonpath_develop.ps1'
[3.637s] DEBUG:colcon.colcon_core.event_handler.log_command:Invoked command in '/home/plague/ros2_ws/build/py_srvcli' returned '0': PYTHONPATH=/home/plague/ros2_ws/build/py_srvcli/prefix_override:/usr/lib/python3/dist-packages/colcon_core/task/python/colcon_distutils_commands:/home/plague/ros2_ws/install/py_srvcli/lib/python3.10/site-packages:${PYTHONPATH} /usr/bin/python3 -W ignore:setup.py install is deprecated -W ignore:easy_install command is deprecated setup.py develop --editable --build-directory /home/plague/ros2_ws/build/py_srvcli/build --no-deps symlink_data
[3.638s] INFO:colcon.colcon_core.shell:Creating environment descriptor '/home/plague/ros2_ws/build/py_srvcli/share/py_srvcli/hook/pythonpath_develop.dsv'
[3.639s] INFO:colcon.colcon_core.shell:Creating environment hook '/home/plague/ros2_ws/build/py_srvcli/share/py_srvcli/hook/pythonpath_develop.sh'
[3.641s] Level 1:colcon.colcon_core.environment:checking '/home/plague/ros2_ws/install/py_srvcli' for CMake module files
[3.642s] Level 1:colcon.colcon_core.environment:checking '/home/plague/ros2_ws/install/py_srvcli' for CMake config files
[3.643s] Level 1:colcon.colcon_core.environment:checking '/home/plague/ros2_ws/install/py_srvcli/lib'
[3.643s] Level 1:colcon.colcon_core.environment:checking '/home/plague/ros2_ws/install/py_srvcli/bin'
[3.643s] Level 1:colcon.colcon_core.environment:checking '/home/plague/ros2_ws/install/py_srvcli/lib/pkgconfig/py_srvcli.pc'
[3.644s] Level 1:colcon.colcon_core.environment:checking '/home/plague/ros2_ws/install/py_srvcli/lib/python3.10/site-packages'
[3.644s] Level 1:colcon.colcon_core.shell:create_environment_hook('py_srvcli', 'pythonpath')
[3.645s] INFO:colcon.colcon_core.shell:Creating environment hook '/home/plague/ros2_ws/install/py_srvcli/share/py_srvcli/hook/pythonpath.ps1'
[3.646s] INFO:colcon.colcon_core.shell:Creating environment descriptor '/home/plague/ros2_ws/install/py_srvcli/share/py_srvcli/hook/pythonpath.dsv'
[3.647s] INFO:colcon.colcon_core.shell:Creating environment hook '/home/plague/ros2_ws/install/py_srvcli/share/py_srvcli/hook/pythonpath.sh'
[3.649s] Level 1:colcon.colcon_core.environment:checking '/home/plague/ros2_ws/install/py_srvcli/bin'
[3.649s] Level 1:colcon.colcon_core.environment:create_environment_scripts_only(py_srvcli)
[3.650s] INFO:colcon.colcon_core.shell:Creating package script '/home/plague/ros2_ws/install/py_srvcli/share/py_srvcli/package.ps1'
[3.652s] INFO:colcon.colcon_core.shell:Creating package descriptor '/home/plague/ros2_ws/install/py_srvcli/share/py_srvcli/package.dsv'
[3.653s] INFO:colcon.colcon_core.shell:Creating package script '/home/plague/ros2_ws/install/py_srvcli/share/py_srvcli/package.sh'
[3.654s] INFO:colcon.colcon_core.shell:Creating package script '/home/plague/ros2_ws/install/py_srvcli/share/py_srvcli/package.bash'
[3.655s] INFO:colcon.colcon_core.shell:Creating package script '/home/plague/ros2_ws/install/py_srvcli/share/py_srvcli/package.zsh'
[3.656s] Level 1:colcon.colcon_core.environment:create_file_with_runtime_dependencies(/home/plague/ros2_ws/install/py_srvcli/share/colcon-core/packages/py_srvcli)
[3.727s] Level 1:colcon.colcon_core.shell:create_environment_hook('py_pubsub', 'pythonpath_develop')
[3.727s] INFO:colcon.colcon_core.shell:Creating environment hook '/home/plague/ros2_ws/build/py_pubsub/share/py_pubsub/hook/pythonpath_develop.ps1'
[3.728s] DEBUG:colcon.colcon_core.event_handler.log_command:Invoked command in '/home/plague/ros2_ws/build/py_pubsub' returned '0': PYTHONPATH=/home/plague/ros2_ws/build/py_pubsub/prefix_override:/usr/lib/python3/dist-packages/colcon_core/task/python/colcon_distutils_commands:/home/plague/ros2_ws/install/py_pubsub/lib/python3.10/site-packages:${PYTHONPATH} /usr/bin/python3 -W ignore:setup.py install is deprecated -W ignore:easy_install command is deprecated setup.py develop --editable --build-directory /home/plague/ros2_ws/build/py_pubsub/build --no-deps symlink_data
[3.729s] INFO:colcon.colcon_core.shell:Creating environment descriptor '/home/plague/ros2_ws/build/py_pubsub/share/py_pubsub/hook/pythonpath_develop.dsv'
[3.729s] INFO:colcon.colcon_core.shell:Creating environment hook '/home/plague/ros2_ws/build/py_pubsub/share/py_pubsub/hook/pythonpath_develop.sh'
[3.730s] Level 1:colcon.colcon_core.environment:checking '/home/plague/ros2_ws/install/py_pubsub' for CMake module files
[3.731s] Level 1:colcon.colcon_core.environment:checking '/home/plague/ros2_ws/install/py_pubsub' for CMake config files
[3.732s] Level 1:colcon.colcon_core.environment:checking '/home/plague/ros2_ws/install/py_pubsub/lib'
[3.732s] Level 1:colcon.colcon_core.environment:checking '/home/plague/ros2_ws/install/py_pubsub/bin'
[3.732s] Level 1:colcon.colcon_core.environment:checking '/home/plague/ros2_ws/install/py_pubsub/lib/pkgconfig/py_pubsub.pc'
[3.732s] Level 1:colcon.colcon_core.environment:checking '/home/plague/ros2_ws/install/py_pubsub/lib/python3.10/site-packages'
[3.733s] Level 1:colcon.colcon_core.shell:create_environment_hook('py_pubsub', 'pythonpath')
[3.733s] INFO:colcon.colcon_core.shell:Creating environment hook '/home/plague/ros2_ws/install/py_pubsub/share/py_pubsub/hook/pythonpath.ps1'
[3.734s] INFO:colcon.colcon_core.shell:Creating environment descriptor '/home/plague/ros2_ws/install/py_pubsub/share/py_pubsub/hook/pythonpath.dsv'
[3.734s] INFO:colcon.colcon_core.shell:Creating environment hook '/home/plague/ros2_ws/install/py_pubsub/share/py_pubsub/hook/pythonpath.sh'
[3.735s] Level 1:colcon.colcon_core.environment:checking '/home/plague/ros2_ws/install/py_pubsub/bin'
[3.735s] Level 1:colcon.colcon_core.environment:create_environment_scripts_only(py_pubsub)
[3.736s] INFO:colcon.colcon_core.shell:Creating package script '/home/plague/ros2_ws/install/py_pubsub/share/py_pubsub/package.ps1'
[3.737s] INFO:colcon.colcon_core.shell:Creating package descriptor '/home/plague/ros2_ws/install/py_pubsub/share/py_pubsub/package.dsv'
[3.738s] INFO:colcon.colcon_core.shell:Creating package script '/home/plague/ros2_ws/install/py_pubsub/share/py_pubsub/package.sh'
[3.738s] INFO:colcon.colcon_core.shell:Creating package script '/home/plague/ros2_ws/install/py_pubsub/share/py_pubsub/package.bash'
[3.739s] INFO:colcon.colcon_core.shell:Creating package script '/home/plague/ros2_ws/install/py_pubsub/share/py_pubsub/package.zsh'
[3.739s] Level 1:colcon.colcon_core.environment:create_file_with_runtime_dependencies(/home/plague/ros2_ws/install/py_pubsub/share/colcon-core/packages/py_pubsub)
[5.581s] DEBUG:colcon.colcon_core.event_handler.log_command:Invoked command in '/home/plague/ros2_ws/build/tutorial_interfaces' returned '0': CMAKE_PREFIX_PATH=${CMAKE_PREFIX_PATH}:/opt/ros/humble /usr/bin/cmake /home/plague/ros2_ws/src/tutorial_interfaces -DAMENT_CMAKE_SYMLINK_INSTALL=1 -DCMAKE_INSTALL_PREFIX=/home/plague/ros2_ws/install/tutorial_interfaces
[5.584s] DEBUG:colcon.colcon_core.event_handler.log_command:Invoking command in '/home/plague/ros2_ws/build/tutorial_interfaces': CMAKE_PREFIX_PATH=${CMAKE_PREFIX_PATH}:/opt/ros/humble /usr/bin/cmake --build /home/plague/ros2_ws/build/tutorial_interfaces -- -j8 -l8
[10.590s] DEBUG:colcon.colcon_core.event_handler.log_command:Invoked command in '/home/plague/ros2_ws/build/tutorial_interfaces' returned '0': CMAKE_PREFIX_PATH=${CMAKE_PREFIX_PATH}:/opt/ros/humble /usr/bin/cmake --build /home/plague/ros2_ws/build/tutorial_interfaces -- -j8 -l8
[10.592s] DEBUG:colcon.colcon_core.event_handler.log_command:Invoking command in '/home/plague/ros2_ws/build/tutorial_interfaces': CMAKE_PREFIX_PATH=${CMAKE_PREFIX_PATH}:/opt/ros/humble /usr/bin/cmake --install /home/plague/ros2_ws/build/tutorial_interfaces
[12.041s] Level 1:colcon.colcon_core.environment:create_environment_scripts_only(tutorial_interfaces)
[12.042s] Level 1:colcon.colcon_core.environment:checking '/home/plague/ros2_ws/install/tutorial_interfaces' for CMake module files
[12.043s] DEBUG:colcon.colcon_core.event_handler.log_command:Invoked command in '/home/plague/ros2_ws/build/tutorial_interfaces' returned '0': CMAKE_PREFIX_PATH=${CMAKE_PREFIX_PATH}:/opt/ros/humble /usr/bin/cmake --install /home/plague/ros2_ws/build/tutorial_interfaces
[12.043s] Level 1:colcon.colcon_core.environment:checking '/home/plague/ros2_ws/install/tutorial_interfaces' for CMake config files
[12.044s] Level 1:colcon.colcon_core.shell:create_environment_hook('tutorial_interfaces', 'cmake_prefix_path')
[12.044s] INFO:colcon.colcon_core.shell:Creating environment hook '/home/plague/ros2_ws/install/tutorial_interfaces/share/tutorial_interfaces/hook/cmake_prefix_path.ps1'
[12.045s] INFO:colcon.colcon_core.shell:Creating environment descriptor '/home/plague/ros2_ws/install/tutorial_interfaces/share/tutorial_interfaces/hook/cmake_prefix_path.dsv'
[12.045s] INFO:colcon.colcon_core.shell:Creating environment hook '/home/plague/ros2_ws/install/tutorial_interfaces/share/tutorial_interfaces/hook/cmake_prefix_path.sh'
[12.046s] Level 1:colcon.colcon_core.environment:checking '/home/plague/ros2_ws/install/tutorial_interfaces/lib'
[12.046s] Level 1:colcon.colcon_core.shell:create_environment_hook('tutorial_interfaces', 'ld_library_path_lib')
[12.047s] INFO:colcon.colcon_core.shell:Creating environment hook '/home/plague/ros2_ws/install/tutorial_interfaces/share/tutorial_interfaces/hook/ld_library_path_lib.ps1'
[12.047s] INFO:colcon.colcon_core.shell:Creating environment descriptor '/home/plague/ros2_ws/install/tutorial_interfaces/share/tutorial_interfaces/hook/ld_library_path_lib.dsv'
[12.048s] INFO:colcon.colcon_core.shell:Creating environment hook '/home/plague/ros2_ws/install/tutorial_interfaces/share/tutorial_interfaces/hook/ld_library_path_lib.sh'
[12.048s] Level 1:colcon.colcon_core.environment:checking '/home/plague/ros2_ws/install/tutorial_interfaces/bin'
[12.048s] Level 1:colcon.colcon_core.environment:checking '/home/plague/ros2_ws/install/tutorial_interfaces/lib/pkgconfig/tutorial_interfaces.pc'
[12.049s] Level 1:colcon.colcon_core.environment:checking '/home/plague/ros2_ws/install/tutorial_interfaces/lib/python3.10/site-packages'
[12.049s] Level 1:colcon.colcon_core.environment:checking '/home/plague/ros2_ws/install/tutorial_interfaces/bin'
[12.049s] INFO:colcon.colcon_core.shell:Creating package script '/home/plague/ros2_ws/install/tutorial_interfaces/share/tutorial_interfaces/package.ps1'
[12.050s] INFO:colcon.colcon_core.shell:Creating package descriptor '/home/plague/ros2_ws/install/tutorial_interfaces/share/tutorial_interfaces/package.dsv'
[12.051s] INFO:colcon.colcon_core.shell:Creating package script '/home/plague/ros2_ws/install/tutorial_interfaces/share/tutorial_interfaces/package.sh'
[12.051s] INFO:colcon.colcon_core.shell:Creating package script '/home/plague/ros2_ws/install/tutorial_interfaces/share/tutorial_interfaces/package.bash'
[12.052s] INFO:colcon.colcon_core.shell:Creating package script '/home/plague/ros2_ws/install/tutorial_interfaces/share/tutorial_interfaces/package.zsh'
[12.052s] Level 1:colcon.colcon_core.environment:create_file_with_runtime_dependencies(/home/plague/ros2_ws/install/tutorial_interfaces/share/colcon-core/packages/tutorial_interfaces)
[12.053s] Level 1:colcon.colcon_core.environment:create_environment_scripts_only(tutorial_interfaces)
[12.054s] Level 1:colcon.colcon_core.environment:checking '/home/plague/ros2_ws/install/tutorial_interfaces' for CMake module files
[12.055s] Level 1:colcon.colcon_core.environment:checking '/home/plague/ros2_ws/install/tutorial_interfaces' for CMake config files
[12.056s] Level 1:colcon.colcon_core.shell:create_environment_hook('tutorial_interfaces', 'cmake_prefix_path')
[12.056s] INFO:colcon.colcon_core.shell:Creating environment hook '/home/plague/ros2_ws/install/tutorial_interfaces/share/tutorial_interfaces/hook/cmake_prefix_path.ps1'
[12.057s] INFO:colcon.colcon_core.shell:Creating environment descriptor '/home/plague/ros2_ws/install/tutorial_interfaces/share/tutorial_interfaces/hook/cmake_prefix_path.dsv'
[12.057s] INFO:colcon.colcon_core.shell:Creating environment hook '/home/plague/ros2_ws/install/tutorial_interfaces/share/tutorial_interfaces/hook/cmake_prefix_path.sh'
[12.059s] Level 1:colcon.colcon_core.environment:checking '/home/plague/ros2_ws/install/tutorial_interfaces/lib'
[12.059s] Level 1:colcon.colcon_core.shell:create_environment_hook('tutorial_interfaces', 'ld_library_path_lib')
[12.059s] INFO:colcon.colcon_core.shell:Creating environment hook '/home/plague/ros2_ws/install/tutorial_interfaces/share/tutorial_interfaces/hook/ld_library_path_lib.ps1'
[12.060s] INFO:colcon.colcon_core.shell:Creating environment descriptor '/home/plague/ros2_ws/install/tutorial_interfaces/share/tutorial_interfaces/hook/ld_library_path_lib.dsv'
[12.060s] INFO:colcon.colcon_core.shell:Creating environment hook '/home/plague/ros2_ws/install/tutorial_interfaces/share/tutorial_interfaces/hook/ld_library_path_lib.sh'
[12.061s] Level 1:colcon.colcon_core.environment:checking '/home/plague/ros2_ws/install/tutorial_interfaces/bin'
[12.061s] Level 1:colcon.colcon_core.environment:checking '/home/plague/ros2_ws/install/tutorial_interfaces/lib/pkgconfig/tutorial_interfaces.pc'
[12.062s] Level 1:colcon.colcon_core.environment:checking '/home/plague/ros2_ws/install/tutorial_interfaces/lib/python3.10/site-packages'
[12.062s] Level 1:colcon.colcon_core.environment:checking '/home/plague/ros2_ws/install/tutorial_interfaces/bin'
[12.063s] INFO:colcon.colcon_core.shell:Creating package script '/home/plague/ros2_ws/install/tutorial_interfaces/share/tutorial_interfaces/package.ps1'
[12.064s] INFO:colcon.colcon_core.shell:Creating package descriptor '/home/plague/ros2_ws/install/tutorial_interfaces/share/tutorial_interfaces/package.dsv'
[12.064s] INFO:colcon.colcon_core.shell:Creating package script '/home/plague/ros2_ws/install/tutorial_interfaces/share/tutorial_interfaces/package.sh'
[12.065s] INFO:colcon.colcon_core.shell:Creating package script '/home/plague/ros2_ws/install/tutorial_interfaces/share/tutorial_interfaces/package.bash'
[12.065s] INFO:colcon.colcon_core.shell:Creating package script '/home/plague/ros2_ws/install/tutorial_interfaces/share/tutorial_interfaces/package.zsh'
[12.066s] Level 1:colcon.colcon_core.environment:create_file_with_runtime_dependencies(/home/plague/ros2_ws/install/tutorial_interfaces/share/colcon-core/packages/tutorial_interfaces)
[12.066s] DEBUG:colcon.colcon_parallel_executor.executor.parallel:closing loop
[12.067s] DEBUG:colcon.colcon_parallel_executor.executor.parallel:loop closed
[12.067s] DEBUG:colcon.colcon_parallel_executor.executor.parallel:run_until_complete finished with '0'
[12.067s] DEBUG:colcon.colcon_core.event_reactor:joining thread
[12.076s] INFO:colcon.colcon_core.plugin_system:Skipping extension 'colcon_notification.desktop_notification.terminal_notifier': Not used on non-Darwin systems
[12.077s] INFO:colcon.colcon_core.plugin_system:Skipping extension 'colcon_notification.desktop_notification.win32': Not used on non-Windows systems
[12.077s] INFO:colcon.colcon_notification.desktop_notification:Sending desktop notification using 'notify2'
[12.104s] DEBUG:colcon.colcon_core.event_reactor:joined thread
[12.105s] INFO:colcon.colcon_core.shell:Creating prefix script '/home/plague/ros2_ws/install/local_setup.ps1'
[12.107s] INFO:colcon.colcon_core.shell:Creating prefix util module '/home/plague/ros2_ws/install/_local_setup_util_ps1.py'
[12.109s] INFO:colcon.colcon_core.shell:Creating prefix chain script '/home/plague/ros2_ws/install/setup.ps1'
[12.111s] INFO:colcon.colcon_core.shell:Creating prefix script '/home/plague/ros2_ws/install/local_setup.sh'
[12.112s] INFO:colcon.colcon_core.shell:Creating prefix util module '/home/plague/ros2_ws/install/_local_setup_util_sh.py'
[12.113s] INFO:colcon.colcon_core.shell:Creating prefix chain script '/home/plague/ros2_ws/install/setup.sh'
[12.115s] INFO:colcon.colcon_core.shell:Creating prefix script '/home/plague/ros2_ws/install/local_setup.bash'
[12.116s] INFO:colcon.colcon_core.shell:Creating prefix chain script '/home/plague/ros2_ws/install/setup.bash'
[12.117s] INFO:colcon.colcon_core.shell:Creating prefix script '/home/plague/ros2_ws/install/local_setup.zsh'
[12.118s] INFO:colcon.colcon_core.shell:Creating prefix chain script '/home/plague/ros2_ws/install/setup.zsh'
