[0.026s] Invoking command in '/home/plague/ros2_ws/build/examples_rclcpp_minimal_client': CMAKE_PREFIX_PATH=${CMAKE_PREFIX_PATH}:/home/plague/ros2_ws/install/launch_testing_examples:/home/plague/ros2_ws/install/examples_rclpy_pointcloud_publisher:/home/plague/ros2_ws/install/examples_rclpy_minimal_subscriber:/home/plague/ros2_ws/install/examples_rclpy_minimal_service:/home/plague/ros2_ws/install/examples_rclpy_minimal_publisher:/home/plague/ros2_ws/install/examples_rclpy_minimal_client:/home/plague/ros2_ws/install/examples_rclpy_minimal_action_server:/home/plague/ros2_ws/install/examples_rclpy_minimal_action_client:/home/plague/ros2_ws/install/examples_rclpy_guard_conditions:/home/plague/ros2_ws/install/examples_rclpy_executors:/opt/ros/iron /usr/bin/cmake /home/plague/ros2_ws/src/examples/rclcpp/services/minimal_client -DCMAKE_INSTALL_PREFIX=/home/plague/ros2_ws/install/examples_rclcpp_minimal_client
[0.038s] -- Found ament_cmake: 2.0.4 (/opt/ros/iron/share/ament_cmake/cmake)
[0.279s] -- Override CMake install command with custom implementation using symlinks instead of copying resources
[0.297s] -- Found example_interfaces: 0.10.2 (/opt/ros/iron/share/example_interfaces/cmake)
[0.337s] -- Found rosidl_generator_c: 4.0.1 (/opt/ros/iron/share/rosidl_generator_c/cmake)
[0.349s] -- Found rosidl_generator_cpp: 4.0.1 (/opt/ros/iron/share/rosidl_generator_cpp/cmake)
[0.370s] -- Using all available rosidl_typesupport_c: rosidl_typesupport_fastrtps_c;rosidl_typesupport_introspection_c
[0.397s] -- Using all available rosidl_typesupport_cpp: rosidl_typesupport_fastrtps_cpp;rosidl_typesupport_introspection_cpp
[0.739s] -- Found rclcpp: 21.0.5 (/opt/ros/iron/share/rclcpp/cmake)
[0.867s] -- Found rmw_implementation_cmake: 7.1.0 (/opt/ros/iron/share/rmw_implementation_cmake/cmake)
[0.869s] -- Found rmw_fastrtps_cpp: 7.1.3 (/opt/ros/iron/share/rmw_fastrtps_cpp/cmake)
[1.023s] -- Using RMW implementation 'rmw_fastrtps_cpp' as default
[1.256s] -- Found ament_lint_auto: 0.14.3 (/opt/ros/iron/share/ament_lint_auto/cmake)
[1.370s] -- Added test 'copyright' to check source files copyright and LICENSE
[1.371s] -- Added test 'cppcheck' to perform static code analysis on C / C++ code
[1.371s] -- Configured cppcheck include dirs: 
[1.372s] -- Configured cppcheck exclude dirs and/or files: 
[1.372s] -- Added test 'cpplint' to check C / C++ code against the Google style
[1.372s] -- Configured cpplint exclude dirs and/or files: 
[1.373s] -- Added test 'lint_cmake' to check CMake code style
[1.373s] -- Added test 'uncrustify' to check C / C++ code style
[1.373s] -- Configured uncrustify additional arguments: 
[1.374s] -- Added test 'xmllint' to check XML markup files
[1.377s] -- Configuring done
[1.399s] -- Generating done
[1.401s] -- Build files have been written to: /home/plague/ros2_ws/build/examples_rclcpp_minimal_client
[1.417s] Invoked command in '/home/plague/ros2_ws/build/examples_rclcpp_minimal_client' returned '0': CMAKE_PREFIX_PATH=${CMAKE_PREFIX_PATH}:/home/plague/ros2_ws/install/launch_testing_examples:/home/plague/ros2_ws/install/examples_rclpy_pointcloud_publisher:/home/plague/ros2_ws/install/examples_rclpy_minimal_subscriber:/home/plague/ros2_ws/install/examples_rclpy_minimal_service:/home/plague/ros2_ws/install/examples_rclpy_minimal_publisher:/home/plague/ros2_ws/install/examples_rclpy_minimal_client:/home/plague/ros2_ws/install/examples_rclpy_minimal_action_server:/home/plague/ros2_ws/install/examples_rclpy_minimal_action_client:/home/plague/ros2_ws/install/examples_rclpy_guard_conditions:/home/plague/ros2_ws/install/examples_rclpy_executors:/opt/ros/iron /usr/bin/cmake /home/plague/ros2_ws/src/examples/rclcpp/services/minimal_client -DCMAKE_INSTALL_PREFIX=/home/plague/ros2_ws/install/examples_rclcpp_minimal_client
[1.417s] Invoking command in '/home/plague/ros2_ws/build/examples_rclcpp_minimal_client': CMAKE_PREFIX_PATH=${CMAKE_PREFIX_PATH}:/home/plague/ros2_ws/install/launch_testing_examples:/home/plague/ros2_ws/install/examples_rclpy_pointcloud_publisher:/home/plague/ros2_ws/install/examples_rclpy_minimal_subscriber:/home/plague/ros2_ws/install/examples_rclpy_minimal_service:/home/plague/ros2_ws/install/examples_rclpy_minimal_publisher:/home/plague/ros2_ws/install/examples_rclpy_minimal_client:/home/plague/ros2_ws/install/examples_rclpy_minimal_action_server:/home/plague/ros2_ws/install/examples_rclpy_minimal_action_client:/home/plague/ros2_ws/install/examples_rclpy_guard_conditions:/home/plague/ros2_ws/install/examples_rclpy_executors:/opt/ros/iron /usr/bin/cmake --build /home/plague/ros2_ws/build/examples_rclcpp_minimal_client -- -j8 -l8
[1.464s] [35m[1mConsolidate compiler generated dependencies of target client_main[0m
[1.487s] [100%] Built target client_main
[1.507s] Invoked command in '/home/plague/ros2_ws/build/examples_rclcpp_minimal_client' returned '0': CMAKE_PREFIX_PATH=${CMAKE_PREFIX_PATH}:/home/plague/ros2_ws/install/launch_testing_examples:/home/plague/ros2_ws/install/examples_rclpy_pointcloud_publisher:/home/plague/ros2_ws/install/examples_rclpy_minimal_subscriber:/home/plague/ros2_ws/install/examples_rclpy_minimal_service:/home/plague/ros2_ws/install/examples_rclpy_minimal_publisher:/home/plague/ros2_ws/install/examples_rclpy_minimal_client:/home/plague/ros2_ws/install/examples_rclpy_minimal_action_server:/home/plague/ros2_ws/install/examples_rclpy_minimal_action_client:/home/plague/ros2_ws/install/examples_rclpy_guard_conditions:/home/plague/ros2_ws/install/examples_rclpy_executors:/opt/ros/iron /usr/bin/cmake --build /home/plague/ros2_ws/build/examples_rclcpp_minimal_client -- -j8 -l8
[1.542s] Invoking command in '/home/plague/ros2_ws/build/examples_rclcpp_minimal_client': CMAKE_PREFIX_PATH=${CMAKE_PREFIX_PATH}:/home/plague/ros2_ws/install/launch_testing_examples:/home/plague/ros2_ws/install/examples_rclpy_pointcloud_publisher:/home/plague/ros2_ws/install/examples_rclpy_minimal_subscriber:/home/plague/ros2_ws/install/examples_rclpy_minimal_service:/home/plague/ros2_ws/install/examples_rclpy_minimal_publisher:/home/plague/ros2_ws/install/examples_rclpy_minimal_client:/home/plague/ros2_ws/install/examples_rclpy_minimal_action_server:/home/plague/ros2_ws/install/examples_rclpy_minimal_action_client:/home/plague/ros2_ws/install/examples_rclpy_guard_conditions:/home/plague/ros2_ws/install/examples_rclpy_executors:/opt/ros/iron /usr/bin/cmake --install /home/plague/ros2_ws/build/examples_rclcpp_minimal_client
[1.550s] -- Install configuration: ""
[1.550s] -- Execute custom install script
[1.551s] -- Up-to-date symlink: /home/plague/ros2_ws/install/examples_rclcpp_minimal_client/lib/examples_rclcpp_minimal_client/client_main
[1.551s] -- Up-to-date symlink: /home/plague/ros2_ws/install/examples_rclcpp_minimal_client/share/ament_index/resource_index/package_run_dependencies/examples_rclcpp_minimal_client
[1.551s] -- Up-to-date symlink: /home/plague/ros2_ws/install/examples_rclcpp_minimal_client/share/ament_index/resource_index/parent_prefix_path/examples_rclcpp_minimal_client
[1.551s] -- Up-to-date symlink: /home/plague/ros2_ws/install/examples_rclcpp_minimal_client/share/examples_rclcpp_minimal_client/environment/ament_prefix_path.sh
[1.552s] -- Up-to-date symlink: /home/plague/ros2_ws/install/examples_rclcpp_minimal_client/share/examples_rclcpp_minimal_client/environment/ament_prefix_path.dsv
[1.552s] -- Up-to-date symlink: /home/plague/ros2_ws/install/examples_rclcpp_minimal_client/share/examples_rclcpp_minimal_client/environment/path.sh
[1.552s] -- Up-to-date symlink: /home/plague/ros2_ws/install/examples_rclcpp_minimal_client/share/examples_rclcpp_minimal_client/environment/path.dsv
[1.552s] -- Up-to-date symlink: /home/plague/ros2_ws/install/examples_rclcpp_minimal_client/share/examples_rclcpp_minimal_client/local_setup.bash
[1.552s] -- Up-to-date symlink: /home/plague/ros2_ws/install/examples_rclcpp_minimal_client/share/examples_rclcpp_minimal_client/local_setup.sh
[1.553s] -- Up-to-date symlink: /home/plague/ros2_ws/install/examples_rclcpp_minimal_client/share/examples_rclcpp_minimal_client/local_setup.zsh
[1.553s] -- Up-to-date symlink: /home/plague/ros2_ws/install/examples_rclcpp_minimal_client/share/examples_rclcpp_minimal_client/local_setup.dsv
[1.553s] -- Symlinking: /home/plague/ros2_ws/install/examples_rclcpp_minimal_client/share/examples_rclcpp_minimal_client/package.dsv
[1.563s] -- Up-to-date symlink: /home/plague/ros2_ws/install/examples_rclcpp_minimal_client/share/ament_index/resource_index/packages/examples_rclcpp_minimal_client
[1.564s] -- Up-to-date symlink: /home/plague/ros2_ws/install/examples_rclcpp_minimal_client/share/examples_rclcpp_minimal_client/cmake/examples_rclcpp_minimal_clientConfig.cmake
[1.564s] -- Up-to-date symlink: /home/plague/ros2_ws/install/examples_rclcpp_minimal_client/share/examples_rclcpp_minimal_client/cmake/examples_rclcpp_minimal_clientConfig-version.cmake
[1.564s] -- Up-to-date symlink: /home/plague/ros2_ws/install/examples_rclcpp_minimal_client/share/examples_rclcpp_minimal_client/package.xml
[1.569s] Invoked command in '/home/plague/ros2_ws/build/examples_rclcpp_minimal_client' returned '0': CMAKE_PREFIX_PATH=${CMAKE_PREFIX_PATH}:/home/plague/ros2_ws/install/launch_testing_examples:/home/plague/ros2_ws/install/examples_rclpy_pointcloud_publisher:/home/plague/ros2_ws/install/examples_rclpy_minimal_subscriber:/home/plague/ros2_ws/install/examples_rclpy_minimal_service:/home/plague/ros2_ws/install/examples_rclpy_minimal_publisher:/home/plague/ros2_ws/install/examples_rclpy_minimal_client:/home/plague/ros2_ws/install/examples_rclpy_minimal_action_server:/home/plague/ros2_ws/install/examples_rclpy_minimal_action_client:/home/plague/ros2_ws/install/examples_rclpy_guard_conditions:/home/plague/ros2_ws/install/examples_rclpy_executors:/opt/ros/iron /usr/bin/cmake --install /home/plague/ros2_ws/build/examples_rclcpp_minimal_client
