[0.018s] Invoking command in '/home/plague/ros2_ws/build/examples_rclcpp_wait_set': CMAKE_PREFIX_PATH=/opt/ros/iron /usr/bin/cmake /home/plague/ros2_ws/src/examples/rclcpp/wait_set -DAMENT_CMAKE_SYMLINK_INSTALL=1 -DCMAKE_INSTALL_PREFIX=/home/plague/ros2_ws/install/examples_rclcpp_wait_set
[0.896s] -- The C compiler identification is GNU 11.4.0
[0.897s] -- The CXX compiler identification is GNU 11.4.0
[0.897s] -- Detecting C compiler ABI info
[0.897s] -- Detecting C compiler ABI info - done
[0.897s] -- Check for working C compiler: /usr/bin/cc - skipped
[0.897s] -- Detecting C compile features
[0.897s] -- Detecting C compile features - done
[0.897s] -- Detecting CXX compiler ABI info
[0.897s] -- Detecting CXX compiler ABI info - done
[0.897s] -- Check for working CXX compiler: /usr/bin/c++ - skipped
[0.898s] -- Detecting CXX compile features
[0.898s] -- Detecting CXX compile features - done
[0.898s] -- Found ament_cmake: 2.0.4 (/opt/ros/iron/share/ament_cmake/cmake)
[0.898s] -- Found Python3: /usr/bin/python3.10 (found version "3.10.12") found components: Interpreter 
[0.962s] -- Override CMake install command with custom implementation using symlinks instead of copying resources
[1.004s] -- Found example_interfaces: 0.10.2 (/opt/ros/iron/share/example_interfaces/cmake)
[1.070s] -- Found rosidl_generator_c: 4.0.1 (/opt/ros/iron/share/rosidl_generator_c/cmake)
[1.094s] -- Found rosidl_generator_cpp: 4.0.1 (/opt/ros/iron/share/rosidl_generator_cpp/cmake)
[1.133s] -- Using all available rosidl_typesupport_c: rosidl_typesupport_fastrtps_c;rosidl_typesupport_introspection_c
[1.171s] -- Using all available rosidl_typesupport_cpp: rosidl_typesupport_fastrtps_cpp;rosidl_typesupport_introspection_cpp
[1.821s] -- Found rclcpp: 21.0.5 (/opt/ros/iron/share/rclcpp/cmake)
[2.037s] -- Found rmw_implementation_cmake: 7.1.0 (/opt/ros/iron/share/rmw_implementation_cmake/cmake)
[2.041s] -- Found rmw_fastrtps_cpp: 7.1.3 (/opt/ros/iron/share/rmw_fastrtps_cpp/cmake)
[2.244s] -- Found OpenSSL: /usr/lib/x86_64-linux-gnu/libcrypto.so (found version "3.0.2")  
[2.313s] -- Found FastRTPS: /opt/ros/iron/include  
[2.390s] -- Using RMW implementation 'rmw_fastrtps_cpp' as default
[2.724s] -- Found rclcpp_components: 21.0.5 (/opt/ros/iron/share/rclcpp_components/cmake)
[2.937s] -- Found std_msgs: 5.0.0 (/opt/ros/iron/share/std_msgs/cmake)
[3.020s] -- Found ament_lint_auto: 0.14.3 (/opt/ros/iron/share/ament_lint_auto/cmake)
[3.158s] -- Added test 'copyright' to check source files copyright and LICENSE
[3.161s] -- Added test 'cppcheck' to perform static code analysis on C / C++ code
[3.162s] -- Configured cppcheck include dirs: /home/plague/ros2_ws/src/examples/rclcpp/wait_set/include
[3.163s] -- Configured cppcheck exclude dirs and/or files: 
[3.165s] -- Added test 'cpplint' to check C / C++ code against the Google style
[3.165s] -- Configured cpplint exclude dirs and/or files: 
[3.166s] -- Added test 'lint_cmake' to check CMake code style
[3.168s] -- Added test 'uncrustify' to check C / C++ code style
[3.168s] -- Configured uncrustify additional arguments: 
[3.169s] -- Added test 'xmllint' to check XML markup files
[3.171s] -- Configuring done
[3.250s] -- Generating done
[3.254s] -- Build files have been written to: /home/plague/ros2_ws/build/examples_rclcpp_wait_set
[3.295s] Invoked command in '/home/plague/ros2_ws/build/examples_rclcpp_wait_set' returned '0': CMAKE_PREFIX_PATH=/opt/ros/iron /usr/bin/cmake /home/plague/ros2_ws/src/examples/rclcpp/wait_set -DAMENT_CMAKE_SYMLINK_INSTALL=1 -DCMAKE_INSTALL_PREFIX=/home/plague/ros2_ws/install/examples_rclcpp_wait_set
[3.295s] Invoking command in '/home/plague/ros2_ws/build/examples_rclcpp_wait_set': CMAKE_PREFIX_PATH=/opt/ros/iron /usr/bin/cmake --build /home/plague/ros2_ws/build/examples_rclcpp_wait_set -- -j8 -l8
[3.404s] [  4%] [32mBuilding CXX object CMakeFiles/talker.dir/src/talker.cpp.o[0m
[12.910s] [  8%] [32m[1mLinking CXX shared library libtalker.so[0m
[13.233s] [  8%] Built target talker
[13.264s] [ 12%] [32mBuilding CXX object CMakeFiles/wait_set_topics_and_timer.dir/src/wait_set_topics_and_timer.cpp.o[0m
[20.503s] [ 16%] [32m[1mLinking CXX executable wait_set_topics_and_timer[0m
[20.826s] [ 16%] Built target wait_set_topics_and_timer
[20.841s] [ 20%] [32mBuilding CXX object CMakeFiles/wait_set_random_order.dir/src/wait_set_random_order.cpp.o[0m
[22.853s] [ 29%] [32mBuilding CXX object CMakeFiles/thread_safe_wait_set.dir/src/thread_safe_wait_set.cpp.o[0m
[22.853s] [ 29%] [32mBuilding CXX object CMakeFiles/executor_random_order.dir/src/executor_random_order.cpp.o[0m
[23.876s] [ 33%] [32mBuilding CXX object CMakeFiles/static_wait_set.dir/src/static_wait_set.cpp.o[0m
[24.988s] [ 37%] [32mBuilding CXX object CMakeFiles/wait_set.dir/src/wait_set.cpp.o[0m
[25.034s] [ 41%] [32mBuilding CXX object CMakeFiles/wait_set_listener.dir/rclcpp_components/node_main_wait_set_listener.cpp.o[0m
[26.138s] [ 45%] [32mBuilding CXX object CMakeFiles/listener.dir/src/listener.cpp.o[0m
[27.217s] [ 50%] [32mBuilding CXX object CMakeFiles/wait_set_talker.dir/rclcpp_components/node_main_wait_set_talker.cpp.o[0m
[39.314s] [ 54%] [32m[1mLinking CXX executable wait_set_listener[0m
[40.021s] [ 54%] Built target wait_set_listener
[40.605s] [ 58%] [32m[1mLinking CXX executable wait_set_random_order[0m
[41.378s] [ 62%] [32m[1mLinking CXX executable wait_set_talker[0m
[41.953s] [ 62%] Built target wait_set_talker
[42.336s] [ 62%] Built target wait_set_random_order
[44.796s] [ 66%] [32m[1mLinking CXX executable executor_random_order[0m
[45.826s] [ 66%] Built target executor_random_order
[46.950s] [ 70%] [32m[1mLinking CXX executable static_wait_set[0m
[47.573s] [ 75%] [32m[1mLinking CXX executable thread_safe_wait_set[0m
[48.304s] [ 75%] Built target static_wait_set
[48.723s] [ 75%] Built target thread_safe_wait_set
[49.927s] [ 79%] [32m[1mLinking CXX executable wait_set[0m
[50.361s] [ 79%] Built target wait_set
[50.372s] [ 83%] [32m[1mLinking CXX shared library liblistener.so[0m
[50.725s] [ 83%] Built target listener
[50.747s] [ 87%] [32mBuilding CXX object CMakeFiles/wait_set_topics_with_different_rates.dir/src/wait_set_topics_with_different_rates.cpp.o[0m
[57.482s] [ 91%] [32m[1mLinking CXX executable wait_set_topics_with_different_rates[0m
[57.837s] [ 91%] Built target wait_set_topics_with_different_rates
[57.855s] [ 95%] [32mBuilding CXX object CMakeFiles/wait_set_composed.dir/src/wait_set_composed.cpp.o[0m
[60.720s] [100%] [32m[1mLinking CXX executable wait_set_composed[0m
[60.884s] [100%] Built target wait_set_composed
[60.908s] Invoked command in '/home/plague/ros2_ws/build/examples_rclcpp_wait_set' returned '0': CMAKE_PREFIX_PATH=/opt/ros/iron /usr/bin/cmake --build /home/plague/ros2_ws/build/examples_rclcpp_wait_set -- -j8 -l8
[60.954s] Invoking command in '/home/plague/ros2_ws/build/examples_rclcpp_wait_set': CMAKE_PREFIX_PATH=/opt/ros/iron /usr/bin/cmake --install /home/plague/ros2_ws/build/examples_rclcpp_wait_set
[60.959s] -- Install configuration: ""
[60.960s] -- Execute custom install script
[60.960s] -- Symlinking: /home/plague/ros2_ws/install/examples_rclcpp_wait_set/lib/examples_rclcpp_wait_set/wait_set_talker
[60.968s] -- Symlinking: /home/plague/ros2_ws/install/examples_rclcpp_wait_set/lib/examples_rclcpp_wait_set/wait_set_listener
[60.974s] -- Symlinking: /home/plague/ros2_ws/install/examples_rclcpp_wait_set/lib/libtalker.so
[60.982s] -- Symlinking: /home/plague/ros2_ws/install/examples_rclcpp_wait_set/lib/liblistener.so
[60.988s] -- Symlinking: /home/plague/ros2_ws/install/examples_rclcpp_wait_set/lib/examples_rclcpp_wait_set/wait_set
[60.994s] -- Symlinking: /home/plague/ros2_ws/install/examples_rclcpp_wait_set/lib/examples_rclcpp_wait_set/static_wait_set
[61.000s] -- Symlinking: /home/plague/ros2_ws/install/examples_rclcpp_wait_set/lib/examples_rclcpp_wait_set/thread_safe_wait_set
[61.007s] -- Symlinking: /home/plague/ros2_ws/install/examples_rclcpp_wait_set/lib/examples_rclcpp_wait_set/wait_set_topics_and_timer
[61.012s] -- Symlinking: /home/plague/ros2_ws/install/examples_rclcpp_wait_set/lib/examples_rclcpp_wait_set/wait_set_random_order
[61.018s] -- Symlinking: /home/plague/ros2_ws/install/examples_rclcpp_wait_set/lib/examples_rclcpp_wait_set/executor_random_order
[61.024s] -- Symlinking: /home/plague/ros2_ws/install/examples_rclcpp_wait_set/lib/examples_rclcpp_wait_set/wait_set_topics_with_different_rates
[61.030s] -- Symlinking: /home/plague/ros2_ws/install/examples_rclcpp_wait_set/lib/examples_rclcpp_wait_set/wait_set_composed
[61.036s] -- Symlinking: /home/plague/ros2_ws/install/examples_rclcpp_wait_set/share/ament_index/resource_index/package_run_dependencies/examples_rclcpp_wait_set
[61.042s] -- Symlinking: /home/plague/ros2_ws/install/examples_rclcpp_wait_set/share/ament_index/resource_index/parent_prefix_path/examples_rclcpp_wait_set
[61.049s] -- Symlinking: /home/plague/ros2_ws/install/examples_rclcpp_wait_set/share/examples_rclcpp_wait_set/environment/ament_prefix_path.sh
[61.055s] -- Symlinking: /home/plague/ros2_ws/install/examples_rclcpp_wait_set/share/examples_rclcpp_wait_set/environment/ament_prefix_path.dsv
[61.061s] -- Symlinking: /home/plague/ros2_ws/install/examples_rclcpp_wait_set/share/examples_rclcpp_wait_set/environment/path.sh
[61.067s] -- Symlinking: /home/plague/ros2_ws/install/examples_rclcpp_wait_set/share/examples_rclcpp_wait_set/environment/path.dsv
[61.074s] -- Symlinking: /home/plague/ros2_ws/install/examples_rclcpp_wait_set/share/examples_rclcpp_wait_set/local_setup.bash
[61.081s] -- Symlinking: /home/plague/ros2_ws/install/examples_rclcpp_wait_set/share/examples_rclcpp_wait_set/local_setup.sh
[61.087s] -- Symlinking: /home/plague/ros2_ws/install/examples_rclcpp_wait_set/share/examples_rclcpp_wait_set/local_setup.zsh
[61.093s] -- Symlinking: /home/plague/ros2_ws/install/examples_rclcpp_wait_set/share/examples_rclcpp_wait_set/local_setup.dsv
[61.100s] -- Symlinking: /home/plague/ros2_ws/install/examples_rclcpp_wait_set/share/examples_rclcpp_wait_set/package.dsv
[61.106s] -- Symlinking: /home/plague/ros2_ws/install/examples_rclcpp_wait_set/share/ament_index/resource_index/packages/examples_rclcpp_wait_set
[61.112s] -- Symlinking: /home/plague/ros2_ws/install/examples_rclcpp_wait_set/share/ament_index/resource_index/rclcpp_components/examples_rclcpp_wait_set
[61.119s] -- Symlinking: /home/plague/ros2_ws/install/examples_rclcpp_wait_set/share/examples_rclcpp_wait_set/cmake/examples_rclcpp_wait_setConfig.cmake
[61.125s] -- Symlinking: /home/plague/ros2_ws/install/examples_rclcpp_wait_set/share/examples_rclcpp_wait_set/cmake/examples_rclcpp_wait_setConfig-version.cmake
[61.131s] -- Symlinking: /home/plague/ros2_ws/install/examples_rclcpp_wait_set/share/examples_rclcpp_wait_set/package.xml
[61.139s] Invoked command in '/home/plague/ros2_ws/build/examples_rclcpp_wait_set' returned '0': CMAKE_PREFIX_PATH=/opt/ros/iron /usr/bin/cmake --install /home/plague/ros2_ws/build/examples_rclcpp_wait_set
