[0.410s] Invoking command in '/home/plague/ros2_ws/src/py_srvcli': PYTHONPATH=/home/plague/ros2_ws/build/py_srvcli/prefix_override:/home/plague/ros2_ws/install/py_srvcli/lib/python3.10/site-packages:${PYTHONPATH} /usr/bin/python3 -W ignore:setup.py install is deprecated setup.py egg_info --egg-base ../../build/py_srvcli build --build-base /home/plague/ros2_ws/build/py_srvcli/build install --record /home/plague/ros2_ws/build/py_srvcli/install.log --single-version-externally-managed install_data
[0.569s] running egg_info
[0.569s] creating ../../build/py_srvcli/py_srvcli.egg-info
[0.569s] writing ../../build/py_srvcli/py_srvcli.egg-info/PKG-INFO
[0.569s] writing dependency_links to ../../build/py_srvcli/py_srvcli.egg-info/dependency_links.txt
[0.569s] writing entry points to ../../build/py_srvcli/py_srvcli.egg-info/entry_points.txt
[0.569s] writing requirements to ../../build/py_srvcli/py_srvcli.egg-info/requires.txt
[0.570s] writing top-level names to ../../build/py_srvcli/py_srvcli.egg-info/top_level.txt
[0.570s] writing manifest file '../../build/py_srvcli/py_srvcli.egg-info/SOURCES.txt'
[0.571s] reading manifest file '../../build/py_srvcli/py_srvcli.egg-info/SOURCES.txt'
[0.572s] adding license file 'LICENSE'
[0.572s] writing manifest file '../../build/py_srvcli/py_srvcli.egg-info/SOURCES.txt'
[0.572s] running build
[0.572s] running build_py
[0.572s] creating /home/plague/ros2_ws/build/py_srvcli/build
[0.573s] creating /home/plague/ros2_ws/build/py_srvcli/build/lib
[0.573s] creating /home/plague/ros2_ws/build/py_srvcli/build/lib/py_srvcli
[0.573s] copying py_srvcli/__init__.py -> /home/plague/ros2_ws/build/py_srvcli/build/lib/py_srvcli
[0.573s] copying py_srvcli/client_member_function.py -> /home/plague/ros2_ws/build/py_srvcli/build/lib/py_srvcli
[0.573s] copying py_srvcli/service_member_function.py -> /home/plague/ros2_ws/build/py_srvcli/build/lib/py_srvcli
[0.573s] running install
[0.573s] running install_lib
[0.574s] creating /home/plague/ros2_ws/install/py_srvcli/lib/python3.10/site-packages/py_srvcli
[0.574s] copying /home/plague/ros2_ws/build/py_srvcli/build/lib/py_srvcli/__init__.py -> /home/plague/ros2_ws/install/py_srvcli/lib/python3.10/site-packages/py_srvcli
[0.574s] copying /home/plague/ros2_ws/build/py_srvcli/build/lib/py_srvcli/client_member_function.py -> /home/plague/ros2_ws/install/py_srvcli/lib/python3.10/site-packages/py_srvcli
[0.574s] copying /home/plague/ros2_ws/build/py_srvcli/build/lib/py_srvcli/service_member_function.py -> /home/plague/ros2_ws/install/py_srvcli/lib/python3.10/site-packages/py_srvcli
[0.575s] byte-compiling /home/plague/ros2_ws/install/py_srvcli/lib/python3.10/site-packages/py_srvcli/__init__.py to __init__.cpython-310.pyc
[0.575s] byte-compiling /home/plague/ros2_ws/install/py_srvcli/lib/python3.10/site-packages/py_srvcli/client_member_function.py to client_member_function.cpython-310.pyc
[0.575s] byte-compiling /home/plague/ros2_ws/install/py_srvcli/lib/python3.10/site-packages/py_srvcli/service_member_function.py to service_member_function.cpython-310.pyc
[0.576s] running install_data
[0.576s] creating /home/plague/ros2_ws/install/py_srvcli/share/ament_index
[0.576s] creating /home/plague/ros2_ws/install/py_srvcli/share/ament_index/resource_index
[0.576s] creating /home/plague/ros2_ws/install/py_srvcli/share/ament_index/resource_index/packages
[0.576s] copying resource/py_srvcli -> /home/plague/ros2_ws/install/py_srvcli/share/ament_index/resource_index/packages
[0.576s] copying package.xml -> /home/plague/ros2_ws/install/py_srvcli/share/py_srvcli
[0.576s] running install_egg_info
[0.578s] Copying ../../build/py_srvcli/py_srvcli.egg-info to /home/plague/ros2_ws/install/py_srvcli/lib/python3.10/site-packages/py_srvcli-0.0.0-py3.10.egg-info
[0.579s] running install_scripts
[0.594s] Installing client script to /home/plague/ros2_ws/install/py_srvcli/lib/py_srvcli
[0.594s] Installing service script to /home/plague/ros2_ws/install/py_srvcli/lib/py_srvcli
[0.595s] writing list of installed files to '/home/plague/ros2_ws/build/py_srvcli/install.log'
[0.613s] Invoked command in '/home/plague/ros2_ws/src/py_srvcli' returned '0': PYTHONPATH=/home/plague/ros2_ws/build/py_srvcli/prefix_override:/home/plague/ros2_ws/install/py_srvcli/lib/python3.10/site-packages:${PYTHONPATH} /usr/bin/python3 -W ignore:setup.py install is deprecated setup.py egg_info --egg-base ../../build/py_srvcli build --build-base /home/plague/ros2_ws/build/py_srvcli/build install --record /home/plague/ros2_ws/build/py_srvcli/install.log --single-version-externally-managed install_data
