[0.436s] Invoking command in '/home/plague/ros2_ws/src/design_challenge': PYTHONPATH=/home/plague/ros2_ws/build/design_challenge/prefix_override:/usr/lib/python3/dist-packages/colcon_core/task/python/colcon_distutils_commands:/home/plague/ros2_ws/install/design_challenge/lib/python3.10/site-packages:${PYTHONPATH} /usr/bin/python3 -W ignore:setup.py install is deprecated -W ignore:easy_install command is deprecated setup.py egg_info --egg-base ../../build/design_challenge build --build-base /home/plague/ros2_ws/build/design_challenge/build install --record /home/plague/ros2_ws/build/design_challenge/install.log --single-version-externally-managed install_data
[0.600s] running egg_info
[0.601s] writing ../../build/design_challenge/design_challenge.egg-info/PKG-INFO
[0.601s] writing dependency_links to ../../build/design_challenge/design_challenge.egg-info/dependency_links.txt
[0.601s] writing entry points to ../../build/design_challenge/design_challenge.egg-info/entry_points.txt
[0.601s] writing requirements to ../../build/design_challenge/design_challenge.egg-info/requires.txt
[0.601s] writing top-level names to ../../build/design_challenge/design_challenge.egg-info/top_level.txt
[0.602s] reading manifest file '../../build/design_challenge/design_challenge.egg-info/SOURCES.txt'
[0.604s] writing manifest file '../../build/design_challenge/design_challenge.egg-info/SOURCES.txt'
[0.604s] running build
[0.604s] running build_py
[0.604s] copying design_challenge/motor_model.py -> /home/plague/ros2_ws/build/design_challenge/build/lib/design_challenge
[0.604s] running install
[0.604s] running install_lib
[0.605s] copying /home/plague/ros2_ws/build/design_challenge/build/lib/design_challenge/motor_model.py -> /home/plague/ros2_ws/install/design_challenge/lib/python3.10/site-packages/design_challenge
[0.605s] byte-compiling /home/plague/ros2_ws/install/design_challenge/lib/python3.10/site-packages/design_challenge/motor_model.py to motor_model.cpython-310.pyc
[0.606s] running install_data
[0.606s] running install_egg_info
[0.608s] removing '/home/plague/ros2_ws/install/design_challenge/lib/python3.10/site-packages/design_challenge-0.0.0-py3.10.egg-info' (and everything under it)
[0.608s] Copying ../../build/design_challenge/design_challenge.egg-info to /home/plague/ros2_ws/install/design_challenge/lib/python3.10/site-packages/design_challenge-0.0.0-py3.10.egg-info
[0.608s] running install_scripts
[0.627s] Installing motor_model script to /home/plague/ros2_ws/install/design_challenge/lib/design_challenge
[0.627s] writing list of installed files to '/home/plague/ros2_ws/build/design_challenge/install.log'
[0.648s] Invoked command in '/home/plague/ros2_ws/src/design_challenge' returned '0': PYTHONPATH=/home/plague/ros2_ws/build/design_challenge/prefix_override:/usr/lib/python3/dist-packages/colcon_core/task/python/colcon_distutils_commands:/home/plague/ros2_ws/install/design_challenge/lib/python3.10/site-packages:${PYTHONPATH} /usr/bin/python3 -W ignore:setup.py install is deprecated -W ignore:easy_install command is deprecated setup.py egg_info --egg-base ../../build/design_challenge build --build-base /home/plague/ros2_ws/build/design_challenge/build install --record /home/plague/ros2_ws/build/design_challenge/install.log --single-version-externally-managed install_data
