[1.191s] Invoking command in '/home/plague/ros2_ws/src/examples/rclpy/executors': PYTHONPATH=/home/plague/ros2_ws/build/examples_rclpy_executors/prefix_override:/home/plague/ros2_ws/install/examples_rclpy_executors/lib/python3.10/site-packages:${PYTHONPATH} /usr/bin/python3 -W ignore:setup.py install is deprecated setup.py egg_info --egg-base ../../../../build/examples_rclpy_executors build --build-base /home/plague/ros2_ws/build/examples_rclpy_executors/build install --record /home/plague/ros2_ws/build/examples_rclpy_executors/install.log --single-version-externally-managed install_data
[1.401s] running egg_info
[1.401s] writing ../../../../build/examples_rclpy_executors/examples_rclpy_executors.egg-info/PKG-INFO
[1.401s] writing dependency_links to ../../../../build/examples_rclpy_executors/examples_rclpy_executors.egg-info/dependency_links.txt
[1.402s] writing entry points to ../../../../build/examples_rclpy_executors/examples_rclpy_executors.egg-info/entry_points.txt
[1.402s] writing requirements to ../../../../build/examples_rclpy_executors/examples_rclpy_executors.egg-info/requires.txt
[1.402s] writing top-level names to ../../../../build/examples_rclpy_executors/examples_rclpy_executors.egg-info/top_level.txt
[1.403s] reading manifest file '../../../../build/examples_rclpy_executors/examples_rclpy_executors.egg-info/SOURCES.txt'
[1.404s] writing manifest file '../../../../build/examples_rclpy_executors/examples_rclpy_executors.egg-info/SOURCES.txt'
[1.404s] running build
[1.404s] running build_py
[1.405s] running install
[1.405s] running install_lib
[1.406s] running install_data
[1.406s] running install_egg_info
[1.408s] removing '/home/plague/ros2_ws/install/examples_rclpy_executors/lib/python3.10/site-packages/examples_rclpy_executors-0.18.0-py3.10.egg-info' (and everything under it)
[1.408s] Copying ../../../../build/examples_rclpy_executors/examples_rclpy_executors.egg-info to /home/plague/ros2_ws/install/examples_rclpy_executors/lib/python3.10/site-packages/examples_rclpy_executors-0.18.0-py3.10.egg-info
[1.408s] running install_scripts
[1.428s] Installing callback_group script to /home/plague/ros2_ws/install/examples_rclpy_executors/lib/examples_rclpy_executors
[1.429s] Installing composed script to /home/plague/ros2_ws/install/examples_rclpy_executors/lib/examples_rclpy_executors
[1.429s] Installing custom_callback_group script to /home/plague/ros2_ws/install/examples_rclpy_executors/lib/examples_rclpy_executors
[1.429s] Installing custom_executor script to /home/plague/ros2_ws/install/examples_rclpy_executors/lib/examples_rclpy_executors
[1.429s] Installing listener script to /home/plague/ros2_ws/install/examples_rclpy_executors/lib/examples_rclpy_executors
[1.429s] Installing talker script to /home/plague/ros2_ws/install/examples_rclpy_executors/lib/examples_rclpy_executors
[1.429s] writing list of installed files to '/home/plague/ros2_ws/build/examples_rclpy_executors/install.log'
[1.482s] Invoked command in '/home/plague/ros2_ws/src/examples/rclpy/executors' returned '0': PYTHONPATH=/home/plague/ros2_ws/build/examples_rclpy_executors/prefix_override:/home/plague/ros2_ws/install/examples_rclpy_executors/lib/python3.10/site-packages:${PYTHONPATH} /usr/bin/python3 -W ignore:setup.py install is deprecated setup.py egg_info --egg-base ../../../../build/examples_rclpy_executors build --build-base /home/plague/ros2_ws/build/examples_rclpy_executors/build install --record /home/plague/ros2_ws/build/examples_rclpy_executors/install.log --single-version-externally-managed install_data
