[0.019s] Invoking command in '/home/plague/ros2_ws/build/examples_rclcpp_minimal_service': CMAKE_PREFIX_PATH=/opt/ros/iron /usr/bin/cmake /home/plague/ros2_ws/src/examples/rclcpp/services/minimal_service -DAMENT_CMAKE_SYMLINK_INSTALL=1 -DCMAKE_INSTALL_PREFIX=/home/plague/ros2_ws/install/examples_rclcpp_minimal_service
[1.934s] -- The C compiler identification is GNU 11.4.0
[1.934s] -- The CXX compiler identification is GNU 11.4.0
[1.934s] -- Detecting C compiler ABI info
[1.934s] -- Detecting C compiler ABI info - done
[1.934s] -- Check for working C compiler: /usr/bin/cc - skipped
[1.934s] -- Detecting C compile features
[1.934s] -- Detecting C compile features - done
[1.934s] -- Detecting CXX compiler ABI info
[1.934s] -- Detecting CXX compiler ABI info - done
[1.934s] -- Check for working CXX compiler: /usr/bin/c++ - skipped
[1.935s] -- Detecting CXX compile features
[1.935s] -- Detecting CXX compile features - done
[1.935s] -- Found ament_cmake: 2.0.4 (/opt/ros/iron/share/ament_cmake/cmake)
[1.935s] -- Found Python3: /usr/bin/python3.10 (found version "3.10.12") found components: Interpreter 
[1.935s] -- Override CMake install command with custom implementation using symlinks instead of copying resources
[1.935s] -- Found example_interfaces: 0.10.2 (/opt/ros/iron/share/example_interfaces/cmake)
[1.935s] -- Found rosidl_generator_c: 4.0.1 (/opt/ros/iron/share/rosidl_generator_c/cmake)
[1.935s] -- Found rosidl_generator_cpp: 4.0.1 (/opt/ros/iron/share/rosidl_generator_cpp/cmake)
[1.935s] -- Using all available rosidl_typesupport_c: rosidl_typesupport_fastrtps_c;rosidl_typesupport_introspection_c
[1.935s] -- Using all available rosidl_typesupport_cpp: rosidl_typesupport_fastrtps_cpp;rosidl_typesupport_introspection_cpp
[1.935s] -- Found rclcpp: 21.0.5 (/opt/ros/iron/share/rclcpp/cmake)
[1.935s] -- Found rmw_implementation_cmake: 7.1.0 (/opt/ros/iron/share/rmw_implementation_cmake/cmake)
[1.935s] -- Found rmw_fastrtps_cpp: 7.1.3 (/opt/ros/iron/share/rmw_fastrtps_cpp/cmake)
[1.935s] -- Found OpenSSL: /usr/lib/x86_64-linux-gnu/libcrypto.so (found version "3.0.2")  
[1.936s] -- Found FastRTPS: /opt/ros/iron/include  
[1.936s] -- Using RMW implementation 'rmw_fastrtps_cpp' as default
[1.979s] -- Found ament_lint_auto: 0.14.3 (/opt/ros/iron/share/ament_lint_auto/cmake)
[2.140s] -- Added test 'copyright' to check source files copyright and LICENSE
[2.141s] -- Added test 'cppcheck' to perform static code analysis on C / C++ code
[2.142s] -- Configured cppcheck include dirs: 
[2.142s] -- Configured cppcheck exclude dirs and/or files: 
[2.144s] -- Added test 'cpplint' to check C / C++ code against the Google style
[2.144s] -- Configured cpplint exclude dirs and/or files: 
[2.147s] -- Added test 'lint_cmake' to check CMake code style
[2.148s] -- Added test 'uncrustify' to check C / C++ code style
[2.149s] -- Configured uncrustify additional arguments: 
[2.155s] -- Added test 'xmllint' to check XML markup files
[2.166s] -- Configuring done
[2.203s] -- Generating done
[2.205s] -- Build files have been written to: /home/plague/ros2_ws/build/examples_rclcpp_minimal_service
[2.249s] Invoked command in '/home/plague/ros2_ws/build/examples_rclcpp_minimal_service' returned '0': CMAKE_PREFIX_PATH=/opt/ros/iron /usr/bin/cmake /home/plague/ros2_ws/src/examples/rclcpp/services/minimal_service -DAMENT_CMAKE_SYMLINK_INSTALL=1 -DCMAKE_INSTALL_PREFIX=/home/plague/ros2_ws/install/examples_rclcpp_minimal_service
[2.249s] Invoking command in '/home/plague/ros2_ws/build/examples_rclcpp_minimal_service': CMAKE_PREFIX_PATH=/opt/ros/iron /usr/bin/cmake --build /home/plague/ros2_ws/build/examples_rclcpp_minimal_service -- -j8 -l8
[2.516s] [ 50%] [32mBuilding CXX object CMakeFiles/service_main.dir/main.cpp.o[0m
[25.504s] [100%] [32m[1mLinking CXX executable service_main[0m
[25.772s] [100%] Built target service_main
[25.941s] Invoked command in '/home/plague/ros2_ws/build/examples_rclcpp_minimal_service' returned '0': CMAKE_PREFIX_PATH=/opt/ros/iron /usr/bin/cmake --build /home/plague/ros2_ws/build/examples_rclcpp_minimal_service -- -j8 -l8
[26.123s] Invoking command in '/home/plague/ros2_ws/build/examples_rclcpp_minimal_service': CMAKE_PREFIX_PATH=/opt/ros/iron /usr/bin/cmake --install /home/plague/ros2_ws/build/examples_rclcpp_minimal_service
[32.474s] -- Install configuration: ""
[32.474s] -- Execute custom install script
[32.474s] -- Symlinking: /home/plague/ros2_ws/install/examples_rclcpp_minimal_service/lib/examples_rclcpp_minimal_service/service_main
[32.474s] -- Symlinking: /home/plague/ros2_ws/install/examples_rclcpp_minimal_service/share/ament_index/resource_index/package_run_dependencies/examples_rclcpp_minimal_service
[32.474s] -- Symlinking: /home/plague/ros2_ws/install/examples_rclcpp_minimal_service/share/ament_index/resource_index/parent_prefix_path/examples_rclcpp_minimal_service
[32.474s] -- Symlinking: /home/plague/ros2_ws/install/examples_rclcpp_minimal_service/share/examples_rclcpp_minimal_service/environment/ament_prefix_path.sh
[32.474s] -- Symlinking: /home/plague/ros2_ws/install/examples_rclcpp_minimal_service/share/examples_rclcpp_minimal_service/environment/ament_prefix_path.dsv
[32.474s] -- Symlinking: /home/plague/ros2_ws/install/examples_rclcpp_minimal_service/share/examples_rclcpp_minimal_service/environment/path.sh
[32.474s] -- Symlinking: /home/plague/ros2_ws/install/examples_rclcpp_minimal_service/share/examples_rclcpp_minimal_service/environment/path.dsv
[32.474s] -- Symlinking: /home/plague/ros2_ws/install/examples_rclcpp_minimal_service/share/examples_rclcpp_minimal_service/local_setup.bash
[32.474s] -- Symlinking: /home/plague/ros2_ws/install/examples_rclcpp_minimal_service/share/examples_rclcpp_minimal_service/local_setup.sh
[32.474s] -- Symlinking: /home/plague/ros2_ws/install/examples_rclcpp_minimal_service/share/examples_rclcpp_minimal_service/local_setup.zsh
[32.474s] -- Symlinking: /home/plague/ros2_ws/install/examples_rclcpp_minimal_service/share/examples_rclcpp_minimal_service/local_setup.dsv
[32.475s] -- Symlinking: /home/plague/ros2_ws/install/examples_rclcpp_minimal_service/share/examples_rclcpp_minimal_service/package.dsv
[32.475s] -- Symlinking: /home/plague/ros2_ws/install/examples_rclcpp_minimal_service/share/ament_index/resource_index/packages/examples_rclcpp_minimal_service
[32.475s] -- Symlinking: /home/plague/ros2_ws/install/examples_rclcpp_minimal_service/share/examples_rclcpp_minimal_service/cmake/examples_rclcpp_minimal_serviceConfig.cmake
[32.475s] -- Symlinking: /home/plague/ros2_ws/install/examples_rclcpp_minimal_service/share/examples_rclcpp_minimal_service/cmake/examples_rclcpp_minimal_serviceConfig-version.cmake
[32.475s] -- Symlinking: /home/plague/ros2_ws/install/examples_rclcpp_minimal_service/share/examples_rclcpp_minimal_service/package.xml
[32.509s] Invoked command in '/home/plague/ros2_ws/build/examples_rclcpp_minimal_service' returned '0': CMAKE_PREFIX_PATH=/opt/ros/iron /usr/bin/cmake --install /home/plague/ros2_ws/build/examples_rclcpp_minimal_service
