[1.718s] Invoking command in '/home/plague/ros2_ws/src/design_challenge': PYTHONPATH=/home/plague/ros2_ws/build/design_challenge/prefix_override:/usr/lib/python3/dist-packages/colcon_core/task/python/colcon_distutils_commands:/home/plague/ros2_ws/install/design_challenge/lib/python3.10/site-packages:${PYTHONPATH} /usr/bin/python3 -W ignore:setup.py install is deprecated -W ignore:easy_install command is deprecated setup.py egg_info --egg-base ../../build/design_challenge build --build-base /home/plague/ros2_ws/build/design_challenge/build install --record /home/plague/ros2_ws/build/design_challenge/install.log --single-version-externally-managed install_data
[2.297s] running egg_info
[2.299s] writing ../../build/design_challenge/design_challenge.egg-info/PKG-INFO
[2.299s] writing dependency_links to ../../build/design_challenge/design_challenge.egg-info/dependency_links.txt
[2.300s] writing entry points to ../../build/design_challenge/design_challenge.egg-info/entry_points.txt
[2.300s] writing requirements to ../../build/design_challenge/design_challenge.egg-info/requires.txt
[2.300s] writing top-level names to ../../build/design_challenge/design_challenge.egg-info/top_level.txt
[2.304s] reading manifest file '../../build/design_challenge/design_challenge.egg-info/SOURCES.txt'
[2.306s] writing manifest file '../../build/design_challenge/design_challenge.egg-info/SOURCES.txt'
[2.307s] running build
[2.307s] running build_py
[2.307s] copying design_challenge/wind_speed.py -> /home/plague/ros2_ws/build/design_challenge/build/lib/design_challenge
[2.308s] running install
[2.309s] running install_lib
[2.310s] copying /home/plague/ros2_ws/build/design_challenge/build/lib/design_challenge/wind_speed.py -> /home/plague/ros2_ws/install/design_challenge/lib/python3.10/site-packages/design_challenge
[2.312s] byte-compiling /home/plague/ros2_ws/install/design_challenge/lib/python3.10/site-packages/design_challenge/wind_speed.py to wind_speed.cpython-310.pyc
[2.313s] running install_data
[2.313s] running install_egg_info
[2.318s] removing '/home/plague/ros2_ws/install/design_challenge/lib/python3.10/site-packages/design_challenge-0.0.0-py3.10.egg-info' (and everything under it)
[2.319s] Copying ../../build/design_challenge/design_challenge.egg-info to /home/plague/ros2_ws/install/design_challenge/lib/python3.10/site-packages/design_challenge-0.0.0-py3.10.egg-info
[2.321s] running install_scripts
[2.375s] Installing controller script to /home/plague/ros2_ws/install/design_challenge/lib/design_challenge
[2.375s] Installing motor_model script to /home/plague/ros2_ws/install/design_challenge/lib/design_challenge
[2.375s] Installing wind_speed script to /home/plague/ros2_ws/install/design_challenge/lib/design_challenge
[2.376s] writing list of installed files to '/home/plague/ros2_ws/build/design_challenge/install.log'
[2.429s] Invoked command in '/home/plague/ros2_ws/src/design_challenge' returned '0': PYTHONPATH=/home/plague/ros2_ws/build/design_challenge/prefix_override:/usr/lib/python3/dist-packages/colcon_core/task/python/colcon_distutils_commands:/home/plague/ros2_ws/install/design_challenge/lib/python3.10/site-packages:${PYTHONPATH} /usr/bin/python3 -W ignore:setup.py install is deprecated -W ignore:easy_install command is deprecated setup.py egg_info --egg-base ../../build/design_challenge build --build-base /home/plague/ros2_ws/build/design_challenge/build install --record /home/plague/ros2_ws/build/design_challenge/install.log --single-version-externally-managed install_data
