/home/plague/ros2_ws/install/design_challenge/lib/python3.10/site-packages/design_challenge/motor_model.py
/home/plague/ros2_ws/install/design_challenge/lib/python3.10/site-packages/design_challenge/wind_speed.py
/home/plague/ros2_ws/install/design_challenge/lib/python3.10/site-packages/design_challenge/controller.py
/home/plague/ros2_ws/install/design_challenge/lib/python3.10/site-packages/design_challenge/__init__.py
/home/plague/ros2_ws/install/design_challenge/lib/python3.10/site-packages/design_challenge/__pycache__/motor_model.cpython-310.pyc
/home/plague/ros2_ws/install/design_challenge/lib/python3.10/site-packages/design_challenge/__pycache__/wind_speed.cpython-310.pyc
/home/plague/ros2_ws/install/design_challenge/lib/python3.10/site-packages/design_challenge/__pycache__/controller.cpython-310.pyc
/home/plague/ros2_ws/install/design_challenge/lib/python3.10/site-packages/design_challenge/__pycache__/__init__.cpython-310.pyc
/home/plague/ros2_ws/install/design_challenge/share/ament_index/resource_index/packages/design_challenge
/home/plague/ros2_ws/install/design_challenge/share/design_challenge/package.xml
/home/plague/ros2_ws/install/design_challenge/lib/python3.10/site-packages/design_challenge-0.0.0-py3.10.egg-info/zip-safe
/home/plague/ros2_ws/install/design_challenge/lib/python3.10/site-packages/design_challenge-0.0.0-py3.10.egg-info/top_level.txt
/home/plague/ros2_ws/install/design_challenge/lib/python3.10/site-packages/design_challenge-0.0.0-py3.10.egg-info/dependency_links.txt
/home/plague/ros2_ws/install/design_challenge/lib/python3.10/site-packages/design_challenge-0.0.0-py3.10.egg-info/requires.txt
/home/plague/ros2_ws/install/design_challenge/lib/python3.10/site-packages/design_challenge-0.0.0-py3.10.egg-info/entry_points.txt
/home/plague/ros2_ws/install/design_challenge/lib/python3.10/site-packages/design_challenge-0.0.0-py3.10.egg-info/SOURCES.txt
/home/plague/ros2_ws/install/design_challenge/lib/python3.10/site-packages/design_challenge-0.0.0-py3.10.egg-info/PKG-INFO
/home/plague/ros2_ws/install/design_challenge/lib/design_challenge/controller
/home/plague/ros2_ws/install/design_challenge/lib/design_challenge/motor_model
/home/plague/ros2_ws/install/design_challenge/lib/design_challenge/wind_speed
