[0.383s] Invoking command in '/home/plague/ros2_ws/build/my_package': CMAKE_PREFIX_PATH=${CMAKE_PREFIX_PATH}:/home/plague/ros2_ws/install/launch_testing_examples:/home/plague/ros2_ws/install/examples_rclpy_pointcloud_publisher:/home/plague/ros2_ws/install/examples_rclpy_minimal_subscriber:/home/plague/ros2_ws/install/examples_rclpy_minimal_service:/home/plague/ros2_ws/install/examples_rclpy_minimal_publisher:/home/plague/ros2_ws/install/examples_rclpy_minimal_client:/home/plague/ros2_ws/install/examples_rclpy_minimal_action_server:/home/plague/ros2_ws/install/examples_rclpy_minimal_action_client:/home/plague/ros2_ws/install/examples_rclpy_guard_conditions:/home/plague/ros2_ws/install/examples_rclpy_executors:/opt/ros/iron /usr/bin/cmake /home/plague/ros2_ws/src/my_package -DCMAKE_INSTALL_PREFIX=/home/plague/ros2_ws/install/my_package
[0.448s] -- The C compiler identification is GNU 11.4.0
[0.545s] -- The CXX compiler identification is GNU 11.4.0
[0.561s] -- Detecting C compiler ABI info
[0.781s] -- Detecting C compiler ABI info - done
[0.791s] -- Check for working C compiler: /usr/bin/cc - skipped
[0.791s] -- Detecting C compile features
[0.792s] -- Detecting C compile features - done
[0.805s] -- Detecting CXX compiler ABI info
[0.937s] -- Detecting CXX compiler ABI info - done
[0.951s] -- Check for working CXX compiler: /usr/bin/c++ - skipped
[0.952s] -- Detecting CXX compile features
[0.953s] -- Detecting CXX compile features - done
[0.958s] -- Found ament_cmake: 2.0.4 (/opt/ros/iron/share/ament_cmake/cmake)
[1.238s] -- Found Python3: /usr/bin/python3.10 (found version "3.10.12") found components: Interpreter 
[1.358s] -- Found ament_lint_auto: 0.14.3 (/opt/ros/iron/share/ament_lint_auto/cmake)
[1.443s] -- Added test 'cppcheck' to perform static code analysis on C / C++ code
[1.443s] -- Configured cppcheck include dirs: $<BUILD_INTERFACE:/home/plague/ros2_ws/src/my_package/include>
[1.443s] -- Configured cppcheck exclude dirs and/or files: 
[1.444s] -- Added test 'lint_cmake' to check CMake code style
[1.446s] -- Added test 'uncrustify' to check C / C++ code style
[1.446s] -- Configured uncrustify additional arguments: 
[1.447s] -- Added test 'xmllint' to check XML markup files
[1.448s] -- Configuring done
[1.452s] -- Generating done
[1.453s] -- Build files have been written to: /home/plague/ros2_ws/build/my_package
[1.457s] Invoked command in '/home/plague/ros2_ws/build/my_package' returned '0': CMAKE_PREFIX_PATH=${CMAKE_PREFIX_PATH}:/home/plague/ros2_ws/install/launch_testing_examples:/home/plague/ros2_ws/install/examples_rclpy_pointcloud_publisher:/home/plague/ros2_ws/install/examples_rclpy_minimal_subscriber:/home/plague/ros2_ws/install/examples_rclpy_minimal_service:/home/plague/ros2_ws/install/examples_rclpy_minimal_publisher:/home/plague/ros2_ws/install/examples_rclpy_minimal_client:/home/plague/ros2_ws/install/examples_rclpy_minimal_action_server:/home/plague/ros2_ws/install/examples_rclpy_minimal_action_client:/home/plague/ros2_ws/install/examples_rclpy_guard_conditions:/home/plague/ros2_ws/install/examples_rclpy_executors:/opt/ros/iron /usr/bin/cmake /home/plague/ros2_ws/src/my_package -DCMAKE_INSTALL_PREFIX=/home/plague/ros2_ws/install/my_package
[1.458s] Invoking command in '/home/plague/ros2_ws/build/my_package': CMAKE_PREFIX_PATH=${CMAKE_PREFIX_PATH}:/home/plague/ros2_ws/install/launch_testing_examples:/home/plague/ros2_ws/install/examples_rclpy_pointcloud_publisher:/home/plague/ros2_ws/install/examples_rclpy_minimal_subscriber:/home/plague/ros2_ws/install/examples_rclpy_minimal_service:/home/plague/ros2_ws/install/examples_rclpy_minimal_publisher:/home/plague/ros2_ws/install/examples_rclpy_minimal_client:/home/plague/ros2_ws/install/examples_rclpy_minimal_action_server:/home/plague/ros2_ws/install/examples_rclpy_minimal_action_client:/home/plague/ros2_ws/install/examples_rclpy_guard_conditions:/home/plague/ros2_ws/install/examples_rclpy_executors:/opt/ros/iron /usr/bin/cmake --build /home/plague/ros2_ws/build/my_package -- -j8 -l8
[1.499s] [ 50%] [32mBuilding CXX object CMakeFiles/my_node.dir/src/my_node.cpp.o[0m
[1.522s] [100%] [32m[1mLinking CXX executable my_node[0m
[1.558s] [100%] Built target my_node
[1.567s] Invoked command in '/home/plague/ros2_ws/build/my_package' returned '0': CMAKE_PREFIX_PATH=${CMAKE_PREFIX_PATH}:/home/plague/ros2_ws/install/launch_testing_examples:/home/plague/ros2_ws/install/examples_rclpy_pointcloud_publisher:/home/plague/ros2_ws/install/examples_rclpy_minimal_subscriber:/home/plague/ros2_ws/install/examples_rclpy_minimal_service:/home/plague/ros2_ws/install/examples_rclpy_minimal_publisher:/home/plague/ros2_ws/install/examples_rclpy_minimal_client:/home/plague/ros2_ws/install/examples_rclpy_minimal_action_server:/home/plague/ros2_ws/install/examples_rclpy_minimal_action_client:/home/plague/ros2_ws/install/examples_rclpy_guard_conditions:/home/plague/ros2_ws/install/examples_rclpy_executors:/opt/ros/iron /usr/bin/cmake --build /home/plague/ros2_ws/build/my_package -- -j8 -l8
[1.586s] Invoking command in '/home/plague/ros2_ws/build/my_package': CMAKE_PREFIX_PATH=${CMAKE_PREFIX_PATH}:/home/plague/ros2_ws/install/launch_testing_examples:/home/plague/ros2_ws/install/examples_rclpy_pointcloud_publisher:/home/plague/ros2_ws/install/examples_rclpy_minimal_subscriber:/home/plague/ros2_ws/install/examples_rclpy_minimal_service:/home/plague/ros2_ws/install/examples_rclpy_minimal_publisher:/home/plague/ros2_ws/install/examples_rclpy_minimal_client:/home/plague/ros2_ws/install/examples_rclpy_minimal_action_server:/home/plague/ros2_ws/install/examples_rclpy_minimal_action_client:/home/plague/ros2_ws/install/examples_rclpy_guard_conditions:/home/plague/ros2_ws/install/examples_rclpy_executors:/opt/ros/iron /usr/bin/cmake --install /home/plague/ros2_ws/build/my_package
[1.592s] -- Install configuration: ""
[1.592s] -- Installing: /home/plague/ros2_ws/install/my_package/lib/my_package/my_node
[1.592s] -- Installing: /home/plague/ros2_ws/install/my_package/share/ament_index/resource_index/package_run_dependencies/my_package
[1.592s] -- Installing: /home/plague/ros2_ws/install/my_package/share/ament_index/resource_index/parent_prefix_path/my_package
[1.592s] -- Installing: /home/plague/ros2_ws/install/my_package/share/my_package/environment/ament_prefix_path.sh
[1.592s] -- Installing: /home/plague/ros2_ws/install/my_package/share/my_package/environment/ament_prefix_path.dsv
[1.592s] -- Installing: /home/plague/ros2_ws/install/my_package/share/my_package/environment/path.sh
[1.592s] -- Installing: /home/plague/ros2_ws/install/my_package/share/my_package/environment/path.dsv
[1.593s] -- Installing: /home/plague/ros2_ws/install/my_package/share/my_package/local_setup.bash
[1.593s] -- Installing: /home/plague/ros2_ws/install/my_package/share/my_package/local_setup.sh
[1.593s] -- Installing: /home/plague/ros2_ws/install/my_package/share/my_package/local_setup.zsh
[1.593s] -- Installing: /home/plague/ros2_ws/install/my_package/share/my_package/local_setup.dsv
[1.593s] -- Installing: /home/plague/ros2_ws/install/my_package/share/my_package/package.dsv
[1.593s] -- Installing: /home/plague/ros2_ws/install/my_package/share/ament_index/resource_index/packages/my_package
[1.593s] -- Installing: /home/plague/ros2_ws/install/my_package/share/my_package/cmake/my_packageConfig.cmake
[1.593s] -- Installing: /home/plague/ros2_ws/install/my_package/share/my_package/cmake/my_packageConfig-version.cmake
[1.593s] -- Installing: /home/plague/ros2_ws/install/my_package/share/my_package/package.xml
[1.595s] Invoked command in '/home/plague/ros2_ws/build/my_package' returned '0': CMAKE_PREFIX_PATH=${CMAKE_PREFIX_PATH}:/home/plague/ros2_ws/install/launch_testing_examples:/home/plague/ros2_ws/install/examples_rclpy_pointcloud_publisher:/home/plague/ros2_ws/install/examples_rclpy_minimal_subscriber:/home/plague/ros2_ws/install/examples_rclpy_minimal_service:/home/plague/ros2_ws/install/examples_rclpy_minimal_publisher:/home/plague/ros2_ws/install/examples_rclpy_minimal_client:/home/plague/ros2_ws/install/examples_rclpy_minimal_action_server:/home/plague/ros2_ws/install/examples_rclpy_minimal_action_client:/home/plague/ros2_ws/install/examples_rclpy_guard_conditions:/home/plague/ros2_ws/install/examples_rclpy_executors:/opt/ros/iron /usr/bin/cmake --install /home/plague/ros2_ws/build/my_package
