[1.515s] Invoking command in '/home/plague/ros2_ws/build/examples_rclpy_minimal_action_server': PYTHONPATH=/home/plague/ros2_ws/build/examples_rclpy_minimal_action_server/prefix_override:/home/plague/ros2_ws/install/examples_rclpy_minimal_action_server/lib/python3.10/site-packages:${PYTHONPATH} /usr/bin/python3 -W ignore:setup.py install is deprecated setup.py develop --editable --build-directory /home/plague/ros2_ws/build/examples_rclpy_minimal_action_server/build --no-deps symlink_data
[2.115s] running develop
[2.115s] /usr/lib/python3/dist-packages/setuptools/command/easy_install.py:158: EasyInstallDeprecationWarning: easy_install command is deprecated. Use build and pip and other standards-based tools.
[2.115s]   warnings.warn(
[2.471s] running egg_info
[2.471s] creating examples_rclpy_minimal_action_server.egg-info
[2.471s] writing examples_rclpy_minimal_action_server.egg-info/PKG-INFO
[2.472s] writing dependency_links to examples_rclpy_minimal_action_server.egg-info/dependency_links.txt
[2.472s] writing entry points to examples_rclpy_minimal_action_server.egg-info/entry_points.txt
[2.472s] writing requirements to examples_rclpy_minimal_action_server.egg-info/requires.txt
[2.472s] writing top-level names to examples_rclpy_minimal_action_server.egg-info/top_level.txt
[2.473s] writing manifest file 'examples_rclpy_minimal_action_server.egg-info/SOURCES.txt'
[2.478s] reading manifest file 'examples_rclpy_minimal_action_server.egg-info/SOURCES.txt'
[2.480s] writing manifest file 'examples_rclpy_minimal_action_server.egg-info/SOURCES.txt'
[2.483s] running build_ext
[2.483s] Creating /home/plague/ros2_ws/install/examples_rclpy_minimal_action_server/lib/python3.10/site-packages/examples-rclpy-minimal-action-server.egg-link (link to .)
[2.484s] Installing server script to /home/plague/ros2_ws/install/examples_rclpy_minimal_action_server/lib/examples_rclpy_minimal_action_server
[2.484s] Installing server_defer script to /home/plague/ros2_ws/install/examples_rclpy_minimal_action_server/lib/examples_rclpy_minimal_action_server
[2.485s] Installing server_not_composable script to /home/plague/ros2_ws/install/examples_rclpy_minimal_action_server/lib/examples_rclpy_minimal_action_server
[2.485s] Installing server_queue_goals script to /home/plague/ros2_ws/install/examples_rclpy_minimal_action_server/lib/examples_rclpy_minimal_action_server
[2.485s] Installing server_single_goal script to /home/plague/ros2_ws/install/examples_rclpy_minimal_action_server/lib/examples_rclpy_minimal_action_server
[2.485s] 
[2.485s] Installed /home/plague/ros2_ws/build/examples_rclpy_minimal_action_server
[2.485s] running symlink_data
[2.485s] creating /home/plague/ros2_ws/install/examples_rclpy_minimal_action_server/share/ament_index
[2.486s] creating /home/plague/ros2_ws/install/examples_rclpy_minimal_action_server/share/ament_index/resource_index
[2.486s] creating /home/plague/ros2_ws/install/examples_rclpy_minimal_action_server/share/ament_index/resource_index/packages
[2.486s] symbolically linking /home/plague/ros2_ws/build/examples_rclpy_minimal_action_server/resource/examples_rclpy_minimal_action_server -> /home/plague/ros2_ws/install/examples_rclpy_minimal_action_server/share/ament_index/resource_index/packages
[2.486s] symbolically linking /home/plague/ros2_ws/build/examples_rclpy_minimal_action_server/package.xml -> /home/plague/ros2_ws/install/examples_rclpy_minimal_action_server/share/examples_rclpy_minimal_action_server
[2.588s] Invoked command in '/home/plague/ros2_ws/build/examples_rclpy_minimal_action_server' returned '0': PYTHONPATH=/home/plague/ros2_ws/build/examples_rclpy_minimal_action_server/prefix_override:/home/plague/ros2_ws/install/examples_rclpy_minimal_action_server/lib/python3.10/site-packages:${PYTHONPATH} /usr/bin/python3 -W ignore:setup.py install is deprecated setup.py develop --editable --build-directory /home/plague/ros2_ws/build/examples_rclpy_minimal_action_server/build --no-deps symlink_data
